SF:/Users/roymoran/docs/src/projectunicorn/pub-api/src/Pub/Infrastructure/Persistence/DatabaseContext.cs
FN:13,Microsoft.EntityFrameworkCore.DbSet`1<Infrastructure.Persistence.Entities.UserEntity> Infrastructure.Persistence.DatabaseContext::get_Users()
FNDA:0,Microsoft.EntityFrameworkCore.DbSet`1<Infrastructure.Persistence.Entities.UserEntity> Infrastructure.Persistence.DatabaseContext::get_Users()
DA:14,0
FN:14,Microsoft.EntityFrameworkCore.DbSet`1<Infrastructure.Persistence.Entities.ProjectTypeEntity> Infrastructure.Persistence.DatabaseContext::get_ProjectTypes()
FNDA:0,Microsoft.EntityFrameworkCore.DbSet`1<Infrastructure.Persistence.Entities.ProjectTypeEntity> Infrastructure.Persistence.DatabaseContext::get_ProjectTypes()
DA:15,0
FN:15,Microsoft.EntityFrameworkCore.DbSet`1<Infrastructure.Persistence.Entities.ProjectEntity> Infrastructure.Persistence.DatabaseContext::get_Projects()
FNDA:0,Microsoft.EntityFrameworkCore.DbSet`1<Infrastructure.Persistence.Entities.ProjectEntity> Infrastructure.Persistence.DatabaseContext::get_Projects()
DA:16,0
FN:16,Microsoft.EntityFrameworkCore.DbSet`1<Infrastructure.Persistence.Entities.ProjectUserEntity> Infrastructure.Persistence.DatabaseContext::get_ProjectUsers()
FNDA:0,Microsoft.EntityFrameworkCore.DbSet`1<Infrastructure.Persistence.Entities.ProjectUserEntity> Infrastructure.Persistence.DatabaseContext::get_ProjectUsers()
DA:17,0
FN:17,Microsoft.EntityFrameworkCore.DbSet`1<Infrastructure.Persistence.Entities.CommunicationPlatformTypeEntity> Infrastructure.Persistence.DatabaseContext::get_CommunicationPlatforms()
FNDA:0,Microsoft.EntityFrameworkCore.DbSet`1<Infrastructure.Persistence.Entities.CommunicationPlatformTypeEntity> Infrastructure.Persistence.DatabaseContext::get_CommunicationPlatforms()
DA:18,0
FN:18,Microsoft.EntityFrameworkCore.DbSet`1<Infrastructure.Persistence.Entities.TechnologyEntity> Infrastructure.Persistence.DatabaseContext::get_Technologies()
FNDA:0,Microsoft.EntityFrameworkCore.DbSet`1<Infrastructure.Persistence.Entities.TechnologyEntity> Infrastructure.Persistence.DatabaseContext::get_Technologies()
DA:19,0
FN:19,Microsoft.EntityFrameworkCore.DbSet`1<Infrastructure.Persistence.Entities.ChatAppUserEntity> Infrastructure.Persistence.DatabaseContext::get_ChatAppUsers()
FNDA:0,Microsoft.EntityFrameworkCore.DbSet`1<Infrastructure.Persistence.Entities.ChatAppUserEntity> Infrastructure.Persistence.DatabaseContext::get_ChatAppUsers()
DA:20,0
FN:22,System.Void Infrastructure.Persistence.DatabaseContext::OnModelCreating(Microsoft.EntityFrameworkCore.ModelBuilder)
FNDA:0,System.Void Infrastructure.Persistence.DatabaseContext::OnModelCreating(Microsoft.EntityFrameworkCore.ModelBuilder)
DA:23,0
DA:24,0
DA:25,0
DA:26,0
DA:27,0
DA:28,0
DA:29,0
DA:30,0
FN:8,System.Void Infrastructure.Persistence.DatabaseContext::.ctor(Microsoft.EntityFrameworkCore.DbContextOptions`1<Infrastructure.Persistence.DatabaseContext>)
FNDA:0,System.Void Infrastructure.Persistence.DatabaseContext::.ctor(Microsoft.EntityFrameworkCore.DbContextOptions`1<Infrastructure.Persistence.DatabaseContext>)
DA:9,0
DA:10,0
DA:12,0
LF:18
LH:0
BRF:0
BRH:0
FNF:9
FNH:0
end_of_record
SF:/Users/roymoran/docs/src/projectunicorn/pub-api/src/Pub/Infrastructure/Persistence/DatabaseContextFactory.cs
FN:10,Infrastructure.Persistence.DatabaseContext Infrastructure.Persistence.DatabaseContextFactory::CreateDbContext(System.String[])
FNDA:0,Infrastructure.Persistence.DatabaseContext Infrastructure.Persistence.DatabaseContextFactory::CreateDbContext(System.String[])
DA:11,0
DA:12,0
DA:13,0
DA:14,0
DA:15,0
LF:5
LH:0
BRF:0
BRH:0
FNF:1
FNH:0
end_of_record
SF:/Users/roymoran/docs/src/projectunicorn/pub-api/src/Pub/Infrastructure/Persistence/SeedData.cs
FN:11,System.Void Infrastructure.Persistence.SeedData::SeedAll(Microsoft.EntityFrameworkCore.ModelBuilder,System.String)
FNDA:0,System.Void Infrastructure.Persistence.SeedData::SeedAll(Microsoft.EntityFrameworkCore.ModelBuilder,System.String)
DA:12,0
DA:13,0
DA:14,0
DA:15,0
DA:16,0
DA:18,0
DA:19,0
DA:20,0
BRDA:13,14,0,0
BRDA:13,14,1,0
FN:22,System.Void Infrastructure.Persistence.SeedData::SeedUsers(Microsoft.EntityFrameworkCore.ModelBuilder)
FNDA:0,System.Void Infrastructure.Persistence.SeedData::SeedUsers(Microsoft.EntityFrameworkCore.ModelBuilder)
DA:23,0
DA:25,0
FN:27,System.Void Infrastructure.Persistence.SeedData::SeedProjectTypes(Microsoft.EntityFrameworkCore.ModelBuilder)
FNDA:0,System.Void Infrastructure.Persistence.SeedData::SeedProjectTypes(Microsoft.EntityFrameworkCore.ModelBuilder)
DA:28,0
DA:29,0
DA:30,0
FN:32,System.Void Infrastructure.Persistence.SeedData::SeedCommunicationPlatformTypes(Microsoft.EntityFrameworkCore.ModelBuilder)
FNDA:0,System.Void Infrastructure.Persistence.SeedData::SeedCommunicationPlatformTypes(Microsoft.EntityFrameworkCore.ModelBuilder)
DA:33,0
DA:34,0
DA:35,0
FN:37,System.Collections.Generic.List`1<Infrastructure.Persistence.Entities.ProjectTypeEntity> Infrastructure.Persistence.SeedData::GetProjectTypeSeedData()
FNDA:0,System.Collections.Generic.List`1<Infrastructure.Persistence.Entities.ProjectTypeEntity> Infrastructure.Persistence.SeedData::GetProjectTypeSeedData()
DA:38,0
DA:39,0
DA:40,0
DA:41,0
DA:42,0
DA:43,0
DA:44,0
DA:45,0
DA:46,0
DA:47,0
DA:48,0
DA:49,0
DA:50,0
DA:51,0
DA:52,0
DA:53,0
DA:54,0
DA:55,0
DA:56,0
DA:57,0
DA:58,0
DA:59,0
DA:60,0
DA:61,0
DA:62,0
DA:63,0
DA:64,0
DA:65,0
DA:66,0
DA:67,0
DA:68,0
DA:69,0
DA:70,0
DA:71,0
DA:72,0
DA:73,0
DA:74,0
DA:75,0
DA:76,0
DA:77,0
DA:78,0
DA:79,0
DA:81,0
DA:82,0
FN:84,System.Collections.Generic.List`1<Infrastructure.Persistence.Entities.CommunicationPlatformTypeEntity> Infrastructure.Persistence.SeedData::GetCommunicationPlatformSeedData()
FNDA:0,System.Collections.Generic.List`1<Infrastructure.Persistence.Entities.CommunicationPlatformTypeEntity> Infrastructure.Persistence.SeedData::GetCommunicationPlatformSeedData()
DA:85,0
DA:86,0
DA:87,0
DA:88,0
DA:89,0
DA:90,0
DA:92,0
DA:93,0
LF:68
LH:0
BRF:2
BRH:0
FNF:6
FNH:0
end_of_record
SF:/Users/roymoran/docs/src/projectunicorn/pub-api/src/Pub/Infrastructure/Persistence/TableStorage/MailConfigEntity.cs
FN:18,System.String Infrastructure.Persistence.TableStorage.MailConfigEntity::get_Name()
FNDA:0,System.String Infrastructure.Persistence.TableStorage.MailConfigEntity::get_Name()
DA:19,0
FN:19,Common.DTOs.MailDTOs.MailType Infrastructure.Persistence.TableStorage.MailConfigEntity::get_Type()
FNDA:0,Common.DTOs.MailDTOs.MailType Infrastructure.Persistence.TableStorage.MailConfigEntity::get_Type()
DA:20,0
FN:20,System.String Infrastructure.Persistence.TableStorage.MailConfigEntity::get_TemplateId()
FNDA:0,System.String Infrastructure.Persistence.TableStorage.MailConfigEntity::get_TemplateId()
DA:21,0
FN:21,System.Int32 Infrastructure.Persistence.TableStorage.MailConfigEntity::get_IntervalSeconds()
FNDA:0,System.Int32 Infrastructure.Persistence.TableStorage.MailConfigEntity::get_IntervalSeconds()
DA:22,0
FN:22,System.Nullable`1<System.DateTimeOffset> Infrastructure.Persistence.TableStorage.MailConfigEntity::get_LastSend()
FNDA:0,System.Nullable`1<System.DateTimeOffset> Infrastructure.Persistence.TableStorage.MailConfigEntity::get_LastSend()
DA:23,0
FN:23,System.Nullable`1<System.DateTimeOffset> Infrastructure.Persistence.TableStorage.MailConfigEntity::get_NextSend()
FNDA:0,System.Nullable`1<System.DateTimeOffset> Infrastructure.Persistence.TableStorage.MailConfigEntity::get_NextSend()
DA:24,0
FN:8,System.Void Infrastructure.Persistence.TableStorage.MailConfigEntity::.ctor()
FNDA:0,System.Void Infrastructure.Persistence.TableStorage.MailConfigEntity::.ctor()
DA:9,0
DA:10,0
DA:11,0
FN:12,System.Void Infrastructure.Persistence.TableStorage.MailConfigEntity::.ctor(System.String)
FNDA:0,System.Void Infrastructure.Persistence.TableStorage.MailConfigEntity::.ctor(System.String)
DA:13,0
DA:14,0
DA:15,0
DA:16,0
DA:17,0
LF:14
LH:0
BRF:0
BRH:0
FNF:8
FNH:0
end_of_record
SF:/Users/roymoran/docs/src/projectunicorn/pub-api/src/Pub/Infrastructure/Persistence/TableStorage/MailConfigStorage.cs
FN:49,Common.DTOs.MailDTOs.MailConfigDto Infrastructure.Persistence.TableStorage.MailConfigStorage::MapToMailConfigDto(Infrastructure.Persistence.TableStorage.MailConfigEntity)
FNDA:0,Common.DTOs.MailDTOs.MailConfigDto Infrastructure.Persistence.TableStorage.MailConfigStorage::MapToMailConfigDto(Infrastructure.Persistence.TableStorage.MailConfigEntity)
DA:50,0
DA:51,0
DA:52,0
DA:53,0
FN:55,Infrastructure.Persistence.TableStorage.MailConfigEntity Infrastructure.Persistence.TableStorage.MailConfigStorage::MapToMailEntity(Common.DTOs.MailDTOs.MailConfigDto)
FNDA:0,Infrastructure.Persistence.TableStorage.MailConfigEntity Infrastructure.Persistence.TableStorage.MailConfigStorage::MapToMailEntity(Common.DTOs.MailDTOs.MailConfigDto)
DA:56,0
DA:57,0
DA:58,0
DA:59,0
DA:60,0
DA:61,0
DA:62,0
DA:63,0
DA:64,0
DA:65,0
FN:14,System.Void Infrastructure.Persistence.TableStorage.MailConfigStorage::.ctor(System.String,System.String)
FNDA:0,System.Void Infrastructure.Persistence.TableStorage.MailConfigStorage::.ctor(System.String,System.String)
DA:15,0
DA:16,0
DA:17,0
DA:18,0
DA:19,0
DA:20,0
DA:21,0
DA:22,0
FN:24,System.Void Infrastructure.Persistence.TableStorage.MailConfigStorage/<LoadConfig>d__3::MoveNext()
FNDA:0,System.Void Infrastructure.Persistence.TableStorage.MailConfigStorage/<LoadConfig>d__3::MoveNext()
DA:25,0
DA:26,0
DA:27,0
DA:28,0
DA:29,0
DA:30,0
DA:31,0
DA:32,0
DA:35,0
DA:36,0
DA:38,0
BRDA:29,215,0,0
BRDA:29,215,1,0
FN:40,System.Void Infrastructure.Persistence.TableStorage.MailConfigStorage/<InsertOrUpdateConfig>d__4::MoveNext()
FNDA:0,System.Void Infrastructure.Persistence.TableStorage.MailConfigStorage/<InsertOrUpdateConfig>d__4::MoveNext()
DA:41,0
DA:42,0
DA:43,0
DA:44,0
DA:45,0
DA:46,0
DA:47,0
LF:40
LH:0
BRF:2
BRH:0
FNF:5
FNH:0
end_of_record
SF:/Users/roymoran/docs/src/projectunicorn/pub-api/src/Pub/Infrastructure/Persistence/TableStorage/Storage.cs
FN:11,System.Void Infrastructure.Persistence.TableStorage.Storage`1::.ctor(System.String,System.String)
FNDA:0,System.Void Infrastructure.Persistence.TableStorage.Storage`1::.ctor(System.String,System.String)
DA:12,0
DA:13,0
DA:14,0
DA:15,0
DA:16,0
DA:17,0
DA:18,0
FN:20,System.Void Infrastructure.Persistence.TableStorage.Storage`1/<RetrieveEntity>d__2::MoveNext()
FNDA:0,System.Void Infrastructure.Persistence.TableStorage.Storage`1/<RetrieveEntity>d__2::MoveNext()
DA:21,0
DA:22,0
DA:23,0
DA:24,0
DA:25,0
DA:26,0
FN:28,System.Void Infrastructure.Persistence.TableStorage.Storage`1/<InsertOrMerge>d__3::MoveNext()
FNDA:0,System.Void Infrastructure.Persistence.TableStorage.Storage`1/<InsertOrMerge>d__3::MoveNext()
DA:29,0
DA:30,0
DA:31,0
DA:32,0
DA:33,0
DA:34,0
LF:19
LH:0
BRF:0
BRH:0
FNF:3
FNH:0
end_of_record
SF:/Users/roymoran/docs/src/projectunicorn/pub-api/src/Pub/Infrastructure/Persistence/Migrations/20190910053423_InitialCreate.cs
FN:8,System.Void Infrastructure.Persistence.Migrations.InitialCreate::Up(Microsoft.EntityFrameworkCore.Migrations.MigrationBuilder)
FNDA:0,System.Void Infrastructure.Persistence.Migrations.InitialCreate::Up(Microsoft.EntityFrameworkCore.Migrations.MigrationBuilder)
DA:9,0
DA:10,0
DA:11,0
DA:12,0
DA:13,0
DA:14,0
DA:15,0
DA:16,0
DA:17,0
DA:18,0
DA:19,0
DA:20,0
DA:21,0
DA:22,0
DA:23,0
DA:24,0
DA:25,0
DA:26,0
DA:27,0
DA:28,0
DA:30,0
DA:31,0
DA:32,0
DA:33,0
DA:34,0
DA:36,0
DA:37,0
DA:38,0
DA:39,0
DA:40,0
DA:41,0
FN:43,System.Void Infrastructure.Persistence.Migrations.InitialCreate::Down(Microsoft.EntityFrameworkCore.Migrations.MigrationBuilder)
FNDA:0,System.Void Infrastructure.Persistence.Migrations.InitialCreate::Down(Microsoft.EntityFrameworkCore.Migrations.MigrationBuilder)
DA:44,0
DA:45,0
DA:46,0
DA:47,0
LF:35
LH:0
BRF:0
BRH:0
FNF:2
FNH:0
end_of_record
SF:/Users/roymoran/docs/src/projectunicorn/pub-api/src/Pub/Infrastructure/Persistence/Migrations/20190910053423_InitialCreate.Designer.cs
FN:15,System.Void Infrastructure.Persistence.Migrations.InitialCreate::BuildTargetModel(Microsoft.EntityFrameworkCore.ModelBuilder)
FNDA:0,System.Void Infrastructure.Persistence.Migrations.InitialCreate::BuildTargetModel(Microsoft.EntityFrameworkCore.ModelBuilder)
DA:16,0
DA:18,0
DA:19,0
DA:20,0
DA:22,0
DA:23,0
DA:24,0
DA:25,0
DA:26,0
DA:27,0
DA:28,0
DA:29,0
DA:30,0
DA:31,0
DA:32,0
DA:33,0
DA:34,0
DA:35,0
DA:36,0
DA:37,0
DA:38,0
DA:39,0
DA:40,0
DA:41,0
DA:42,0
DA:43,0
DA:44,0
DA:45,0
DA:46,0
DA:47,0
DA:48,0
DA:49,0
DA:50,0
DA:51,0
DA:52,0
DA:53,0
DA:54,0
DA:56,0
LF:38
LH:0
BRF:0
BRH:0
FNF:1
FNH:0
end_of_record
SF:/Users/roymoran/docs/src/projectunicorn/pub-api/src/Pub/Infrastructure/Persistence/Migrations/20190925041752_AddProjectTypes.cs
FN:8,System.Void Infrastructure.Persistence.Migrations.AddProjectTypes::Up(Microsoft.EntityFrameworkCore.Migrations.MigrationBuilder)
FNDA:0,System.Void Infrastructure.Persistence.Migrations.AddProjectTypes::Up(Microsoft.EntityFrameworkCore.Migrations.MigrationBuilder)
DA:9,0
DA:10,0
DA:11,0
DA:12,0
DA:13,0
DA:14,0
DA:15,0
DA:16,0
DA:17,0
DA:18,0
DA:19,0
DA:20,0
DA:21,0
DA:22,0
DA:24,0
DA:25,0
DA:26,0
DA:27,0
DA:28,0
DA:29,0
DA:30,0
DA:31,0
DA:32,0
DA:33,0
DA:34,0
DA:35,0
DA:36,0
DA:37,0
DA:38,0
DA:39,0
DA:40,0
DA:41,0
DA:42,0
DA:43,0
DA:44,0
DA:45,0
DA:46,0
DA:47,0
DA:48,0
DA:49,0
DA:50,0
DA:51,0
DA:52,0
DA:53,0
DA:54,0
DA:55,0
DA:56,0
DA:57,0
DA:58,0
DA:59,0
DA:60,0
DA:61,0
DA:62,0
DA:63,0
DA:64,0
DA:65,0
DA:66,0
DA:67,0
DA:68,0
DA:69,0
FN:71,System.Void Infrastructure.Persistence.Migrations.AddProjectTypes::Down(Microsoft.EntityFrameworkCore.Migrations.MigrationBuilder)
FNDA:0,System.Void Infrastructure.Persistence.Migrations.AddProjectTypes::Down(Microsoft.EntityFrameworkCore.Migrations.MigrationBuilder)
DA:72,0
DA:73,0
DA:74,0
DA:75,0
LF:64
LH:0
BRF:0
BRH:0
FNF:2
FNH:0
end_of_record
SF:/Users/roymoran/docs/src/projectunicorn/pub-api/src/Pub/Infrastructure/Persistence/Migrations/20190925041752_AddProjectTypes.Designer.cs
FN:15,System.Void Infrastructure.Persistence.Migrations.AddProjectTypes::BuildTargetModel(Microsoft.EntityFrameworkCore.ModelBuilder)
FNDA:0,System.Void Infrastructure.Persistence.Migrations.AddProjectTypes::BuildTargetModel(Microsoft.EntityFrameworkCore.ModelBuilder)
DA:16,0
DA:18,0
DA:19,0
DA:20,0
DA:22,0
DA:23,0
DA:24,0
DA:25,0
DA:26,0
DA:27,0
DA:28,0
DA:29,0
DA:30,0
DA:31,0
DA:32,0
DA:33,0
DA:34,0
DA:35,0
DA:36,0
DA:37,0
DA:38,0
DA:39,0
DA:40,0
DA:41,0
DA:42,0
DA:43,0
DA:44,0
DA:45,0
DA:46,0
DA:47,0
DA:48,0
DA:49,0
DA:50,0
DA:51,0
DA:52,0
DA:53,0
DA:54,0
DA:55,0
DA:56,0
DA:57,0
DA:58,0
DA:59,0
DA:60,0
DA:61,0
DA:62,0
DA:63,0
DA:64,0
DA:65,0
DA:66,0
DA:67,0
DA:68,0
DA:69,0
DA:70,0
DA:71,0
DA:72,0
DA:73,0
DA:74,0
DA:75,0
DA:76,0
DA:77,0
DA:78,0
DA:79,0
DA:80,0
DA:81,0
DA:82,0
DA:83,0
DA:84,0
DA:85,0
DA:86,0
DA:87,0
DA:88,0
DA:89,0
DA:90,0
DA:91,0
DA:92,0
DA:93,0
DA:94,0
DA:95,0
DA:96,0
DA:97,0
DA:98,0
DA:99,0
DA:100,0
DA:101,0
DA:102,0
DA:103,0
DA:104,0
DA:105,0
DA:106,0
DA:107,0
DA:108,0
DA:109,0
DA:110,0
DA:111,0
DA:112,0
DA:113,0
DA:114,0
DA:115,0
DA:116,0
DA:117,0
DA:118,0
DA:119,0
DA:120,0
DA:121,0
DA:122,0
DA:123,0
DA:124,0
DA:125,0
DA:126,0
DA:127,0
DA:128,0
DA:129,0
DA:130,0
DA:131,0
DA:132,0
DA:133,0
DA:134,0
DA:135,0
DA:136,0
DA:137,0
DA:138,0
DA:139,0
DA:140,0
DA:141,0
DA:142,0
DA:143,0
DA:144,0
DA:145,0
DA:146,0
DA:147,0
DA:148,0
DA:149,0
DA:150,0
DA:151,0
DA:152,0
DA:153,0
DA:154,0
DA:155,0
DA:156,0
DA:157,0
DA:158,0
DA:159,0
DA:160,0
DA:161,0
DA:162,0
DA:163,0
DA:164,0
DA:165,0
DA:166,0
DA:167,0
DA:168,0
DA:169,0
DA:170,0
DA:171,0
DA:172,0
DA:173,0
DA:174,0
DA:175,0
DA:176,0
DA:177,0
DA:178,0
DA:179,0
DA:180,0
DA:181,0
DA:182,0
DA:183,0
DA:184,0
DA:185,0
DA:186,0
DA:187,0
DA:188,0
DA:189,0
DA:190,0
DA:191,0
DA:192,0
DA:193,0
DA:194,0
DA:195,0
DA:196,0
DA:197,0
DA:198,0
DA:199,0
DA:200,0
DA:201,0
DA:202,0
DA:203,0
DA:204,0
DA:205,0
DA:206,0
DA:207,0
DA:208,0
DA:209,0
DA:210,0
DA:211,0
DA:212,0
DA:213,0
DA:214,0
DA:215,0
DA:216,0
DA:217,0
DA:218,0
DA:219,0
DA:220,0
DA:221,0
DA:222,0
DA:223,0
DA:224,0
DA:225,0
DA:226,0
DA:227,0
DA:228,0
DA:229,0
DA:230,0
DA:231,0
DA:232,0
DA:233,0
DA:234,0
DA:235,0
DA:236,0
DA:237,0
DA:238,0
DA:239,0
DA:240,0
DA:241,0
DA:242,0
DA:243,0
DA:244,0
DA:245,0
DA:246,0
DA:247,0
DA:248,0
DA:249,0
DA:250,0
DA:251,0
DA:252,0
DA:253,0
DA:254,0
DA:255,0
DA:256,0
DA:257,0
DA:258,0
DA:259,0
DA:260,0
DA:261,0
DA:262,0
DA:263,0
DA:264,0
DA:265,0
DA:266,0
DA:267,0
DA:268,0
DA:269,0
DA:270,0
DA:271,0
DA:272,0
DA:273,0
DA:274,0
DA:275,0
DA:276,0
DA:277,0
DA:278,0
DA:279,0
DA:280,0
DA:281,0
DA:282,0
DA:283,0
DA:284,0
DA:285,0
DA:286,0
DA:287,0
DA:288,0
DA:289,0
DA:290,0
DA:291,0
DA:292,0
DA:293,0
DA:294,0
DA:295,0
DA:296,0
DA:297,0
DA:298,0
DA:299,0
DA:300,0
DA:301,0
DA:302,0
DA:303,0
DA:304,0
DA:305,0
DA:306,0
DA:307,0
DA:308,0
DA:309,0
DA:310,0
DA:311,0
DA:313,0
DA:314,0
DA:315,0
DA:316,0
DA:317,0
DA:318,0
DA:319,0
DA:320,0
DA:321,0
DA:322,0
DA:323,0
DA:324,0
DA:325,0
DA:326,0
DA:327,0
DA:328,0
DA:329,0
DA:330,0
DA:331,0
DA:332,0
DA:333,0
DA:334,0
DA:335,0
DA:336,0
DA:337,0
DA:338,0
DA:339,0
DA:340,0
DA:341,0
DA:342,0
DA:343,0
DA:344,0
DA:345,0
DA:347,0
LF:328
LH:0
BRF:0
BRH:0
FNF:1
FNH:0
end_of_record
SF:/Users/roymoran/docs/src/projectunicorn/pub-api/src/Pub/Infrastructure/Persistence/Migrations/20190926090724_AddProjectAndAssociatedTables.cs
FN:8,System.Void Infrastructure.Persistence.Migrations.AddProjectAndAssociatedTables::Up(Microsoft.EntityFrameworkCore.Migrations.MigrationBuilder)
FNDA:0,System.Void Infrastructure.Persistence.Migrations.AddProjectAndAssociatedTables::Up(Microsoft.EntityFrameworkCore.Migrations.MigrationBuilder)
DA:9,0
DA:10,0
DA:11,0
DA:12,0
DA:13,0
DA:14,0
DA:15,0
DA:16,0
DA:17,0
DA:18,0
DA:19,0
DA:20,0
DA:21,0
DA:22,0
DA:24,0
DA:25,0
DA:26,0
DA:27,0
DA:28,0
DA:29,0
DA:30,0
DA:31,0
DA:32,0
DA:33,0
DA:34,0
DA:35,0
DA:36,0
DA:37,0
DA:38,0
DA:39,0
DA:40,0
DA:41,0
DA:42,0
DA:43,0
DA:45,0
DA:46,0
DA:47,0
DA:48,0
DA:49,0
DA:50,0
DA:51,0
DA:52,0
DA:53,0
DA:54,0
DA:55,0
DA:56,0
DA:57,0
DA:58,0
DA:59,0
DA:60,0
DA:61,0
DA:62,0
DA:63,0
DA:64,0
DA:65,0
DA:66,0
DA:67,0
DA:68,0
DA:69,0
DA:70,0
DA:71,0
DA:73,0
DA:74,0
DA:75,0
DA:76,0
DA:77,0
DA:78,0
DA:79,0
DA:80,0
DA:81,0
DA:82,0
DA:83,0
DA:84,0
DA:85,0
DA:86,0
DA:87,0
DA:88,0
DA:89,0
DA:90,0
DA:91,0
DA:92,0
DA:93,0
DA:94,0
DA:95,0
DA:96,0
DA:97,0
DA:98,0
DA:99,0
DA:101,0
DA:102,0
DA:103,0
DA:104,0
DA:105,0
DA:106,0
DA:107,0
DA:108,0
DA:110,0
DA:111,0
DA:112,0
DA:113,0
DA:114,0
DA:115,0
DA:117,0
DA:118,0
DA:119,0
DA:120,0
DA:121,0
DA:122,0
DA:124,0
DA:125,0
DA:126,0
DA:127,0
DA:128,0
DA:129,0
DA:131,0
DA:132,0
DA:133,0
DA:134,0
DA:135,0
DA:136,0
DA:138,0
DA:139,0
DA:140,0
DA:141,0
DA:142,0
DA:143,0
DA:145,0
DA:146,0
DA:147,0
DA:148,0
DA:149,0
DA:150,0
DA:152,0
DA:153,0
DA:154,0
DA:155,0
DA:156,0
DA:157,0
DA:159,0
DA:160,0
DA:161,0
DA:162,0
DA:163,0
DA:164,0
DA:166,0
DA:167,0
DA:168,0
DA:169,0
DA:170,0
DA:171,0
DA:173,0
DA:174,0
DA:175,0
DA:176,0
DA:177,0
DA:178,0
DA:180,0
DA:181,0
DA:182,0
DA:183,0
DA:184,0
DA:185,0
DA:187,0
DA:188,0
DA:189,0
DA:190,0
DA:191,0
DA:192,0
DA:194,0
DA:195,0
DA:196,0
DA:197,0
DA:198,0
DA:199,0
DA:201,0
DA:202,0
DA:203,0
DA:204,0
DA:205,0
DA:206,0
DA:208,0
DA:209,0
DA:210,0
DA:211,0
DA:212,0
DA:213,0
DA:215,0
DA:216,0
DA:217,0
DA:218,0
DA:219,0
DA:220,0
DA:222,0
DA:223,0
DA:224,0
DA:225,0
DA:226,0
DA:227,0
DA:229,0
DA:230,0
DA:231,0
DA:232,0
DA:233,0
DA:234,0
DA:236,0
DA:237,0
DA:238,0
DA:239,0
DA:240,0
DA:241,0
DA:243,0
DA:244,0
DA:245,0
DA:246,0
DA:247,0
DA:248,0
DA:250,0
DA:251,0
DA:252,0
DA:253,0
DA:254,0
DA:255,0
DA:257,0
DA:258,0
DA:259,0
DA:260,0
DA:261,0
DA:262,0
DA:264,0
DA:265,0
DA:266,0
DA:267,0
DA:268,0
DA:269,0
DA:271,0
DA:272,0
DA:273,0
DA:274,0
DA:275,0
DA:276,0
DA:278,0
DA:279,0
DA:280,0
DA:281,0
DA:282,0
DA:283,0
DA:285,0
DA:286,0
DA:287,0
DA:288,0
DA:289,0
DA:290,0
DA:292,0
DA:293,0
DA:294,0
DA:295,0
DA:296,0
DA:297,0
DA:299,0
DA:300,0
DA:301,0
DA:302,0
DA:303,0
DA:304,0
DA:306,0
DA:307,0
DA:308,0
DA:309,0
DA:310,0
DA:311,0
DA:313,0
DA:314,0
DA:315,0
DA:316,0
DA:317,0
DA:318,0
DA:320,0
DA:321,0
DA:322,0
DA:323,0
DA:324,0
DA:325,0
DA:327,0
DA:328,0
DA:329,0
DA:330,0
DA:331,0
DA:332,0
DA:334,0
DA:335,0
DA:336,0
DA:337,0
DA:338,0
DA:339,0
DA:341,0
DA:342,0
DA:343,0
DA:344,0
DA:345,0
DA:346,0
DA:348,0
DA:349,0
DA:350,0
DA:351,0
DA:352,0
DA:353,0
DA:355,0
DA:356,0
DA:357,0
DA:358,0
DA:359,0
DA:360,0
DA:362,0
DA:363,0
DA:364,0
DA:365,0
DA:366,0
DA:367,0
DA:369,0
DA:370,0
DA:371,0
DA:372,0
DA:373,0
DA:374,0
DA:376,0
DA:377,0
DA:378,0
DA:379,0
DA:380,0
DA:381,0
DA:383,0
DA:384,0
DA:385,0
DA:386,0
DA:388,0
DA:389,0
DA:390,0
DA:391,0
DA:393,0
DA:394,0
DA:395,0
DA:396,0
DA:398,0
DA:399,0
DA:400,0
DA:401,0
DA:402,0
FN:404,System.Void Infrastructure.Persistence.Migrations.AddProjectAndAssociatedTables::Down(Microsoft.EntityFrameworkCore.Migrations.MigrationBuilder)
FNDA:0,System.Void Infrastructure.Persistence.Migrations.AddProjectAndAssociatedTables::Down(Microsoft.EntityFrameworkCore.Migrations.MigrationBuilder)
DA:405,0
DA:406,0
DA:407,0
DA:409,0
DA:410,0
DA:412,0
DA:413,0
DA:415,0
DA:416,0
DA:418,0
DA:419,0
DA:420,0
DA:421,0
DA:422,0
DA:423,0
DA:425,0
DA:426,0
DA:427,0
DA:428,0
DA:429,0
DA:430,0
DA:432,0
DA:433,0
DA:434,0
DA:435,0
DA:436,0
DA:437,0
DA:439,0
DA:440,0
DA:441,0
DA:442,0
DA:443,0
DA:444,0
DA:446,0
DA:447,0
DA:448,0
DA:449,0
DA:450,0
DA:451,0
DA:453,0
DA:454,0
DA:455,0
DA:456,0
DA:457,0
DA:458,0
DA:460,0
DA:461,0
DA:462,0
DA:463,0
DA:464,0
DA:465,0
DA:467,0
DA:468,0
DA:469,0
DA:470,0
DA:471,0
DA:472,0
DA:474,0
DA:475,0
DA:476,0
DA:477,0
DA:478,0
DA:479,0
DA:481,0
DA:482,0
DA:483,0
DA:484,0
DA:485,0
DA:486,0
DA:488,0
DA:489,0
DA:490,0
DA:491,0
DA:492,0
DA:493,0
DA:495,0
DA:496,0
DA:497,0
DA:498,0
DA:499,0
DA:500,0
DA:502,0
DA:503,0
DA:504,0
DA:505,0
DA:506,0
DA:507,0
DA:509,0
DA:510,0
DA:511,0
DA:512,0
DA:513,0
DA:514,0
DA:516,0
DA:517,0
DA:518,0
DA:519,0
DA:520,0
DA:521,0
DA:523,0
DA:524,0
DA:525,0
DA:526,0
DA:527,0
DA:528,0
DA:530,0
DA:531,0
DA:532,0
DA:533,0
DA:534,0
DA:535,0
DA:537,0
DA:538,0
DA:539,0
DA:540,0
DA:541,0
DA:542,0
DA:544,0
DA:545,0
DA:546,0
DA:547,0
DA:548,0
DA:549,0
DA:551,0
DA:552,0
DA:553,0
DA:554,0
DA:555,0
DA:556,0
DA:558,0
DA:559,0
DA:560,0
DA:561,0
DA:562,0
DA:563,0
DA:565,0
DA:566,0
DA:567,0
DA:568,0
DA:569,0
DA:570,0
DA:572,0
DA:573,0
DA:574,0
DA:575,0
DA:576,0
DA:577,0
DA:579,0
DA:580,0
DA:581,0
DA:582,0
DA:583,0
DA:584,0
DA:586,0
DA:587,0
DA:588,0
DA:589,0
DA:590,0
DA:591,0
DA:593,0
DA:594,0
DA:595,0
DA:596,0
DA:597,0
DA:598,0
DA:600,0
DA:601,0
DA:602,0
DA:603,0
DA:604,0
DA:605,0
DA:607,0
DA:608,0
DA:609,0
DA:610,0
DA:611,0
DA:612,0
DA:614,0
DA:615,0
DA:616,0
DA:617,0
DA:618,0
DA:619,0
DA:621,0
DA:622,0
DA:623,0
DA:624,0
DA:625,0
DA:626,0
DA:628,0
DA:629,0
DA:630,0
DA:631,0
DA:632,0
DA:633,0
DA:635,0
DA:636,0
DA:637,0
DA:638,0
DA:639,0
DA:640,0
DA:642,0
DA:643,0
DA:644,0
DA:645,0
DA:646,0
DA:647,0
DA:649,0
DA:650,0
DA:651,0
DA:652,0
DA:653,0
DA:654,0
DA:656,0
DA:657,0
DA:658,0
DA:659,0
DA:660,0
DA:661,0
DA:663,0
DA:664,0
DA:665,0
DA:666,0
DA:667,0
DA:668,0
DA:670,0
DA:671,0
DA:672,0
DA:673,0
DA:674,0
DA:675,0
DA:677,0
DA:678,0
DA:679,0
DA:680,0
DA:681,0
DA:682,0
DA:684,0
DA:685,0
DA:686,0
DA:687,0
DA:688,0
DA:689,0
DA:690,0
LF:591
LH:0
BRF:0
BRH:0
FNF:2
FNH:0
end_of_record
SF:/Users/roymoran/docs/src/projectunicorn/pub-api/src/Pub/Infrastructure/Persistence/Migrations/20190926090724_AddProjectAndAssociatedTables.Designer.cs
FN:15,System.Void Infrastructure.Persistence.Migrations.AddProjectAndAssociatedTables::BuildTargetModel(Microsoft.EntityFrameworkCore.ModelBuilder)
FNDA:0,System.Void Infrastructure.Persistence.Migrations.AddProjectAndAssociatedTables::BuildTargetModel(Microsoft.EntityFrameworkCore.ModelBuilder)
DA:16,0
DA:18,0
DA:19,0
DA:20,0
DA:22,0
DA:23,0
DA:24,0
DA:25,0
DA:26,0
DA:27,0
DA:28,0
DA:29,0
DA:30,0
DA:31,0
DA:32,0
DA:33,0
DA:34,0
DA:35,0
DA:36,0
DA:37,0
DA:38,0
DA:39,0
DA:40,0
DA:41,0
DA:42,0
DA:43,0
DA:44,0
DA:45,0
DA:46,0
DA:47,0
DA:48,0
DA:49,0
DA:50,0
DA:51,0
DA:52,0
DA:54,0
DA:55,0
DA:56,0
DA:57,0
DA:58,0
DA:59,0
DA:60,0
DA:61,0
DA:62,0
DA:63,0
DA:64,0
DA:65,0
DA:66,0
DA:67,0
DA:68,0
DA:69,0
DA:70,0
DA:71,0
DA:72,0
DA:73,0
DA:74,0
DA:75,0
DA:76,0
DA:77,0
DA:78,0
DA:79,0
DA:80,0
DA:81,0
DA:82,0
DA:83,0
DA:84,0
DA:86,0
DA:87,0
DA:88,0
DA:89,0
DA:90,0
DA:91,0
DA:92,0
DA:93,0
DA:94,0
DA:95,0
DA:96,0
DA:97,0
DA:98,0
DA:99,0
DA:100,0
DA:101,0
DA:102,0
DA:103,0
DA:104,0
DA:105,0
DA:106,0
DA:107,0
DA:108,0
DA:109,0
DA:110,0
DA:111,0
DA:112,0
DA:113,0
DA:114,0
DA:115,0
DA:116,0
DA:117,0
DA:118,0
DA:119,0
DA:120,0
DA:121,0
DA:122,0
DA:123,0
DA:124,0
DA:125,0
DA:126,0
DA:127,0
DA:128,0
DA:129,0
DA:130,0
DA:131,0
DA:132,0
DA:133,0
DA:134,0
DA:135,0
DA:136,0
DA:137,0
DA:138,0
DA:139,0
DA:140,0
DA:141,0
DA:142,0
DA:143,0
DA:144,0
DA:145,0
DA:146,0
DA:147,0
DA:148,0
DA:149,0
DA:150,0
DA:151,0
DA:152,0
DA:153,0
DA:154,0
DA:155,0
DA:156,0
DA:157,0
DA:158,0
DA:159,0
DA:160,0
DA:161,0
DA:162,0
DA:163,0
DA:164,0
DA:165,0
DA:166,0
DA:167,0
DA:168,0
DA:169,0
DA:170,0
DA:171,0
DA:172,0
DA:173,0
DA:174,0
DA:175,0
DA:176,0
DA:177,0
DA:178,0
DA:179,0
DA:180,0
DA:181,0
DA:182,0
DA:183,0
DA:184,0
DA:185,0
DA:186,0
DA:187,0
DA:188,0
DA:189,0
DA:190,0
DA:191,0
DA:192,0
DA:193,0
DA:194,0
DA:195,0
DA:196,0
DA:197,0
DA:198,0
DA:199,0
DA:200,0
DA:201,0
DA:202,0
DA:203,0
DA:204,0
DA:205,0
DA:206,0
DA:207,0
DA:208,0
DA:209,0
DA:210,0
DA:211,0
DA:212,0
DA:213,0
DA:214,0
DA:215,0
DA:216,0
DA:217,0
DA:218,0
DA:219,0
DA:220,0
DA:221,0
DA:222,0
DA:223,0
DA:224,0
DA:225,0
DA:226,0
DA:227,0
DA:228,0
DA:229,0
DA:230,0
DA:231,0
DA:232,0
DA:233,0
DA:234,0
DA:235,0
DA:236,0
DA:237,0
DA:238,0
DA:239,0
DA:240,0
DA:241,0
DA:242,0
DA:243,0
DA:244,0
DA:245,0
DA:246,0
DA:247,0
DA:248,0
DA:249,0
DA:250,0
DA:251,0
DA:252,0
DA:253,0
DA:254,0
DA:255,0
DA:256,0
DA:257,0
DA:258,0
DA:259,0
DA:260,0
DA:261,0
DA:262,0
DA:263,0
DA:264,0
DA:265,0
DA:266,0
DA:267,0
DA:268,0
DA:269,0
DA:270,0
DA:271,0
DA:272,0
DA:273,0
DA:274,0
DA:275,0
DA:276,0
DA:277,0
DA:278,0
DA:279,0
DA:280,0
DA:281,0
DA:282,0
DA:283,0
DA:284,0
DA:285,0
DA:286,0
DA:287,0
DA:288,0
DA:289,0
DA:290,0
DA:291,0
DA:292,0
DA:293,0
DA:294,0
DA:295,0
DA:296,0
DA:297,0
DA:298,0
DA:299,0
DA:300,0
DA:301,0
DA:302,0
DA:303,0
DA:304,0
DA:305,0
DA:306,0
DA:307,0
DA:308,0
DA:309,0
DA:310,0
DA:311,0
DA:312,0
DA:313,0
DA:314,0
DA:315,0
DA:316,0
DA:317,0
DA:318,0
DA:319,0
DA:320,0
DA:321,0
DA:322,0
DA:323,0
DA:324,0
DA:325,0
DA:326,0
DA:327,0
DA:328,0
DA:329,0
DA:330,0
DA:331,0
DA:332,0
DA:333,0
DA:334,0
DA:335,0
DA:336,0
DA:337,0
DA:338,0
DA:339,0
DA:340,0
DA:341,0
DA:342,0
DA:343,0
DA:344,0
DA:345,0
DA:346,0
DA:347,0
DA:348,0
DA:349,0
DA:350,0
DA:351,0
DA:352,0
DA:353,0
DA:354,0
DA:355,0
DA:356,0
DA:357,0
DA:358,0
DA:359,0
DA:360,0
DA:361,0
DA:362,0
DA:363,0
DA:364,0
DA:365,0
DA:366,0
DA:367,0
DA:368,0
DA:369,0
DA:370,0
DA:371,0
DA:372,0
DA:373,0
DA:374,0
DA:375,0
DA:377,0
DA:378,0
DA:379,0
DA:380,0
DA:381,0
DA:382,0
DA:383,0
DA:384,0
DA:385,0
DA:386,0
DA:387,0
DA:388,0
DA:389,0
DA:390,0
DA:391,0
DA:392,0
DA:393,0
DA:394,0
DA:395,0
DA:396,0
DA:397,0
DA:398,0
DA:399,0
DA:401,0
DA:402,0
DA:403,0
DA:404,0
DA:405,0
DA:406,0
DA:407,0
DA:408,0
DA:409,0
DA:410,0
DA:411,0
DA:412,0
DA:413,0
DA:414,0
DA:415,0
DA:416,0
DA:417,0
DA:418,0
DA:419,0
DA:420,0
DA:421,0
DA:422,0
DA:423,0
DA:425,0
DA:426,0
DA:427,0
DA:428,0
DA:429,0
DA:430,0
DA:431,0
DA:432,0
DA:433,0
DA:434,0
DA:435,0
DA:436,0
DA:437,0
DA:438,0
DA:439,0
DA:440,0
DA:441,0
DA:442,0
DA:443,0
DA:444,0
DA:445,0
DA:446,0
DA:447,0
DA:448,0
DA:449,0
DA:450,0
DA:451,0
DA:452,0
DA:453,0
DA:454,0
DA:455,0
DA:456,0
DA:457,0
DA:459,0
DA:460,0
DA:461,0
DA:462,0
DA:463,0
DA:464,0
DA:465,0
DA:466,0
DA:467,0
DA:468,0
DA:469,0
DA:470,0
DA:472,0
DA:473,0
DA:474,0
DA:475,0
DA:476,0
DA:477,0
DA:478,0
DA:479,0
DA:480,0
DA:481,0
DA:482,0
DA:483,0
DA:485,0
LF:460
LH:0
BRF:0
BRH:0
FNF:1
FNH:0
end_of_record
SF:/Users/roymoran/docs/src/projectunicorn/pub-api/src/Pub/Infrastructure/Persistence/Migrations/20191201055547_AddChatAppUserTableAndUserColumns.cs
FN:8,System.Void Infrastructure.Persistence.Migrations.AddChatAppUserTableAndUserColumns::Up(Microsoft.EntityFrameworkCore.Migrations.MigrationBuilder)
FNDA:0,System.Void Infrastructure.Persistence.Migrations.AddChatAppUserTableAndUserColumns::Up(Microsoft.EntityFrameworkCore.Migrations.MigrationBuilder)
DA:9,0
DA:10,0
DA:11,0
DA:12,0
DA:14,0
DA:15,0
DA:16,0
DA:18,0
DA:19,0
DA:20,0
DA:21,0
DA:23,0
DA:24,0
DA:25,0
DA:26,0
DA:28,0
DA:29,0
DA:30,0
DA:31,0
DA:32,0
DA:34,0
DA:35,0
DA:36,0
DA:37,0
DA:39,0
DA:40,0
DA:41,0
DA:42,0
DA:43,0
DA:44,0
DA:45,0
DA:46,0
DA:47,0
DA:48,0
DA:49,0
DA:50,0
DA:51,0
DA:52,0
DA:53,0
DA:54,0
DA:55,0
DA:56,0
DA:57,0
DA:58,0
DA:59,0
DA:61,0
DA:62,0
DA:63,0
DA:64,0
DA:65,0
DA:66,0
DA:68,0
DA:69,0
DA:70,0
DA:71,0
DA:72,0
DA:73,0
DA:75,0
DA:76,0
DA:77,0
DA:78,0
DA:79,0
DA:80,0
DA:82,0
DA:83,0
DA:84,0
DA:85,0
DA:86,0
DA:87,0
DA:89,0
DA:90,0
DA:91,0
DA:92,0
DA:93,0
DA:94,0
DA:96,0
DA:97,0
DA:98,0
DA:99,0
DA:100,0
DA:101,0
DA:103,0
DA:104,0
DA:105,0
DA:106,0
DA:107,0
DA:108,0
DA:110,0
DA:111,0
DA:112,0
DA:113,0
DA:114,0
DA:115,0
DA:117,0
DA:118,0
DA:119,0
DA:120,0
DA:121,0
DA:122,0
DA:124,0
DA:125,0
DA:126,0
DA:127,0
DA:128,0
DA:129,0
DA:131,0
DA:132,0
DA:133,0
DA:134,0
DA:135,0
DA:136,0
DA:138,0
DA:139,0
DA:140,0
DA:141,0
DA:142,0
DA:143,0
DA:145,0
DA:146,0
DA:147,0
DA:148,0
DA:149,0
DA:150,0
DA:152,0
DA:153,0
DA:154,0
DA:155,0
DA:156,0
DA:157,0
DA:159,0
DA:160,0
DA:161,0
DA:162,0
DA:163,0
DA:164,0
DA:166,0
DA:167,0
DA:168,0
DA:169,0
DA:170,0
DA:171,0
DA:173,0
DA:174,0
DA:175,0
DA:176,0
DA:177,0
DA:178,0
DA:180,0
DA:181,0
DA:182,0
DA:183,0
DA:184,0
DA:185,0
DA:187,0
DA:188,0
DA:189,0
DA:190,0
DA:191,0
DA:192,0
DA:194,0
DA:195,0
DA:196,0
DA:197,0
DA:198,0
DA:199,0
DA:201,0
DA:202,0
DA:203,0
DA:204,0
DA:205,0
DA:206,0
DA:208,0
DA:209,0
DA:210,0
DA:211,0
DA:212,0
DA:213,0
DA:215,0
DA:216,0
DA:217,0
DA:218,0
DA:219,0
DA:220,0
DA:222,0
DA:223,0
DA:224,0
DA:225,0
DA:226,0
DA:227,0
DA:229,0
DA:230,0
DA:231,0
DA:232,0
DA:233,0
DA:234,0
DA:236,0
DA:237,0
DA:238,0
DA:239,0
DA:240,0
DA:241,0
DA:243,0
DA:244,0
DA:245,0
DA:246,0
DA:247,0
DA:248,0
DA:250,0
DA:251,0
DA:252,0
DA:253,0
DA:254,0
DA:255,0
DA:257,0
DA:258,0
DA:259,0
DA:260,0
DA:261,0
DA:262,0
DA:264,0
DA:265,0
DA:266,0
DA:267,0
DA:268,0
DA:269,0
DA:271,0
DA:272,0
DA:273,0
DA:274,0
DA:275,0
DA:276,0
DA:278,0
DA:279,0
DA:280,0
DA:281,0
DA:282,0
DA:283,0
DA:285,0
DA:286,0
DA:287,0
DA:288,0
DA:289,0
DA:290,0
DA:292,0
DA:293,0
DA:294,0
DA:295,0
DA:296,0
DA:297,0
DA:299,0
DA:300,0
DA:301,0
DA:302,0
DA:303,0
DA:304,0
DA:306,0
DA:307,0
DA:308,0
DA:309,0
DA:310,0
DA:311,0
DA:313,0
DA:314,0
DA:315,0
DA:316,0
DA:317,0
DA:318,0
DA:320,0
DA:321,0
DA:322,0
DA:323,0
DA:324,0
DA:325,0
DA:327,0
DA:328,0
DA:329,0
DA:330,0
DA:331,0
DA:332,0
DA:334,0
DA:335,0
DA:336,0
DA:337,0
DA:338,0
DA:339,0
DA:341,0
DA:342,0
DA:343,0
DA:344,0
DA:345,0
DA:346,0
DA:348,0
DA:349,0
DA:350,0
DA:351,0
DA:353,0
DA:354,0
DA:355,0
DA:356,0
DA:357,0
DA:359,0
DA:360,0
DA:361,0
DA:362,0
DA:363,0
DA:364,0
DA:365,0
DA:367,0
DA:368,0
DA:369,0
DA:370,0
DA:371,0
DA:372,0
DA:373,0
DA:374,0
FN:376,System.Void Infrastructure.Persistence.Migrations.AddChatAppUserTableAndUserColumns::Down(Microsoft.EntityFrameworkCore.Migrations.MigrationBuilder)
FNDA:0,System.Void Infrastructure.Persistence.Migrations.AddChatAppUserTableAndUserColumns::Down(Microsoft.EntityFrameworkCore.Migrations.MigrationBuilder)
DA:377,0
DA:378,0
DA:379,0
DA:380,0
DA:382,0
DA:383,0
DA:384,0
DA:386,0
DA:387,0
DA:389,0
DA:390,0
DA:391,0
DA:393,0
DA:394,0
DA:395,0
DA:397,0
DA:398,0
DA:399,0
DA:401,0
DA:402,0
DA:403,0
DA:405,0
DA:406,0
DA:407,0
DA:408,0
DA:409,0
DA:410,0
DA:412,0
DA:413,0
DA:414,0
DA:415,0
DA:416,0
DA:417,0
DA:419,0
DA:420,0
DA:421,0
DA:422,0
DA:423,0
DA:424,0
DA:426,0
DA:427,0
DA:428,0
DA:429,0
DA:430,0
DA:431,0
DA:433,0
DA:434,0
DA:435,0
DA:436,0
DA:437,0
DA:438,0
DA:440,0
DA:441,0
DA:442,0
DA:443,0
DA:444,0
DA:445,0
DA:447,0
DA:448,0
DA:449,0
DA:450,0
DA:451,0
DA:452,0
DA:454,0
DA:455,0
DA:456,0
DA:457,0
DA:458,0
DA:459,0
DA:461,0
DA:462,0
DA:463,0
DA:464,0
DA:465,0
DA:466,0
DA:468,0
DA:469,0
DA:470,0
DA:471,0
DA:472,0
DA:473,0
DA:475,0
DA:476,0
DA:477,0
DA:478,0
DA:479,0
DA:480,0
DA:482,0
DA:483,0
DA:484,0
DA:485,0
DA:486,0
DA:487,0
DA:489,0
DA:490,0
DA:491,0
DA:492,0
DA:493,0
DA:494,0
DA:496,0
DA:497,0
DA:498,0
DA:499,0
DA:500,0
DA:501,0
DA:503,0
DA:504,0
DA:505,0
DA:506,0
DA:507,0
DA:508,0
DA:510,0
DA:511,0
DA:512,0
DA:513,0
DA:514,0
DA:515,0
DA:517,0
DA:518,0
DA:519,0
DA:520,0
DA:521,0
DA:522,0
DA:524,0
DA:525,0
DA:526,0
DA:527,0
DA:528,0
DA:529,0
DA:531,0
DA:532,0
DA:533,0
DA:534,0
DA:535,0
DA:536,0
DA:538,0
DA:539,0
DA:540,0
DA:541,0
DA:542,0
DA:543,0
DA:545,0
DA:546,0
DA:547,0
DA:548,0
DA:549,0
DA:550,0
DA:552,0
DA:553,0
DA:554,0
DA:555,0
DA:556,0
DA:557,0
DA:559,0
DA:560,0
DA:561,0
DA:562,0
DA:563,0
DA:564,0
DA:566,0
DA:567,0
DA:568,0
DA:569,0
DA:570,0
DA:571,0
DA:573,0
DA:574,0
DA:575,0
DA:576,0
DA:577,0
DA:578,0
DA:580,0
DA:581,0
DA:582,0
DA:583,0
DA:584,0
DA:585,0
DA:587,0
DA:588,0
DA:589,0
DA:590,0
DA:591,0
DA:592,0
DA:594,0
DA:595,0
DA:596,0
DA:597,0
DA:598,0
DA:599,0
DA:601,0
DA:602,0
DA:603,0
DA:604,0
DA:605,0
DA:606,0
DA:608,0
DA:609,0
DA:610,0
DA:611,0
DA:612,0
DA:613,0
DA:615,0
DA:616,0
DA:617,0
DA:618,0
DA:619,0
DA:620,0
DA:622,0
DA:623,0
DA:624,0
DA:625,0
DA:626,0
DA:627,0
DA:629,0
DA:630,0
DA:631,0
DA:632,0
DA:633,0
DA:634,0
DA:636,0
DA:637,0
DA:638,0
DA:639,0
DA:640,0
DA:641,0
DA:643,0
DA:644,0
DA:645,0
DA:646,0
DA:647,0
DA:648,0
DA:650,0
DA:651,0
DA:652,0
DA:653,0
DA:654,0
DA:655,0
DA:657,0
DA:658,0
DA:659,0
DA:660,0
DA:661,0
DA:662,0
DA:664,0
DA:665,0
DA:666,0
DA:667,0
DA:668,0
DA:669,0
DA:671,0
DA:672,0
DA:673,0
DA:674,0
DA:675,0
DA:676,0
DA:678,0
DA:679,0
DA:680,0
DA:681,0
DA:682,0
DA:683,0
DA:685,0
DA:686,0
DA:687,0
DA:688,0
DA:689,0
DA:690,0
DA:692,0
DA:693,0
DA:694,0
DA:695,0
DA:696,0
DA:697,0
DA:698,0
DA:700,0
DA:701,0
DA:702,0
DA:703,0
DA:704,0
DA:705,0
DA:706,0
DA:707,0
LF:597
LH:0
BRF:0
BRH:0
FNF:2
FNH:0
end_of_record
SF:/Users/roymoran/docs/src/projectunicorn/pub-api/src/Pub/Infrastructure/Persistence/Migrations/20191201055547_AddChatAppUserTableAndUserColumns.Designer.cs
FN:15,System.Void Infrastructure.Persistence.Migrations.AddChatAppUserTableAndUserColumns::BuildTargetModel(Microsoft.EntityFrameworkCore.ModelBuilder)
FNDA:0,System.Void Infrastructure.Persistence.Migrations.AddChatAppUserTableAndUserColumns::BuildTargetModel(Microsoft.EntityFrameworkCore.ModelBuilder)
DA:16,0
DA:18,0
DA:19,0
DA:20,0
DA:22,0
DA:23,0
DA:24,0
DA:25,0
DA:26,0
DA:27,0
DA:28,0
DA:29,0
DA:30,0
DA:31,0
DA:32,0
DA:33,0
DA:34,0
DA:35,0
DA:36,0
DA:37,0
DA:38,0
DA:39,0
DA:40,0
DA:41,0
DA:42,0
DA:43,0
DA:44,0
DA:45,0
DA:47,0
DA:48,0
DA:49,0
DA:50,0
DA:51,0
DA:52,0
DA:53,0
DA:54,0
DA:55,0
DA:56,0
DA:57,0
DA:58,0
DA:59,0
DA:60,0
DA:61,0
DA:62,0
DA:63,0
DA:64,0
DA:65,0
DA:66,0
DA:67,0
DA:68,0
DA:69,0
DA:70,0
DA:71,0
DA:72,0
DA:73,0
DA:74,0
DA:75,0
DA:76,0
DA:77,0
DA:79,0
DA:80,0
DA:81,0
DA:82,0
DA:83,0
DA:84,0
DA:85,0
DA:86,0
DA:87,0
DA:88,0
DA:89,0
DA:90,0
DA:91,0
DA:92,0
DA:93,0
DA:94,0
DA:95,0
DA:96,0
DA:97,0
DA:98,0
DA:99,0
DA:100,0
DA:101,0
DA:102,0
DA:103,0
DA:104,0
DA:105,0
DA:106,0
DA:107,0
DA:108,0
DA:109,0
DA:111,0
DA:112,0
DA:113,0
DA:114,0
DA:115,0
DA:116,0
DA:117,0
DA:118,0
DA:119,0
DA:120,0
DA:121,0
DA:122,0
DA:123,0
DA:124,0
DA:125,0
DA:126,0
DA:127,0
DA:128,0
DA:129,0
DA:130,0
DA:131,0
DA:132,0
DA:133,0
DA:134,0
DA:135,0
DA:136,0
DA:137,0
DA:138,0
DA:139,0
DA:140,0
DA:141,0
DA:142,0
DA:143,0
DA:144,0
DA:145,0
DA:146,0
DA:147,0
DA:148,0
DA:149,0
DA:150,0
DA:151,0
DA:152,0
DA:153,0
DA:154,0
DA:155,0
DA:156,0
DA:157,0
DA:158,0
DA:159,0
DA:160,0
DA:161,0
DA:162,0
DA:163,0
DA:164,0
DA:165,0
DA:166,0
DA:167,0
DA:168,0
DA:169,0
DA:170,0
DA:171,0
DA:172,0
DA:173,0
DA:174,0
DA:175,0
DA:176,0
DA:177,0
DA:178,0
DA:179,0
DA:180,0
DA:181,0
DA:182,0
DA:183,0
DA:184,0
DA:185,0
DA:186,0
DA:187,0
DA:188,0
DA:189,0
DA:190,0
DA:191,0
DA:192,0
DA:193,0
DA:194,0
DA:195,0
DA:196,0
DA:197,0
DA:198,0
DA:199,0
DA:200,0
DA:201,0
DA:202,0
DA:203,0
DA:204,0
DA:205,0
DA:206,0
DA:207,0
DA:208,0
DA:209,0
DA:210,0
DA:211,0
DA:212,0
DA:213,0
DA:214,0
DA:215,0
DA:216,0
DA:217,0
DA:218,0
DA:219,0
DA:220,0
DA:221,0
DA:222,0
DA:223,0
DA:224,0
DA:225,0
DA:226,0
DA:227,0
DA:228,0
DA:229,0
DA:230,0
DA:231,0
DA:232,0
DA:233,0
DA:234,0
DA:235,0
DA:236,0
DA:237,0
DA:238,0
DA:239,0
DA:240,0
DA:241,0
DA:242,0
DA:243,0
DA:244,0
DA:245,0
DA:246,0
DA:247,0
DA:248,0
DA:249,0
DA:250,0
DA:251,0
DA:252,0
DA:253,0
DA:254,0
DA:255,0
DA:256,0
DA:257,0
DA:258,0
DA:259,0
DA:260,0
DA:261,0
DA:262,0
DA:263,0
DA:264,0
DA:265,0
DA:266,0
DA:267,0
DA:268,0
DA:269,0
DA:270,0
DA:271,0
DA:272,0
DA:273,0
DA:274,0
DA:275,0
DA:276,0
DA:277,0
DA:278,0
DA:279,0
DA:280,0
DA:281,0
DA:282,0
DA:283,0
DA:284,0
DA:285,0
DA:286,0
DA:287,0
DA:288,0
DA:289,0
DA:290,0
DA:291,0
DA:292,0
DA:293,0
DA:294,0
DA:295,0
DA:296,0
DA:297,0
DA:298,0
DA:299,0
DA:300,0
DA:301,0
DA:302,0
DA:303,0
DA:304,0
DA:305,0
DA:306,0
DA:307,0
DA:308,0
DA:309,0
DA:310,0
DA:311,0
DA:312,0
DA:313,0
DA:314,0
DA:315,0
DA:316,0
DA:317,0
DA:318,0
DA:319,0
DA:320,0
DA:321,0
DA:322,0
DA:323,0
DA:324,0
DA:325,0
DA:326,0
DA:327,0
DA:328,0
DA:329,0
DA:330,0
DA:331,0
DA:332,0
DA:333,0
DA:334,0
DA:335,0
DA:336,0
DA:337,0
DA:338,0
DA:339,0
DA:340,0
DA:341,0
DA:342,0
DA:343,0
DA:344,0
DA:345,0
DA:346,0
DA:347,0
DA:348,0
DA:349,0
DA:350,0
DA:351,0
DA:352,0
DA:353,0
DA:354,0
DA:355,0
DA:356,0
DA:357,0
DA:358,0
DA:359,0
DA:360,0
DA:361,0
DA:362,0
DA:363,0
DA:364,0
DA:365,0
DA:366,0
DA:367,0
DA:368,0
DA:369,0
DA:370,0
DA:371,0
DA:372,0
DA:373,0
DA:374,0
DA:375,0
DA:376,0
DA:377,0
DA:378,0
DA:379,0
DA:380,0
DA:381,0
DA:382,0
DA:383,0
DA:384,0
DA:385,0
DA:386,0
DA:387,0
DA:388,0
DA:389,0
DA:390,0
DA:391,0
DA:392,0
DA:393,0
DA:394,0
DA:395,0
DA:396,0
DA:397,0
DA:398,0
DA:399,0
DA:400,0
DA:402,0
DA:403,0
DA:404,0
DA:405,0
DA:406,0
DA:407,0
DA:408,0
DA:409,0
DA:410,0
DA:411,0
DA:412,0
DA:413,0
DA:414,0
DA:415,0
DA:416,0
DA:417,0
DA:418,0
DA:419,0
DA:420,0
DA:421,0
DA:422,0
DA:423,0
DA:424,0
DA:426,0
DA:427,0
DA:428,0
DA:429,0
DA:430,0
DA:431,0
DA:432,0
DA:433,0
DA:434,0
DA:435,0
DA:436,0
DA:437,0
DA:438,0
DA:439,0
DA:440,0
DA:441,0
DA:442,0
DA:443,0
DA:444,0
DA:445,0
DA:446,0
DA:447,0
DA:448,0
DA:450,0
DA:451,0
DA:452,0
DA:453,0
DA:454,0
DA:455,0
DA:456,0
DA:457,0
DA:458,0
DA:459,0
DA:460,0
DA:461,0
DA:462,0
DA:463,0
DA:464,0
DA:465,0
DA:466,0
DA:467,0
DA:468,0
DA:469,0
DA:470,0
DA:471,0
DA:472,0
DA:473,0
DA:474,0
DA:475,0
DA:476,0
DA:477,0
DA:478,0
DA:479,0
DA:480,0
DA:481,0
DA:482,0
DA:483,0
DA:484,0
DA:485,0
DA:486,0
DA:487,0
DA:488,0
DA:489,0
DA:490,0
DA:492,0
DA:493,0
DA:494,0
DA:495,0
DA:496,0
DA:497,0
DA:498,0
DA:500,0
DA:501,0
DA:502,0
DA:503,0
DA:504,0
DA:505,0
DA:506,0
DA:507,0
DA:508,0
DA:509,0
DA:510,0
DA:511,0
DA:513,0
DA:514,0
DA:515,0
DA:516,0
DA:517,0
DA:518,0
DA:519,0
DA:520,0
DA:521,0
DA:522,0
DA:524,0
LF:497
LH:0
BRF:0
BRH:0
FNF:1
FNH:0
end_of_record
SF:/Users/roymoran/docs/src/projectunicorn/pub-api/src/Pub/Infrastructure/Persistence/Migrations/20191203214648_AddBioToUsers.cs
FN:8,System.Void Infrastructure.Persistence.Migrations.AddBioToUsers::Up(Microsoft.EntityFrameworkCore.Migrations.MigrationBuilder)
FNDA:0,System.Void Infrastructure.Persistence.Migrations.AddBioToUsers::Up(Microsoft.EntityFrameworkCore.Migrations.MigrationBuilder)
DA:9,0
DA:10,0
DA:11,0
DA:12,0
DA:13,0
DA:15,0
DA:16,0
DA:17,0
DA:18,0
DA:19,0
DA:20,0
DA:22,0
DA:23,0
DA:24,0
DA:25,0
DA:26,0
DA:27,0
DA:29,0
DA:30,0
DA:31,0
DA:32,0
DA:33,0
DA:34,0
DA:36,0
DA:37,0
DA:38,0
DA:39,0
DA:40,0
DA:41,0
DA:43,0
DA:44,0
DA:45,0
DA:46,0
DA:47,0
DA:48,0
DA:50,0
DA:51,0
DA:52,0
DA:53,0
DA:54,0
DA:55,0
DA:57,0
DA:58,0
DA:59,0
DA:60,0
DA:61,0
DA:62,0
DA:64,0
DA:65,0
DA:66,0
DA:67,0
DA:68,0
DA:69,0
DA:71,0
DA:72,0
DA:73,0
DA:74,0
DA:75,0
DA:76,0
DA:78,0
DA:79,0
DA:80,0
DA:81,0
DA:82,0
DA:83,0
DA:85,0
DA:86,0
DA:87,0
DA:88,0
DA:89,0
DA:90,0
DA:92,0
DA:93,0
DA:94,0
DA:95,0
DA:96,0
DA:97,0
DA:99,0
DA:100,0
DA:101,0
DA:102,0
DA:103,0
DA:104,0
DA:106,0
DA:107,0
DA:108,0
DA:109,0
DA:110,0
DA:111,0
DA:113,0
DA:114,0
DA:115,0
DA:116,0
DA:117,0
DA:118,0
DA:120,0
DA:121,0
DA:122,0
DA:123,0
DA:124,0
DA:125,0
DA:127,0
DA:128,0
DA:129,0
DA:130,0
DA:131,0
DA:132,0
DA:134,0
DA:135,0
DA:136,0
DA:137,0
DA:138,0
DA:139,0
DA:141,0
DA:142,0
DA:143,0
DA:144,0
DA:145,0
DA:146,0
DA:148,0
DA:149,0
DA:150,0
DA:151,0
DA:152,0
DA:153,0
DA:155,0
DA:156,0
DA:157,0
DA:158,0
DA:159,0
DA:160,0
DA:162,0
DA:163,0
DA:164,0
DA:165,0
DA:166,0
DA:167,0
DA:169,0
DA:170,0
DA:171,0
DA:172,0
DA:173,0
DA:174,0
DA:176,0
DA:177,0
DA:178,0
DA:179,0
DA:180,0
DA:181,0
DA:183,0
DA:184,0
DA:185,0
DA:186,0
DA:187,0
DA:188,0
DA:190,0
DA:191,0
DA:192,0
DA:193,0
DA:194,0
DA:195,0
DA:197,0
DA:198,0
DA:199,0
DA:200,0
DA:201,0
DA:202,0
DA:204,0
DA:205,0
DA:206,0
DA:207,0
DA:208,0
DA:209,0
DA:211,0
DA:212,0
DA:213,0
DA:214,0
DA:215,0
DA:216,0
DA:218,0
DA:219,0
DA:220,0
DA:221,0
DA:222,0
DA:223,0
DA:225,0
DA:226,0
DA:227,0
DA:228,0
DA:229,0
DA:230,0
DA:232,0
DA:233,0
DA:234,0
DA:235,0
DA:236,0
DA:237,0
DA:239,0
DA:240,0
DA:241,0
DA:242,0
DA:243,0
DA:244,0
DA:246,0
DA:247,0
DA:248,0
DA:249,0
DA:250,0
DA:251,0
DA:253,0
DA:254,0
DA:255,0
DA:256,0
DA:257,0
DA:258,0
DA:260,0
DA:261,0
DA:262,0
DA:263,0
DA:264,0
DA:265,0
DA:267,0
DA:268,0
DA:269,0
DA:270,0
DA:271,0
DA:272,0
DA:274,0
DA:275,0
DA:276,0
DA:277,0
DA:278,0
DA:279,0
DA:281,0
DA:282,0
DA:283,0
DA:284,0
DA:285,0
DA:286,0
DA:288,0
DA:289,0
DA:290,0
DA:291,0
DA:292,0
DA:293,0
DA:295,0
DA:296,0
DA:297,0
DA:298,0
DA:299,0
DA:300,0
DA:301,0
FN:303,System.Void Infrastructure.Persistence.Migrations.AddBioToUsers::Down(Microsoft.EntityFrameworkCore.Migrations.MigrationBuilder)
FNDA:0,System.Void Infrastructure.Persistence.Migrations.AddBioToUsers::Down(Microsoft.EntityFrameworkCore.Migrations.MigrationBuilder)
DA:304,0
DA:305,0
DA:306,0
DA:307,0
DA:309,0
DA:310,0
DA:311,0
DA:312,0
DA:313,0
DA:314,0
DA:316,0
DA:317,0
DA:318,0
DA:319,0
DA:320,0
DA:321,0
DA:323,0
DA:324,0
DA:325,0
DA:326,0
DA:327,0
DA:328,0
DA:330,0
DA:331,0
DA:332,0
DA:333,0
DA:334,0
DA:335,0
DA:337,0
DA:338,0
DA:339,0
DA:340,0
DA:341,0
DA:342,0
DA:344,0
DA:345,0
DA:346,0
DA:347,0
DA:348,0
DA:349,0
DA:351,0
DA:352,0
DA:353,0
DA:354,0
DA:355,0
DA:356,0
DA:358,0
DA:359,0
DA:360,0
DA:361,0
DA:362,0
DA:363,0
DA:365,0
DA:366,0
DA:367,0
DA:368,0
DA:369,0
DA:370,0
DA:372,0
DA:373,0
DA:374,0
DA:375,0
DA:376,0
DA:377,0
DA:379,0
DA:380,0
DA:381,0
DA:382,0
DA:383,0
DA:384,0
DA:386,0
DA:387,0
DA:388,0
DA:389,0
DA:390,0
DA:391,0
DA:393,0
DA:394,0
DA:395,0
DA:396,0
DA:397,0
DA:398,0
DA:400,0
DA:401,0
DA:402,0
DA:403,0
DA:404,0
DA:405,0
DA:407,0
DA:408,0
DA:409,0
DA:410,0
DA:411,0
DA:412,0
DA:414,0
DA:415,0
DA:416,0
DA:417,0
DA:418,0
DA:419,0
DA:421,0
DA:422,0
DA:423,0
DA:424,0
DA:425,0
DA:426,0
DA:428,0
DA:429,0
DA:430,0
DA:431,0
DA:432,0
DA:433,0
DA:435,0
DA:436,0
DA:437,0
DA:438,0
DA:439,0
DA:440,0
DA:442,0
DA:443,0
DA:444,0
DA:445,0
DA:446,0
DA:447,0
DA:449,0
DA:450,0
DA:451,0
DA:452,0
DA:453,0
DA:454,0
DA:456,0
DA:457,0
DA:458,0
DA:459,0
DA:460,0
DA:461,0
DA:463,0
DA:464,0
DA:465,0
DA:466,0
DA:467,0
DA:468,0
DA:470,0
DA:471,0
DA:472,0
DA:473,0
DA:474,0
DA:475,0
DA:477,0
DA:478,0
DA:479,0
DA:480,0
DA:481,0
DA:482,0
DA:484,0
DA:485,0
DA:486,0
DA:487,0
DA:488,0
DA:489,0
DA:491,0
DA:492,0
DA:493,0
DA:494,0
DA:495,0
DA:496,0
DA:498,0
DA:499,0
DA:500,0
DA:501,0
DA:502,0
DA:503,0
DA:505,0
DA:506,0
DA:507,0
DA:508,0
DA:509,0
DA:510,0
DA:512,0
DA:513,0
DA:514,0
DA:515,0
DA:516,0
DA:517,0
DA:519,0
DA:520,0
DA:521,0
DA:522,0
DA:523,0
DA:524,0
DA:526,0
DA:527,0
DA:528,0
DA:529,0
DA:530,0
DA:531,0
DA:533,0
DA:534,0
DA:535,0
DA:536,0
DA:537,0
DA:538,0
DA:540,0
DA:541,0
DA:542,0
DA:543,0
DA:544,0
DA:545,0
DA:547,0
DA:548,0
DA:549,0
DA:550,0
DA:551,0
DA:552,0
DA:554,0
DA:555,0
DA:556,0
DA:557,0
DA:558,0
DA:559,0
DA:561,0
DA:562,0
DA:563,0
DA:564,0
DA:565,0
DA:566,0
DA:568,0
DA:569,0
DA:570,0
DA:571,0
DA:572,0
DA:573,0
DA:575,0
DA:576,0
DA:577,0
DA:578,0
DA:579,0
DA:580,0
DA:582,0
DA:583,0
DA:584,0
DA:585,0
DA:586,0
DA:587,0
DA:589,0
DA:590,0
DA:591,0
DA:592,0
DA:593,0
DA:594,0
DA:595,0
LF:503
LH:0
BRF:0
BRH:0
FNF:2
FNH:0
end_of_record
SF:/Users/roymoran/docs/src/projectunicorn/pub-api/src/Pub/Infrastructure/Persistence/Migrations/20191203214648_AddBioToUsers.Designer.cs
FN:15,System.Void Infrastructure.Persistence.Migrations.AddBioToUsers::BuildTargetModel(Microsoft.EntityFrameworkCore.ModelBuilder)
FNDA:0,System.Void Infrastructure.Persistence.Migrations.AddBioToUsers::BuildTargetModel(Microsoft.EntityFrameworkCore.ModelBuilder)
DA:16,0
DA:18,0
DA:19,0
DA:20,0
DA:22,0
DA:23,0
DA:24,0
DA:25,0
DA:26,0
DA:27,0
DA:28,0
DA:29,0
DA:30,0
DA:31,0
DA:32,0
DA:33,0
DA:34,0
DA:35,0
DA:36,0
DA:37,0
DA:38,0
DA:39,0
DA:40,0
DA:41,0
DA:42,0
DA:43,0
DA:44,0
DA:45,0
DA:47,0
DA:48,0
DA:49,0
DA:50,0
DA:51,0
DA:52,0
DA:53,0
DA:54,0
DA:55,0
DA:56,0
DA:57,0
DA:58,0
DA:59,0
DA:60,0
DA:61,0
DA:62,0
DA:63,0
DA:64,0
DA:65,0
DA:66,0
DA:67,0
DA:68,0
DA:69,0
DA:70,0
DA:71,0
DA:72,0
DA:73,0
DA:74,0
DA:75,0
DA:76,0
DA:77,0
DA:79,0
DA:80,0
DA:81,0
DA:82,0
DA:83,0
DA:84,0
DA:85,0
DA:86,0
DA:87,0
DA:88,0
DA:89,0
DA:90,0
DA:91,0
DA:92,0
DA:93,0
DA:94,0
DA:95,0
DA:96,0
DA:97,0
DA:98,0
DA:99,0
DA:100,0
DA:101,0
DA:102,0
DA:103,0
DA:104,0
DA:105,0
DA:106,0
DA:107,0
DA:108,0
DA:109,0
DA:111,0
DA:112,0
DA:113,0
DA:114,0
DA:115,0
DA:116,0
DA:117,0
DA:118,0
DA:119,0
DA:120,0
DA:121,0
DA:122,0
DA:123,0
DA:124,0
DA:125,0
DA:126,0
DA:127,0
DA:128,0
DA:129,0
DA:130,0
DA:131,0
DA:132,0
DA:133,0
DA:134,0
DA:135,0
DA:136,0
DA:137,0
DA:138,0
DA:139,0
DA:140,0
DA:141,0
DA:142,0
DA:143,0
DA:144,0
DA:145,0
DA:146,0
DA:147,0
DA:148,0
DA:149,0
DA:150,0
DA:151,0
DA:152,0
DA:153,0
DA:154,0
DA:155,0
DA:156,0
DA:157,0
DA:158,0
DA:159,0
DA:160,0
DA:161,0
DA:162,0
DA:163,0
DA:164,0
DA:165,0
DA:166,0
DA:167,0
DA:168,0
DA:169,0
DA:170,0
DA:171,0
DA:172,0
DA:173,0
DA:174,0
DA:175,0
DA:176,0
DA:177,0
DA:178,0
DA:179,0
DA:180,0
DA:181,0
DA:182,0
DA:183,0
DA:184,0
DA:185,0
DA:186,0
DA:187,0
DA:188,0
DA:189,0
DA:190,0
DA:191,0
DA:192,0
DA:193,0
DA:194,0
DA:195,0
DA:196,0
DA:197,0
DA:198,0
DA:199,0
DA:200,0
DA:201,0
DA:202,0
DA:203,0
DA:204,0
DA:205,0
DA:206,0
DA:207,0
DA:208,0
DA:209,0
DA:210,0
DA:211,0
DA:212,0
DA:213,0
DA:214,0
DA:215,0
DA:216,0
DA:217,0
DA:218,0
DA:219,0
DA:220,0
DA:221,0
DA:222,0
DA:223,0
DA:224,0
DA:225,0
DA:226,0
DA:227,0
DA:228,0
DA:229,0
DA:230,0
DA:231,0
DA:232,0
DA:233,0
DA:234,0
DA:235,0
DA:236,0
DA:237,0
DA:238,0
DA:239,0
DA:240,0
DA:241,0
DA:242,0
DA:243,0
DA:244,0
DA:245,0
DA:246,0
DA:247,0
DA:248,0
DA:249,0
DA:250,0
DA:251,0
DA:252,0
DA:253,0
DA:254,0
DA:255,0
DA:256,0
DA:257,0
DA:258,0
DA:259,0
DA:260,0
DA:261,0
DA:262,0
DA:263,0
DA:264,0
DA:265,0
DA:266,0
DA:267,0
DA:268,0
DA:269,0
DA:270,0
DA:271,0
DA:272,0
DA:273,0
DA:274,0
DA:275,0
DA:276,0
DA:277,0
DA:278,0
DA:279,0
DA:280,0
DA:281,0
DA:282,0
DA:283,0
DA:284,0
DA:285,0
DA:286,0
DA:287,0
DA:288,0
DA:289,0
DA:290,0
DA:291,0
DA:292,0
DA:293,0
DA:294,0
DA:295,0
DA:296,0
DA:297,0
DA:298,0
DA:299,0
DA:300,0
DA:301,0
DA:302,0
DA:303,0
DA:304,0
DA:305,0
DA:306,0
DA:307,0
DA:308,0
DA:309,0
DA:310,0
DA:311,0
DA:312,0
DA:313,0
DA:314,0
DA:315,0
DA:316,0
DA:317,0
DA:318,0
DA:319,0
DA:320,0
DA:321,0
DA:322,0
DA:323,0
DA:324,0
DA:325,0
DA:326,0
DA:327,0
DA:328,0
DA:329,0
DA:330,0
DA:331,0
DA:332,0
DA:333,0
DA:334,0
DA:335,0
DA:336,0
DA:337,0
DA:338,0
DA:339,0
DA:340,0
DA:341,0
DA:342,0
DA:343,0
DA:344,0
DA:345,0
DA:346,0
DA:347,0
DA:348,0
DA:349,0
DA:350,0
DA:351,0
DA:352,0
DA:353,0
DA:354,0
DA:355,0
DA:356,0
DA:357,0
DA:358,0
DA:359,0
DA:360,0
DA:361,0
DA:362,0
DA:363,0
DA:364,0
DA:365,0
DA:366,0
DA:367,0
DA:368,0
DA:369,0
DA:370,0
DA:371,0
DA:372,0
DA:373,0
DA:374,0
DA:375,0
DA:376,0
DA:377,0
DA:378,0
DA:379,0
DA:380,0
DA:381,0
DA:382,0
DA:383,0
DA:384,0
DA:385,0
DA:386,0
DA:387,0
DA:388,0
DA:389,0
DA:390,0
DA:391,0
DA:392,0
DA:393,0
DA:394,0
DA:395,0
DA:396,0
DA:397,0
DA:398,0
DA:399,0
DA:400,0
DA:402,0
DA:403,0
DA:404,0
DA:405,0
DA:406,0
DA:407,0
DA:408,0
DA:409,0
DA:410,0
DA:411,0
DA:412,0
DA:413,0
DA:414,0
DA:415,0
DA:416,0
DA:417,0
DA:418,0
DA:419,0
DA:420,0
DA:421,0
DA:422,0
DA:423,0
DA:424,0
DA:426,0
DA:427,0
DA:428,0
DA:429,0
DA:430,0
DA:431,0
DA:432,0
DA:433,0
DA:434,0
DA:435,0
DA:436,0
DA:437,0
DA:438,0
DA:439,0
DA:440,0
DA:441,0
DA:442,0
DA:443,0
DA:444,0
DA:445,0
DA:446,0
DA:447,0
DA:448,0
DA:450,0
DA:451,0
DA:452,0
DA:453,0
DA:454,0
DA:455,0
DA:456,0
DA:457,0
DA:458,0
DA:459,0
DA:460,0
DA:461,0
DA:462,0
DA:463,0
DA:464,0
DA:465,0
DA:466,0
DA:467,0
DA:468,0
DA:469,0
DA:470,0
DA:471,0
DA:472,0
DA:473,0
DA:474,0
DA:475,0
DA:476,0
DA:477,0
DA:478,0
DA:479,0
DA:480,0
DA:481,0
DA:482,0
DA:483,0
DA:484,0
DA:485,0
DA:486,0
DA:487,0
DA:488,0
DA:489,0
DA:490,0
DA:491,0
DA:492,0
DA:494,0
DA:495,0
DA:496,0
DA:497,0
DA:498,0
DA:499,0
DA:500,0
DA:502,0
DA:503,0
DA:504,0
DA:505,0
DA:506,0
DA:507,0
DA:508,0
DA:509,0
DA:510,0
DA:511,0
DA:512,0
DA:513,0
DA:515,0
DA:516,0
DA:517,0
DA:518,0
DA:519,0
DA:520,0
DA:521,0
DA:522,0
DA:523,0
DA:524,0
DA:526,0
LF:499
LH:0
BRF:0
BRH:0
FNF:1
FNH:0
end_of_record
SF:/Users/roymoran/docs/src/projectunicorn/pub-api/src/Pub/Infrastructure/Persistence/Migrations/20200320125116_AddSearchablePropertyToProjects.cs
FN:8,System.Void Infrastructure.Persistence.Migrations.AddSearchablePropertyToProjects::Up(Microsoft.EntityFrameworkCore.Migrations.MigrationBuilder)
FNDA:0,System.Void Infrastructure.Persistence.Migrations.AddSearchablePropertyToProjects::Up(Microsoft.EntityFrameworkCore.Migrations.MigrationBuilder)
DA:9,0
DA:10,0
DA:11,0
DA:12,0
DA:13,0
DA:14,0
DA:16,0
DA:17,0
DA:18,0
DA:19,0
DA:20,0
DA:21,0
DA:23,0
DA:24,0
DA:25,0
DA:26,0
DA:27,0
DA:28,0
DA:30,0
DA:31,0
DA:32,0
DA:33,0
DA:34,0
DA:35,0
DA:37,0
DA:38,0
DA:39,0
DA:40,0
DA:41,0
DA:42,0
DA:44,0
DA:45,0
DA:46,0
DA:47,0
DA:48,0
DA:49,0
DA:51,0
DA:52,0
DA:53,0
DA:54,0
DA:55,0
DA:56,0
DA:58,0
DA:59,0
DA:60,0
DA:61,0
DA:62,0
DA:63,0
DA:65,0
DA:66,0
DA:67,0
DA:68,0
DA:69,0
DA:70,0
DA:72,0
DA:73,0
DA:74,0
DA:75,0
DA:76,0
DA:77,0
DA:79,0
DA:80,0
DA:81,0
DA:82,0
DA:83,0
DA:84,0
DA:86,0
DA:87,0
DA:88,0
DA:89,0
DA:90,0
DA:91,0
DA:93,0
DA:94,0
DA:95,0
DA:96,0
DA:97,0
DA:98,0
DA:100,0
DA:101,0
DA:102,0
DA:103,0
DA:104,0
DA:105,0
DA:107,0
DA:108,0
DA:109,0
DA:110,0
DA:111,0
DA:112,0
DA:114,0
DA:115,0
DA:116,0
DA:117,0
DA:118,0
DA:119,0
DA:121,0
DA:122,0
DA:123,0
DA:124,0
DA:125,0
DA:126,0
DA:128,0
DA:129,0
DA:130,0
DA:131,0
DA:132,0
DA:133,0
DA:135,0
DA:136,0
DA:137,0
DA:138,0
DA:139,0
DA:140,0
DA:142,0
DA:143,0
DA:144,0
DA:145,0
DA:146,0
DA:147,0
DA:149,0
DA:150,0
DA:151,0
DA:152,0
DA:153,0
DA:154,0
DA:156,0
DA:157,0
DA:158,0
DA:159,0
DA:160,0
DA:161,0
DA:163,0
DA:164,0
DA:165,0
DA:166,0
DA:167,0
DA:168,0
DA:170,0
DA:171,0
DA:172,0
DA:173,0
DA:174,0
DA:175,0
DA:177,0
DA:178,0
DA:179,0
DA:180,0
DA:181,0
DA:182,0
DA:184,0
DA:185,0
DA:186,0
DA:187,0
DA:188,0
DA:189,0
DA:191,0
DA:192,0
DA:193,0
DA:194,0
DA:195,0
DA:196,0
DA:198,0
DA:199,0
DA:200,0
DA:201,0
DA:202,0
DA:203,0
DA:205,0
DA:206,0
DA:207,0
DA:208,0
DA:209,0
DA:210,0
DA:212,0
DA:213,0
DA:214,0
DA:215,0
DA:216,0
DA:217,0
DA:219,0
DA:220,0
DA:221,0
DA:222,0
DA:223,0
DA:224,0
DA:226,0
DA:227,0
DA:228,0
DA:229,0
DA:230,0
DA:231,0
DA:233,0
DA:234,0
DA:235,0
DA:236,0
DA:237,0
DA:238,0
DA:240,0
DA:241,0
DA:242,0
DA:243,0
DA:244,0
DA:245,0
DA:247,0
DA:248,0
DA:249,0
DA:250,0
DA:251,0
DA:252,0
DA:254,0
DA:255,0
DA:256,0
DA:257,0
DA:258,0
DA:259,0
DA:261,0
DA:262,0
DA:263,0
DA:264,0
DA:265,0
DA:266,0
DA:268,0
DA:269,0
DA:270,0
DA:271,0
DA:272,0
DA:273,0
DA:275,0
DA:276,0
DA:277,0
DA:278,0
DA:279,0
DA:280,0
DA:282,0
DA:283,0
DA:284,0
DA:285,0
DA:286,0
DA:287,0
DA:289,0
DA:290,0
DA:291,0
DA:292,0
DA:293,0
DA:294,0
DA:296,0
DA:297,0
DA:298,0
DA:299,0
DA:300,0
DA:301,0
DA:302,0
FN:304,System.Void Infrastructure.Persistence.Migrations.AddSearchablePropertyToProjects::Down(Microsoft.EntityFrameworkCore.Migrations.MigrationBuilder)
FNDA:0,System.Void Infrastructure.Persistence.Migrations.AddSearchablePropertyToProjects::Down(Microsoft.EntityFrameworkCore.Migrations.MigrationBuilder)
DA:305,0
DA:306,0
DA:307,0
DA:308,0
DA:310,0
DA:311,0
DA:312,0
DA:313,0
DA:314,0
DA:315,0
DA:317,0
DA:318,0
DA:319,0
DA:320,0
DA:321,0
DA:322,0
DA:324,0
DA:325,0
DA:326,0
DA:327,0
DA:328,0
DA:329,0
DA:331,0
DA:332,0
DA:333,0
DA:334,0
DA:335,0
DA:336,0
DA:338,0
DA:339,0
DA:340,0
DA:341,0
DA:342,0
DA:343,0
DA:345,0
DA:346,0
DA:347,0
DA:348,0
DA:349,0
DA:350,0
DA:352,0
DA:353,0
DA:354,0
DA:355,0
DA:356,0
DA:357,0
DA:359,0
DA:360,0
DA:361,0
DA:362,0
DA:363,0
DA:364,0
DA:366,0
DA:367,0
DA:368,0
DA:369,0
DA:370,0
DA:371,0
DA:373,0
DA:374,0
DA:375,0
DA:376,0
DA:377,0
DA:378,0
DA:380,0
DA:381,0
DA:382,0
DA:383,0
DA:384,0
DA:385,0
DA:387,0
DA:388,0
DA:389,0
DA:390,0
DA:391,0
DA:392,0
DA:394,0
DA:395,0
DA:396,0
DA:397,0
DA:398,0
DA:399,0
DA:401,0
DA:402,0
DA:403,0
DA:404,0
DA:405,0
DA:406,0
DA:408,0
DA:409,0
DA:410,0
DA:411,0
DA:412,0
DA:413,0
DA:415,0
DA:416,0
DA:417,0
DA:418,0
DA:419,0
DA:420,0
DA:422,0
DA:423,0
DA:424,0
DA:425,0
DA:426,0
DA:427,0
DA:429,0
DA:430,0
DA:431,0
DA:432,0
DA:433,0
DA:434,0
DA:436,0
DA:437,0
DA:438,0
DA:439,0
DA:440,0
DA:441,0
DA:443,0
DA:444,0
DA:445,0
DA:446,0
DA:447,0
DA:448,0
DA:450,0
DA:451,0
DA:452,0
DA:453,0
DA:454,0
DA:455,0
DA:457,0
DA:458,0
DA:459,0
DA:460,0
DA:461,0
DA:462,0
DA:464,0
DA:465,0
DA:466,0
DA:467,0
DA:468,0
DA:469,0
DA:471,0
DA:472,0
DA:473,0
DA:474,0
DA:475,0
DA:476,0
DA:478,0
DA:479,0
DA:480,0
DA:481,0
DA:482,0
DA:483,0
DA:485,0
DA:486,0
DA:487,0
DA:488,0
DA:489,0
DA:490,0
DA:492,0
DA:493,0
DA:494,0
DA:495,0
DA:496,0
DA:497,0
DA:499,0
DA:500,0
DA:501,0
DA:502,0
DA:503,0
DA:504,0
DA:506,0
DA:507,0
DA:508,0
DA:509,0
DA:510,0
DA:511,0
DA:513,0
DA:514,0
DA:515,0
DA:516,0
DA:517,0
DA:518,0
DA:520,0
DA:521,0
DA:522,0
DA:523,0
DA:524,0
DA:525,0
DA:527,0
DA:528,0
DA:529,0
DA:530,0
DA:531,0
DA:532,0
DA:534,0
DA:535,0
DA:536,0
DA:537,0
DA:538,0
DA:539,0
DA:541,0
DA:542,0
DA:543,0
DA:544,0
DA:545,0
DA:546,0
DA:548,0
DA:549,0
DA:550,0
DA:551,0
DA:552,0
DA:553,0
DA:555,0
DA:556,0
DA:557,0
DA:558,0
DA:559,0
DA:560,0
DA:562,0
DA:563,0
DA:564,0
DA:565,0
DA:566,0
DA:567,0
DA:569,0
DA:570,0
DA:571,0
DA:572,0
DA:573,0
DA:574,0
DA:576,0
DA:577,0
DA:578,0
DA:579,0
DA:580,0
DA:581,0
DA:583,0
DA:584,0
DA:585,0
DA:586,0
DA:587,0
DA:588,0
DA:590,0
DA:591,0
DA:592,0
DA:593,0
DA:594,0
DA:595,0
DA:596,0
LF:504
LH:0
BRF:0
BRH:0
FNF:2
FNH:0
end_of_record
SF:/Users/roymoran/docs/src/projectunicorn/pub-api/src/Pub/Infrastructure/Persistence/Migrations/20200320125116_AddSearchablePropertyToProjects.Designer.cs
FN:15,System.Void Infrastructure.Persistence.Migrations.AddSearchablePropertyToProjects::BuildTargetModel(Microsoft.EntityFrameworkCore.ModelBuilder)
FNDA:0,System.Void Infrastructure.Persistence.Migrations.AddSearchablePropertyToProjects::BuildTargetModel(Microsoft.EntityFrameworkCore.ModelBuilder)
DA:16,0
DA:18,0
DA:19,0
DA:20,0
DA:22,0
DA:23,0
DA:24,0
DA:25,0
DA:26,0
DA:27,0
DA:28,0
DA:29,0
DA:30,0
DA:31,0
DA:32,0
DA:33,0
DA:34,0
DA:35,0
DA:36,0
DA:37,0
DA:38,0
DA:39,0
DA:40,0
DA:41,0
DA:42,0
DA:43,0
DA:44,0
DA:45,0
DA:47,0
DA:48,0
DA:49,0
DA:50,0
DA:51,0
DA:52,0
DA:53,0
DA:54,0
DA:55,0
DA:56,0
DA:57,0
DA:58,0
DA:59,0
DA:60,0
DA:61,0
DA:62,0
DA:63,0
DA:64,0
DA:65,0
DA:66,0
DA:67,0
DA:68,0
DA:69,0
DA:70,0
DA:71,0
DA:72,0
DA:73,0
DA:74,0
DA:75,0
DA:76,0
DA:77,0
DA:79,0
DA:80,0
DA:81,0
DA:82,0
DA:83,0
DA:84,0
DA:85,0
DA:86,0
DA:87,0
DA:88,0
DA:89,0
DA:90,0
DA:91,0
DA:92,0
DA:93,0
DA:94,0
DA:95,0
DA:96,0
DA:97,0
DA:98,0
DA:99,0
DA:100,0
DA:101,0
DA:102,0
DA:103,0
DA:104,0
DA:105,0
DA:106,0
DA:107,0
DA:108,0
DA:109,0
DA:110,0
DA:111,0
DA:112,0
DA:113,0
DA:115,0
DA:116,0
DA:117,0
DA:118,0
DA:119,0
DA:120,0
DA:121,0
DA:122,0
DA:123,0
DA:124,0
DA:125,0
DA:126,0
DA:127,0
DA:128,0
DA:129,0
DA:130,0
DA:131,0
DA:132,0
DA:133,0
DA:134,0
DA:135,0
DA:136,0
DA:137,0
DA:138,0
DA:139,0
DA:140,0
DA:141,0
DA:142,0
DA:143,0
DA:144,0
DA:145,0
DA:146,0
DA:147,0
DA:148,0
DA:149,0
DA:150,0
DA:151,0
DA:152,0
DA:153,0
DA:154,0
DA:155,0
DA:156,0
DA:157,0
DA:158,0
DA:159,0
DA:160,0
DA:161,0
DA:162,0
DA:163,0
DA:164,0
DA:165,0
DA:166,0
DA:167,0
DA:168,0
DA:169,0
DA:170,0
DA:171,0
DA:172,0
DA:173,0
DA:174,0
DA:175,0
DA:176,0
DA:177,0
DA:178,0
DA:179,0
DA:180,0
DA:181,0
DA:182,0
DA:183,0
DA:184,0
DA:185,0
DA:186,0
DA:187,0
DA:188,0
DA:189,0
DA:190,0
DA:191,0
DA:192,0
DA:193,0
DA:194,0
DA:195,0
DA:196,0
DA:197,0
DA:198,0
DA:199,0
DA:200,0
DA:201,0
DA:202,0
DA:203,0
DA:204,0
DA:205,0
DA:206,0
DA:207,0
DA:208,0
DA:209,0
DA:210,0
DA:211,0
DA:212,0
DA:213,0
DA:214,0
DA:215,0
DA:216,0
DA:217,0
DA:218,0
DA:219,0
DA:220,0
DA:221,0
DA:222,0
DA:223,0
DA:224,0
DA:225,0
DA:226,0
DA:227,0
DA:228,0
DA:229,0
DA:230,0
DA:231,0
DA:232,0
DA:233,0
DA:234,0
DA:235,0
DA:236,0
DA:237,0
DA:238,0
DA:239,0
DA:240,0
DA:241,0
DA:242,0
DA:243,0
DA:244,0
DA:245,0
DA:246,0
DA:247,0
DA:248,0
DA:249,0
DA:250,0
DA:251,0
DA:252,0
DA:253,0
DA:254,0
DA:255,0
DA:256,0
DA:257,0
DA:258,0
DA:259,0
DA:260,0
DA:261,0
DA:262,0
DA:263,0
DA:264,0
DA:265,0
DA:266,0
DA:267,0
DA:268,0
DA:269,0
DA:270,0
DA:271,0
DA:272,0
DA:273,0
DA:274,0
DA:275,0
DA:276,0
DA:277,0
DA:278,0
DA:279,0
DA:280,0
DA:281,0
DA:282,0
DA:283,0
DA:284,0
DA:285,0
DA:286,0
DA:287,0
DA:288,0
DA:289,0
DA:290,0
DA:291,0
DA:292,0
DA:293,0
DA:294,0
DA:295,0
DA:296,0
DA:297,0
DA:298,0
DA:299,0
DA:300,0
DA:301,0
DA:302,0
DA:303,0
DA:304,0
DA:305,0
DA:306,0
DA:307,0
DA:308,0
DA:309,0
DA:310,0
DA:311,0
DA:312,0
DA:313,0
DA:314,0
DA:315,0
DA:316,0
DA:317,0
DA:318,0
DA:319,0
DA:320,0
DA:321,0
DA:322,0
DA:323,0
DA:324,0
DA:325,0
DA:326,0
DA:327,0
DA:328,0
DA:329,0
DA:330,0
DA:331,0
DA:332,0
DA:333,0
DA:334,0
DA:335,0
DA:336,0
DA:337,0
DA:338,0
DA:339,0
DA:340,0
DA:341,0
DA:342,0
DA:343,0
DA:344,0
DA:345,0
DA:346,0
DA:347,0
DA:348,0
DA:349,0
DA:350,0
DA:351,0
DA:352,0
DA:353,0
DA:354,0
DA:355,0
DA:356,0
DA:357,0
DA:358,0
DA:359,0
DA:360,0
DA:361,0
DA:362,0
DA:363,0
DA:364,0
DA:365,0
DA:366,0
DA:367,0
DA:368,0
DA:369,0
DA:370,0
DA:371,0
DA:372,0
DA:373,0
DA:374,0
DA:375,0
DA:376,0
DA:377,0
DA:378,0
DA:379,0
DA:380,0
DA:381,0
DA:382,0
DA:383,0
DA:384,0
DA:385,0
DA:386,0
DA:387,0
DA:388,0
DA:389,0
DA:390,0
DA:391,0
DA:392,0
DA:393,0
DA:394,0
DA:395,0
DA:396,0
DA:397,0
DA:398,0
DA:399,0
DA:400,0
DA:401,0
DA:402,0
DA:403,0
DA:404,0
DA:406,0
DA:407,0
DA:408,0
DA:409,0
DA:410,0
DA:411,0
DA:412,0
DA:413,0
DA:414,0
DA:415,0
DA:416,0
DA:417,0
DA:418,0
DA:419,0
DA:420,0
DA:421,0
DA:422,0
DA:423,0
DA:424,0
DA:425,0
DA:426,0
DA:427,0
DA:428,0
DA:430,0
DA:431,0
DA:432,0
DA:433,0
DA:434,0
DA:435,0
DA:436,0
DA:437,0
DA:438,0
DA:439,0
DA:440,0
DA:441,0
DA:442,0
DA:443,0
DA:444,0
DA:445,0
DA:446,0
DA:447,0
DA:448,0
DA:449,0
DA:450,0
DA:451,0
DA:452,0
DA:454,0
DA:455,0
DA:456,0
DA:457,0
DA:458,0
DA:459,0
DA:460,0
DA:461,0
DA:462,0
DA:463,0
DA:464,0
DA:465,0
DA:466,0
DA:467,0
DA:468,0
DA:469,0
DA:470,0
DA:471,0
DA:472,0
DA:473,0
DA:474,0
DA:475,0
DA:476,0
DA:477,0
DA:478,0
DA:479,0
DA:480,0
DA:481,0
DA:482,0
DA:483,0
DA:484,0
DA:485,0
DA:486,0
DA:487,0
DA:488,0
DA:489,0
DA:490,0
DA:491,0
DA:492,0
DA:493,0
DA:494,0
DA:495,0
DA:496,0
DA:498,0
DA:499,0
DA:500,0
DA:501,0
DA:502,0
DA:503,0
DA:504,0
DA:506,0
DA:507,0
DA:508,0
DA:509,0
DA:510,0
DA:511,0
DA:512,0
DA:513,0
DA:514,0
DA:515,0
DA:516,0
DA:517,0
DA:519,0
DA:520,0
DA:521,0
DA:522,0
DA:523,0
DA:524,0
DA:525,0
DA:526,0
DA:527,0
DA:528,0
DA:530,0
LF:503
LH:0
BRF:0
BRH:0
FNF:1
FNH:0
end_of_record
SF:/Users/roymoran/docs/src/projectunicorn/pub-api/src/Pub/Infrastructure/Persistence/Migrations/20200529185519_AddPassResetTokenFields.cs
FN:8,System.Void Infrastructure.Persistence.Migrations.AddPassResetTokenFields::Up(Microsoft.EntityFrameworkCore.Migrations.MigrationBuilder)
FNDA:0,System.Void Infrastructure.Persistence.Migrations.AddPassResetTokenFields::Up(Microsoft.EntityFrameworkCore.Migrations.MigrationBuilder)
DA:9,0
DA:10,0
DA:11,0
DA:12,0
DA:13,0
DA:15,0
DA:16,0
DA:17,0
DA:18,0
DA:19,0
DA:21,0
DA:22,0
DA:23,0
DA:24,0
DA:25,0
DA:26,0
DA:28,0
DA:29,0
DA:30,0
DA:31,0
DA:32,0
DA:33,0
DA:35,0
DA:36,0
DA:37,0
DA:38,0
DA:39,0
DA:40,0
DA:42,0
DA:43,0
DA:44,0
DA:45,0
DA:46,0
DA:47,0
DA:49,0
DA:50,0
DA:51,0
DA:52,0
DA:53,0
DA:54,0
DA:56,0
DA:57,0
DA:58,0
DA:59,0
DA:60,0
DA:61,0
DA:63,0
DA:64,0
DA:65,0
DA:66,0
DA:67,0
DA:68,0
DA:70,0
DA:71,0
DA:72,0
DA:73,0
DA:74,0
DA:75,0
DA:77,0
DA:78,0
DA:79,0
DA:80,0
DA:81,0
DA:82,0
DA:84,0
DA:85,0
DA:86,0
DA:87,0
DA:88,0
DA:89,0
DA:91,0
DA:92,0
DA:93,0
DA:94,0
DA:95,0
DA:96,0
DA:98,0
DA:99,0
DA:100,0
DA:101,0
DA:102,0
DA:103,0
DA:105,0
DA:106,0
DA:107,0
DA:108,0
DA:109,0
DA:110,0
DA:112,0
DA:113,0
DA:114,0
DA:115,0
DA:116,0
DA:117,0
DA:119,0
DA:120,0
DA:121,0
DA:122,0
DA:123,0
DA:124,0
DA:126,0
DA:127,0
DA:128,0
DA:129,0
DA:130,0
DA:131,0
DA:133,0
DA:134,0
DA:135,0
DA:136,0
DA:137,0
DA:138,0
DA:140,0
DA:141,0
DA:142,0
DA:143,0
DA:144,0
DA:145,0
DA:147,0
DA:148,0
DA:149,0
DA:150,0
DA:151,0
DA:152,0
DA:154,0
DA:155,0
DA:156,0
DA:157,0
DA:158,0
DA:159,0
DA:161,0
DA:162,0
DA:163,0
DA:164,0
DA:165,0
DA:166,0
DA:168,0
DA:169,0
DA:170,0
DA:171,0
DA:172,0
DA:173,0
DA:175,0
DA:176,0
DA:177,0
DA:178,0
DA:179,0
DA:180,0
DA:182,0
DA:183,0
DA:184,0
DA:185,0
DA:186,0
DA:187,0
DA:189,0
DA:190,0
DA:191,0
DA:192,0
DA:193,0
DA:194,0
DA:196,0
DA:197,0
DA:198,0
DA:199,0
DA:200,0
DA:201,0
DA:203,0
DA:204,0
DA:205,0
DA:206,0
DA:207,0
DA:208,0
DA:210,0
DA:211,0
DA:212,0
DA:213,0
DA:214,0
DA:215,0
DA:217,0
DA:218,0
DA:219,0
DA:220,0
DA:221,0
DA:222,0
DA:224,0
DA:225,0
DA:226,0
DA:227,0
DA:228,0
DA:229,0
DA:231,0
DA:232,0
DA:233,0
DA:234,0
DA:235,0
DA:236,0
DA:238,0
DA:239,0
DA:240,0
DA:241,0
DA:242,0
DA:243,0
DA:245,0
DA:246,0
DA:247,0
DA:248,0
DA:249,0
DA:250,0
DA:252,0
DA:253,0
DA:254,0
DA:255,0
DA:256,0
DA:257,0
DA:259,0
DA:260,0
DA:261,0
DA:262,0
DA:263,0
DA:264,0
DA:266,0
DA:267,0
DA:268,0
DA:269,0
DA:270,0
DA:271,0
DA:273,0
DA:274,0
DA:275,0
DA:276,0
DA:277,0
DA:278,0
DA:280,0
DA:281,0
DA:282,0
DA:283,0
DA:284,0
DA:285,0
DA:287,0
DA:288,0
DA:289,0
DA:290,0
DA:291,0
DA:292,0
DA:294,0
DA:295,0
DA:296,0
DA:297,0
DA:298,0
DA:299,0
DA:301,0
DA:302,0
DA:303,0
DA:304,0
DA:305,0
DA:306,0
DA:307,0
FN:309,System.Void Infrastructure.Persistence.Migrations.AddPassResetTokenFields::Down(Microsoft.EntityFrameworkCore.Migrations.MigrationBuilder)
FNDA:0,System.Void Infrastructure.Persistence.Migrations.AddPassResetTokenFields::Down(Microsoft.EntityFrameworkCore.Migrations.MigrationBuilder)
DA:310,0
DA:311,0
DA:312,0
DA:313,0
DA:315,0
DA:316,0
DA:317,0
DA:319,0
DA:320,0
DA:321,0
DA:322,0
DA:323,0
DA:324,0
DA:326,0
DA:327,0
DA:328,0
DA:329,0
DA:330,0
DA:331,0
DA:333,0
DA:334,0
DA:335,0
DA:336,0
DA:337,0
DA:338,0
DA:340,0
DA:341,0
DA:342,0
DA:343,0
DA:344,0
DA:345,0
DA:347,0
DA:348,0
DA:349,0
DA:350,0
DA:351,0
DA:352,0
DA:354,0
DA:355,0
DA:356,0
DA:357,0
DA:358,0
DA:359,0
DA:361,0
DA:362,0
DA:363,0
DA:364,0
DA:365,0
DA:366,0
DA:368,0
DA:369,0
DA:370,0
DA:371,0
DA:372,0
DA:373,0
DA:375,0
DA:376,0
DA:377,0
DA:378,0
DA:379,0
DA:380,0
DA:382,0
DA:383,0
DA:384,0
DA:385,0
DA:386,0
DA:387,0
DA:389,0
DA:390,0
DA:391,0
DA:392,0
DA:393,0
DA:394,0
DA:396,0
DA:397,0
DA:398,0
DA:399,0
DA:400,0
DA:401,0
DA:403,0
DA:404,0
DA:405,0
DA:406,0
DA:407,0
DA:408,0
DA:410,0
DA:411,0
DA:412,0
DA:413,0
DA:414,0
DA:415,0
DA:417,0
DA:418,0
DA:419,0
DA:420,0
DA:421,0
DA:422,0
DA:424,0
DA:425,0
DA:426,0
DA:427,0
DA:428,0
DA:429,0
DA:431,0
DA:432,0
DA:433,0
DA:434,0
DA:435,0
DA:436,0
DA:438,0
DA:439,0
DA:440,0
DA:441,0
DA:442,0
DA:443,0
DA:445,0
DA:446,0
DA:447,0
DA:448,0
DA:449,0
DA:450,0
DA:452,0
DA:453,0
DA:454,0
DA:455,0
DA:456,0
DA:457,0
DA:459,0
DA:460,0
DA:461,0
DA:462,0
DA:463,0
DA:464,0
DA:466,0
DA:467,0
DA:468,0
DA:469,0
DA:470,0
DA:471,0
DA:473,0
DA:474,0
DA:475,0
DA:476,0
DA:477,0
DA:478,0
DA:480,0
DA:481,0
DA:482,0
DA:483,0
DA:484,0
DA:485,0
DA:487,0
DA:488,0
DA:489,0
DA:490,0
DA:491,0
DA:492,0
DA:494,0
DA:495,0
DA:496,0
DA:497,0
DA:498,0
DA:499,0
DA:501,0
DA:502,0
DA:503,0
DA:504,0
DA:505,0
DA:506,0
DA:508,0
DA:509,0
DA:510,0
DA:511,0
DA:512,0
DA:513,0
DA:515,0
DA:516,0
DA:517,0
DA:518,0
DA:519,0
DA:520,0
DA:522,0
DA:523,0
DA:524,0
DA:525,0
DA:526,0
DA:527,0
DA:529,0
DA:530,0
DA:531,0
DA:532,0
DA:533,0
DA:534,0
DA:536,0
DA:537,0
DA:538,0
DA:539,0
DA:540,0
DA:541,0
DA:543,0
DA:544,0
DA:545,0
DA:546,0
DA:547,0
DA:548,0
DA:550,0
DA:551,0
DA:552,0
DA:553,0
DA:554,0
DA:555,0
DA:557,0
DA:558,0
DA:559,0
DA:560,0
DA:561,0
DA:562,0
DA:564,0
DA:565,0
DA:566,0
DA:567,0
DA:568,0
DA:569,0
DA:571,0
DA:572,0
DA:573,0
DA:574,0
DA:575,0
DA:576,0
DA:578,0
DA:579,0
DA:580,0
DA:581,0
DA:582,0
DA:583,0
DA:585,0
DA:586,0
DA:587,0
DA:588,0
DA:589,0
DA:590,0
DA:592,0
DA:593,0
DA:594,0
DA:595,0
DA:596,0
DA:597,0
DA:599,0
DA:600,0
DA:601,0
DA:602,0
DA:603,0
DA:604,0
DA:605,0
LF:511
LH:0
BRF:0
BRH:0
FNF:2
FNH:0
end_of_record
SF:/Users/roymoran/docs/src/projectunicorn/pub-api/src/Pub/Infrastructure/Persistence/Migrations/20200529185519_AddPassResetTokenFields.Designer.cs
FN:15,System.Void Infrastructure.Persistence.Migrations.AddPassResetTokenFields::BuildTargetModel(Microsoft.EntityFrameworkCore.ModelBuilder)
FNDA:0,System.Void Infrastructure.Persistence.Migrations.AddPassResetTokenFields::BuildTargetModel(Microsoft.EntityFrameworkCore.ModelBuilder)
DA:16,0
DA:18,0
DA:19,0
DA:20,0
DA:22,0
DA:23,0
DA:24,0
DA:25,0
DA:26,0
DA:27,0
DA:28,0
DA:29,0
DA:30,0
DA:31,0
DA:32,0
DA:33,0
DA:34,0
DA:35,0
DA:36,0
DA:37,0
DA:38,0
DA:39,0
DA:40,0
DA:41,0
DA:42,0
DA:43,0
DA:44,0
DA:45,0
DA:47,0
DA:48,0
DA:49,0
DA:50,0
DA:51,0
DA:52,0
DA:53,0
DA:54,0
DA:55,0
DA:56,0
DA:57,0
DA:58,0
DA:59,0
DA:60,0
DA:61,0
DA:62,0
DA:63,0
DA:64,0
DA:65,0
DA:66,0
DA:67,0
DA:68,0
DA:69,0
DA:70,0
DA:71,0
DA:72,0
DA:73,0
DA:74,0
DA:75,0
DA:76,0
DA:77,0
DA:79,0
DA:80,0
DA:81,0
DA:82,0
DA:83,0
DA:84,0
DA:85,0
DA:86,0
DA:87,0
DA:88,0
DA:89,0
DA:90,0
DA:91,0
DA:92,0
DA:93,0
DA:94,0
DA:95,0
DA:96,0
DA:97,0
DA:98,0
DA:99,0
DA:100,0
DA:101,0
DA:102,0
DA:103,0
DA:104,0
DA:105,0
DA:106,0
DA:107,0
DA:108,0
DA:109,0
DA:110,0
DA:111,0
DA:112,0
DA:113,0
DA:115,0
DA:116,0
DA:117,0
DA:118,0
DA:119,0
DA:120,0
DA:121,0
DA:122,0
DA:123,0
DA:124,0
DA:125,0
DA:126,0
DA:127,0
DA:128,0
DA:129,0
DA:130,0
DA:131,0
DA:132,0
DA:133,0
DA:134,0
DA:135,0
DA:136,0
DA:137,0
DA:138,0
DA:139,0
DA:140,0
DA:141,0
DA:142,0
DA:143,0
DA:144,0
DA:145,0
DA:146,0
DA:147,0
DA:148,0
DA:149,0
DA:150,0
DA:151,0
DA:152,0
DA:153,0
DA:154,0
DA:155,0
DA:156,0
DA:157,0
DA:158,0
DA:159,0
DA:160,0
DA:161,0
DA:162,0
DA:163,0
DA:164,0
DA:165,0
DA:166,0
DA:167,0
DA:168,0
DA:169,0
DA:170,0
DA:171,0
DA:172,0
DA:173,0
DA:174,0
DA:175,0
DA:176,0
DA:177,0
DA:178,0
DA:179,0
DA:180,0
DA:181,0
DA:182,0
DA:183,0
DA:184,0
DA:185,0
DA:186,0
DA:187,0
DA:188,0
DA:189,0
DA:190,0
DA:191,0
DA:192,0
DA:193,0
DA:194,0
DA:195,0
DA:196,0
DA:197,0
DA:198,0
DA:199,0
DA:200,0
DA:201,0
DA:202,0
DA:203,0
DA:204,0
DA:205,0
DA:206,0
DA:207,0
DA:208,0
DA:209,0
DA:210,0
DA:211,0
DA:212,0
DA:213,0
DA:214,0
DA:215,0
DA:216,0
DA:217,0
DA:218,0
DA:219,0
DA:220,0
DA:221,0
DA:222,0
DA:223,0
DA:224,0
DA:225,0
DA:226,0
DA:227,0
DA:228,0
DA:229,0
DA:230,0
DA:231,0
DA:232,0
DA:233,0
DA:234,0
DA:235,0
DA:236,0
DA:237,0
DA:238,0
DA:239,0
DA:240,0
DA:241,0
DA:242,0
DA:243,0
DA:244,0
DA:245,0
DA:246,0
DA:247,0
DA:248,0
DA:249,0
DA:250,0
DA:251,0
DA:252,0
DA:253,0
DA:254,0
DA:255,0
DA:256,0
DA:257,0
DA:258,0
DA:259,0
DA:260,0
DA:261,0
DA:262,0
DA:263,0
DA:264,0
DA:265,0
DA:266,0
DA:267,0
DA:268,0
DA:269,0
DA:270,0
DA:271,0
DA:272,0
DA:273,0
DA:274,0
DA:275,0
DA:276,0
DA:277,0
DA:278,0
DA:279,0
DA:280,0
DA:281,0
DA:282,0
DA:283,0
DA:284,0
DA:285,0
DA:286,0
DA:287,0
DA:288,0
DA:289,0
DA:290,0
DA:291,0
DA:292,0
DA:293,0
DA:294,0
DA:295,0
DA:296,0
DA:297,0
DA:298,0
DA:299,0
DA:300,0
DA:301,0
DA:302,0
DA:303,0
DA:304,0
DA:305,0
DA:306,0
DA:307,0
DA:308,0
DA:309,0
DA:310,0
DA:311,0
DA:312,0
DA:313,0
DA:314,0
DA:315,0
DA:316,0
DA:317,0
DA:318,0
DA:319,0
DA:320,0
DA:321,0
DA:322,0
DA:323,0
DA:324,0
DA:325,0
DA:326,0
DA:327,0
DA:328,0
DA:329,0
DA:330,0
DA:331,0
DA:332,0
DA:333,0
DA:334,0
DA:335,0
DA:336,0
DA:337,0
DA:338,0
DA:339,0
DA:340,0
DA:341,0
DA:342,0
DA:343,0
DA:344,0
DA:345,0
DA:346,0
DA:347,0
DA:348,0
DA:349,0
DA:350,0
DA:351,0
DA:352,0
DA:353,0
DA:354,0
DA:355,0
DA:356,0
DA:357,0
DA:358,0
DA:359,0
DA:360,0
DA:361,0
DA:362,0
DA:363,0
DA:364,0
DA:365,0
DA:366,0
DA:367,0
DA:368,0
DA:369,0
DA:370,0
DA:371,0
DA:372,0
DA:373,0
DA:374,0
DA:375,0
DA:376,0
DA:377,0
DA:378,0
DA:379,0
DA:380,0
DA:381,0
DA:382,0
DA:383,0
DA:384,0
DA:385,0
DA:386,0
DA:387,0
DA:388,0
DA:389,0
DA:390,0
DA:391,0
DA:392,0
DA:393,0
DA:394,0
DA:395,0
DA:396,0
DA:397,0
DA:398,0
DA:399,0
DA:400,0
DA:401,0
DA:402,0
DA:403,0
DA:404,0
DA:406,0
DA:407,0
DA:408,0
DA:409,0
DA:410,0
DA:411,0
DA:412,0
DA:413,0
DA:414,0
DA:415,0
DA:416,0
DA:417,0
DA:418,0
DA:419,0
DA:420,0
DA:421,0
DA:422,0
DA:423,0
DA:424,0
DA:425,0
DA:426,0
DA:427,0
DA:428,0
DA:430,0
DA:431,0
DA:432,0
DA:433,0
DA:434,0
DA:435,0
DA:436,0
DA:437,0
DA:438,0
DA:439,0
DA:440,0
DA:441,0
DA:442,0
DA:443,0
DA:444,0
DA:445,0
DA:446,0
DA:447,0
DA:448,0
DA:449,0
DA:450,0
DA:451,0
DA:452,0
DA:454,0
DA:455,0
DA:456,0
DA:457,0
DA:458,0
DA:459,0
DA:460,0
DA:461,0
DA:462,0
DA:463,0
DA:464,0
DA:465,0
DA:466,0
DA:467,0
DA:468,0
DA:469,0
DA:470,0
DA:471,0
DA:472,0
DA:473,0
DA:474,0
DA:475,0
DA:476,0
DA:477,0
DA:478,0
DA:479,0
DA:480,0
DA:481,0
DA:482,0
DA:483,0
DA:484,0
DA:485,0
DA:486,0
DA:487,0
DA:488,0
DA:489,0
DA:490,0
DA:491,0
DA:492,0
DA:493,0
DA:494,0
DA:495,0
DA:496,0
DA:497,0
DA:498,0
DA:499,0
DA:500,0
DA:502,0
DA:503,0
DA:504,0
DA:505,0
DA:506,0
DA:507,0
DA:508,0
DA:510,0
DA:511,0
DA:512,0
DA:513,0
DA:514,0
DA:515,0
DA:516,0
DA:517,0
DA:518,0
DA:519,0
DA:520,0
DA:521,0
DA:523,0
DA:524,0
DA:525,0
DA:526,0
DA:527,0
DA:528,0
DA:529,0
DA:530,0
DA:531,0
DA:532,0
DA:534,0
LF:507
LH:0
BRF:0
BRH:0
FNF:1
FNH:0
end_of_record
SF:/Users/roymoran/docs/src/projectunicorn/pub-api/src/Pub/Infrastructure/Persistence/Migrations/DatabaseContextModelSnapshot.cs
FN:13,System.Void Infrastructure.Persistence.Migrations.DatabaseContextModelSnapshot::BuildModel(Microsoft.EntityFrameworkCore.ModelBuilder)
FNDA:0,System.Void Infrastructure.Persistence.Migrations.DatabaseContextModelSnapshot::BuildModel(Microsoft.EntityFrameworkCore.ModelBuilder)
DA:14,0
DA:16,0
DA:17,0
DA:18,0
DA:20,0
DA:21,0
DA:22,0
DA:23,0
DA:24,0
DA:25,0
DA:26,0
DA:27,0
DA:28,0
DA:29,0
DA:30,0
DA:31,0
DA:32,0
DA:33,0
DA:34,0
DA:35,0
DA:36,0
DA:37,0
DA:38,0
DA:39,0
DA:40,0
DA:41,0
DA:42,0
DA:43,0
DA:45,0
DA:46,0
DA:47,0
DA:48,0
DA:49,0
DA:50,0
DA:51,0
DA:52,0
DA:53,0
DA:54,0
DA:55,0
DA:56,0
DA:57,0
DA:58,0
DA:59,0
DA:60,0
DA:61,0
DA:62,0
DA:63,0
DA:64,0
DA:65,0
DA:66,0
DA:67,0
DA:68,0
DA:69,0
DA:70,0
DA:71,0
DA:72,0
DA:73,0
DA:74,0
DA:75,0
DA:77,0
DA:78,0
DA:79,0
DA:80,0
DA:81,0
DA:82,0
DA:83,0
DA:84,0
DA:85,0
DA:86,0
DA:87,0
DA:88,0
DA:89,0
DA:90,0
DA:91,0
DA:92,0
DA:93,0
DA:94,0
DA:95,0
DA:96,0
DA:97,0
DA:98,0
DA:99,0
DA:100,0
DA:101,0
DA:102,0
DA:103,0
DA:104,0
DA:105,0
DA:106,0
DA:107,0
DA:108,0
DA:109,0
DA:110,0
DA:111,0
DA:113,0
DA:114,0
DA:115,0
DA:116,0
DA:117,0
DA:118,0
DA:119,0
DA:120,0
DA:121,0
DA:122,0
DA:123,0
DA:124,0
DA:125,0
DA:126,0
DA:127,0
DA:128,0
DA:129,0
DA:130,0
DA:131,0
DA:132,0
DA:133,0
DA:134,0
DA:135,0
DA:136,0
DA:137,0
DA:138,0
DA:139,0
DA:140,0
DA:141,0
DA:142,0
DA:143,0
DA:144,0
DA:145,0
DA:146,0
DA:147,0
DA:148,0
DA:149,0
DA:150,0
DA:151,0
DA:152,0
DA:153,0
DA:154,0
DA:155,0
DA:156,0
DA:157,0
DA:158,0
DA:159,0
DA:160,0
DA:161,0
DA:162,0
DA:163,0
DA:164,0
DA:165,0
DA:166,0
DA:167,0
DA:168,0
DA:169,0
DA:170,0
DA:171,0
DA:172,0
DA:173,0
DA:174,0
DA:175,0
DA:176,0
DA:177,0
DA:178,0
DA:179,0
DA:180,0
DA:181,0
DA:182,0
DA:183,0
DA:184,0
DA:185,0
DA:186,0
DA:187,0
DA:188,0
DA:189,0
DA:190,0
DA:191,0
DA:192,0
DA:193,0
DA:194,0
DA:195,0
DA:196,0
DA:197,0
DA:198,0
DA:199,0
DA:200,0
DA:201,0
DA:202,0
DA:203,0
DA:204,0
DA:205,0
DA:206,0
DA:207,0
DA:208,0
DA:209,0
DA:210,0
DA:211,0
DA:212,0
DA:213,0
DA:214,0
DA:215,0
DA:216,0
DA:217,0
DA:218,0
DA:219,0
DA:220,0
DA:221,0
DA:222,0
DA:223,0
DA:224,0
DA:225,0
DA:226,0
DA:227,0
DA:228,0
DA:229,0
DA:230,0
DA:231,0
DA:232,0
DA:233,0
DA:234,0
DA:235,0
DA:236,0
DA:237,0
DA:238,0
DA:239,0
DA:240,0
DA:241,0
DA:242,0
DA:243,0
DA:244,0
DA:245,0
DA:246,0
DA:247,0
DA:248,0
DA:249,0
DA:250,0
DA:251,0
DA:252,0
DA:253,0
DA:254,0
DA:255,0
DA:256,0
DA:257,0
DA:258,0
DA:259,0
DA:260,0
DA:261,0
DA:262,0
DA:263,0
DA:264,0
DA:265,0
DA:266,0
DA:267,0
DA:268,0
DA:269,0
DA:270,0
DA:271,0
DA:272,0
DA:273,0
DA:274,0
DA:275,0
DA:276,0
DA:277,0
DA:278,0
DA:279,0
DA:280,0
DA:281,0
DA:282,0
DA:283,0
DA:284,0
DA:285,0
DA:286,0
DA:287,0
DA:288,0
DA:289,0
DA:290,0
DA:291,0
DA:292,0
DA:293,0
DA:294,0
DA:295,0
DA:296,0
DA:297,0
DA:298,0
DA:299,0
DA:300,0
DA:301,0
DA:302,0
DA:303,0
DA:304,0
DA:305,0
DA:306,0
DA:307,0
DA:308,0
DA:309,0
DA:310,0
DA:311,0
DA:312,0
DA:313,0
DA:314,0
DA:315,0
DA:316,0
DA:317,0
DA:318,0
DA:319,0
DA:320,0
DA:321,0
DA:322,0
DA:323,0
DA:324,0
DA:325,0
DA:326,0
DA:327,0
DA:328,0
DA:329,0
DA:330,0
DA:331,0
DA:332,0
DA:333,0
DA:334,0
DA:335,0
DA:336,0
DA:337,0
DA:338,0
DA:339,0
DA:340,0
DA:341,0
DA:342,0
DA:343,0
DA:344,0
DA:345,0
DA:346,0
DA:347,0
DA:348,0
DA:349,0
DA:350,0
DA:351,0
DA:352,0
DA:353,0
DA:354,0
DA:355,0
DA:356,0
DA:357,0
DA:358,0
DA:359,0
DA:360,0
DA:361,0
DA:362,0
DA:363,0
DA:364,0
DA:365,0
DA:366,0
DA:367,0
DA:368,0
DA:369,0
DA:370,0
DA:371,0
DA:372,0
DA:373,0
DA:374,0
DA:375,0
DA:376,0
DA:377,0
DA:378,0
DA:379,0
DA:380,0
DA:381,0
DA:382,0
DA:383,0
DA:384,0
DA:385,0
DA:386,0
DA:387,0
DA:388,0
DA:389,0
DA:390,0
DA:391,0
DA:392,0
DA:393,0
DA:394,0
DA:395,0
DA:396,0
DA:397,0
DA:398,0
DA:399,0
DA:400,0
DA:401,0
DA:402,0
DA:404,0
DA:405,0
DA:406,0
DA:407,0
DA:408,0
DA:409,0
DA:410,0
DA:411,0
DA:412,0
DA:413,0
DA:414,0
DA:415,0
DA:416,0
DA:417,0
DA:418,0
DA:419,0
DA:420,0
DA:421,0
DA:422,0
DA:423,0
DA:424,0
DA:425,0
DA:426,0
DA:428,0
DA:429,0
DA:430,0
DA:431,0
DA:432,0
DA:433,0
DA:434,0
DA:435,0
DA:436,0
DA:437,0
DA:438,0
DA:439,0
DA:440,0
DA:441,0
DA:442,0
DA:443,0
DA:444,0
DA:445,0
DA:446,0
DA:447,0
DA:448,0
DA:449,0
DA:450,0
DA:452,0
DA:453,0
DA:454,0
DA:455,0
DA:456,0
DA:457,0
DA:458,0
DA:459,0
DA:460,0
DA:461,0
DA:462,0
DA:463,0
DA:464,0
DA:465,0
DA:466,0
DA:467,0
DA:468,0
DA:469,0
DA:470,0
DA:471,0
DA:472,0
DA:473,0
DA:474,0
DA:475,0
DA:476,0
DA:477,0
DA:478,0
DA:479,0
DA:480,0
DA:481,0
DA:482,0
DA:483,0
DA:484,0
DA:485,0
DA:486,0
DA:487,0
DA:488,0
DA:489,0
DA:490,0
DA:491,0
DA:492,0
DA:493,0
DA:494,0
DA:495,0
DA:496,0
DA:497,0
DA:498,0
DA:500,0
DA:501,0
DA:502,0
DA:503,0
DA:504,0
DA:505,0
DA:506,0
DA:508,0
DA:509,0
DA:510,0
DA:511,0
DA:512,0
DA:513,0
DA:514,0
DA:515,0
DA:516,0
DA:517,0
DA:518,0
DA:519,0
DA:521,0
DA:522,0
DA:523,0
DA:524,0
DA:525,0
DA:526,0
DA:527,0
DA:528,0
DA:529,0
DA:530,0
DA:532,0
LF:507
LH:0
BRF:0
BRH:0
FNF:1
FNH:0
end_of_record
SF:/Users/roymoran/docs/src/projectunicorn/pub-api/src/Pub/Infrastructure/Persistence/Entities/ChatAppUserEntity.cs
FN:24,System.Guid Infrastructure.Persistence.Entities.ChatAppUserEntity::get_Id()
FNDA:0,System.Guid Infrastructure.Persistence.Entities.ChatAppUserEntity::get_Id()
DA:25,0
FN:25,System.String Infrastructure.Persistence.Entities.ChatAppUserEntity::get_WorkspaceId()
FNDA:0,System.String Infrastructure.Persistence.Entities.ChatAppUserEntity::get_WorkspaceId()
DA:26,0
FN:26,System.String Infrastructure.Persistence.Entities.ChatAppUserEntity::get_WorkspaceMemberId()
FNDA:0,System.String Infrastructure.Persistence.Entities.ChatAppUserEntity::get_WorkspaceMemberId()
DA:27,0
FN:28,Infrastructure.Persistence.Entities.UserEntity Infrastructure.Persistence.Entities.ChatAppUserEntity::get_User()
FNDA:0,Infrastructure.Persistence.Entities.UserEntity Infrastructure.Persistence.Entities.ChatAppUserEntity::get_User()
DA:29,0
FN:29,System.Guid Infrastructure.Persistence.Entities.ChatAppUserEntity::get_UserId()
FNDA:0,System.Guid Infrastructure.Persistence.Entities.ChatAppUserEntity::get_UserId()
DA:30,0
FN:30,System.DateTimeOffset Infrastructure.Persistence.Entities.ChatAppUserEntity::get_CreatedAt()
FNDA:0,System.DateTimeOffset Infrastructure.Persistence.Entities.ChatAppUserEntity::get_CreatedAt()
DA:31,0
FN:31,System.DateTimeOffset Infrastructure.Persistence.Entities.ChatAppUserEntity::get_UpdatedAt()
FNDA:0,System.DateTimeOffset Infrastructure.Persistence.Entities.ChatAppUserEntity::get_UpdatedAt()
DA:32,0
FN:17,System.Void Infrastructure.Persistence.Entities.ChatAppUserEntity::.ctor()
FNDA:0,System.Void Infrastructure.Persistence.Entities.ChatAppUserEntity::.ctor()
DA:18,0
DA:19,0
DA:20,0
DA:21,0
DA:22,0
DA:23,0
FN:34,System.Void Infrastructure.Persistence.Entities.ChatAppUserEntity/<CreateAsync>d__30::MoveNext()
FNDA:0,System.Void Infrastructure.Persistence.Entities.ChatAppUserEntity/<CreateAsync>d__30::MoveNext()
DA:35,0
DA:36,0
DA:37,0
DA:39,0
DA:40,0
DA:41,0
DA:42,0
BRDA:39,116,0,0
BRDA:39,116,1,0
FN:44,System.Void Infrastructure.Persistence.Entities.ChatAppUserEntity/<DeleteAsync>d__31::MoveNext()
FNDA:0,System.Void Infrastructure.Persistence.Entities.ChatAppUserEntity/<DeleteAsync>d__31::MoveNext()
DA:45,0
DA:46,0
DA:47,0
DA:48,0
DA:49,0
DA:50,0
FN:52,System.Void Infrastructure.Persistence.Entities.ChatAppUserEntity/<FindAsync>d__32::MoveNext()
FNDA:0,System.Void Infrastructure.Persistence.Entities.ChatAppUserEntity/<FindAsync>d__32::MoveNext()
DA:53,0
DA:54,0
DA:55,0
DA:56,0
FN:58,System.Void Infrastructure.Persistence.Entities.ChatAppUserEntity/<FindAsync>d__33::MoveNext()
FNDA:0,System.Void Infrastructure.Persistence.Entities.ChatAppUserEntity/<FindAsync>d__33::MoveNext()
DA:59,0
DA:60,0
DA:61,0
DA:62,0
FN:64,System.Void Infrastructure.Persistence.Entities.ChatAppUserEntity/<UpdateAsync>d__34::MoveNext()
FNDA:0,System.Void Infrastructure.Persistence.Entities.ChatAppUserEntity/<UpdateAsync>d__34::MoveNext()
DA:65,0
DA:66,0
DA:68,0
DA:69,0
DA:70,0
DA:71,0
FN:73,System.Void Infrastructure.Persistence.Entities.ChatAppUserEntity/<GetDeveloperTechnologiesAsync>d__35::MoveNext()
FNDA:0,System.Void Infrastructure.Persistence.Entities.ChatAppUserEntity/<GetDeveloperTechnologiesAsync>d__35::MoveNext()
DA:74,0
DA:75,0
DA:76,0
DA:77,0
DA:78,0
DA:79,0
DA:80,0
DA:81,0
DA:82,0
DA:83,0
DA:84,0
DA:86,0
DA:87,0
DA:88,0
LF:54
LH:0
BRF:2
BRH:0
FNF:14
FNH:0
end_of_record
SF:/Users/roymoran/docs/src/projectunicorn/pub-api/src/Pub/Infrastructure/Persistence/Entities/CommunicationPlatformTypeEntity.cs
FN:20,System.Guid Infrastructure.Persistence.Entities.CommunicationPlatformTypeEntity::get_Id()
FNDA:0,System.Guid Infrastructure.Persistence.Entities.CommunicationPlatformTypeEntity::get_Id()
DA:21,0
FN:21,System.String Infrastructure.Persistence.Entities.CommunicationPlatformTypeEntity::get_Name()
FNDA:0,System.String Infrastructure.Persistence.Entities.CommunicationPlatformTypeEntity::get_Name()
DA:22,0
FN:22,System.DateTimeOffset Infrastructure.Persistence.Entities.CommunicationPlatformTypeEntity::get_CreatedAt()
FNDA:0,System.DateTimeOffset Infrastructure.Persistence.Entities.CommunicationPlatformTypeEntity::get_CreatedAt()
DA:23,0
FN:23,System.DateTimeOffset Infrastructure.Persistence.Entities.CommunicationPlatformTypeEntity::get_UpdatedAt()
FNDA:0,System.DateTimeOffset Infrastructure.Persistence.Entities.CommunicationPlatformTypeEntity::get_UpdatedAt()
DA:24,0
FN:13,System.Void Infrastructure.Persistence.Entities.CommunicationPlatformTypeEntity::.ctor()
FNDA:0,System.Void Infrastructure.Persistence.Entities.CommunicationPlatformTypeEntity::.ctor()
DA:14,0
DA:15,0
DA:16,0
DA:17,0
DA:18,0
DA:19,0
FN:26,System.Void Infrastructure.Persistence.Entities.CommunicationPlatformTypeEntity/<CreateAsync>d__18::MoveNext()
FNDA:0,System.Void Infrastructure.Persistence.Entities.CommunicationPlatformTypeEntity/<CreateAsync>d__18::MoveNext()
DA:27,0
DA:28,0
DA:29,0
DA:31,0
DA:32,0
DA:33,0
DA:34,0
BRDA:31,116,0,0
BRDA:31,116,1,0
FN:36,System.Void Infrastructure.Persistence.Entities.CommunicationPlatformTypeEntity/<DeleteAsync>d__19::MoveNext()
FNDA:0,System.Void Infrastructure.Persistence.Entities.CommunicationPlatformTypeEntity/<DeleteAsync>d__19::MoveNext()
DA:37,0
DA:38,0
DA:39,0
DA:40,0
DA:41,0
DA:42,0
FN:44,System.Void Infrastructure.Persistence.Entities.CommunicationPlatformTypeEntity/<FindAsync>d__20::MoveNext()
FNDA:0,System.Void Infrastructure.Persistence.Entities.CommunicationPlatformTypeEntity/<FindAsync>d__20::MoveNext()
DA:45,0
DA:46,0
DA:47,0
DA:48,0
FN:50,System.Void Infrastructure.Persistence.Entities.CommunicationPlatformTypeEntity/<FindAsync>d__21::MoveNext()
FNDA:0,System.Void Infrastructure.Persistence.Entities.CommunicationPlatformTypeEntity/<FindAsync>d__21::MoveNext()
DA:51,0
DA:52,0
DA:53,0
DA:54,0
FN:56,System.Void Infrastructure.Persistence.Entities.CommunicationPlatformTypeEntity/<UpdateAsync>d__22::MoveNext()
[...]
DA:17,0
FN:18,System.String Common.DTOs.GitHubDTOs.UserDto::get_Url()
FNDA:0,System.String Common.DTOs.GitHubDTOs.UserDto::get_Url()
DA:19,0
FN:20,System.String Common.DTOs.GitHubDTOs.UserDto::get_HtmlUrl()
FNDA:0,System.String Common.DTOs.GitHubDTOs.UserDto::get_HtmlUrl()
DA:21,0
FN:22,System.String Common.DTOs.GitHubDTOs.UserDto::get_FollowersUrl()
FNDA:0,System.String Common.DTOs.GitHubDTOs.UserDto::get_FollowersUrl()
DA:23,0
FN:24,System.String Common.DTOs.GitHubDTOs.UserDto::get_FollowingUrl()
FNDA:0,System.String Common.DTOs.GitHubDTOs.UserDto::get_FollowingUrl()
DA:25,0
FN:26,System.String Common.DTOs.GitHubDTOs.UserDto::get_GistsUrl()
FNDA:0,System.String Common.DTOs.GitHubDTOs.UserDto::get_GistsUrl()
DA:27,0
FN:28,System.String Common.DTOs.GitHubDTOs.UserDto::get_StarredUrl()
FNDA:0,System.String Common.DTOs.GitHubDTOs.UserDto::get_StarredUrl()
DA:29,0
FN:30,System.String Common.DTOs.GitHubDTOs.UserDto::get_SubscriptionsUrl()
FNDA:0,System.String Common.DTOs.GitHubDTOs.UserDto::get_SubscriptionsUrl()
DA:31,0
FN:32,System.String Common.DTOs.GitHubDTOs.UserDto::get_OrganizationsUrl()
FNDA:0,System.String Common.DTOs.GitHubDTOs.UserDto::get_OrganizationsUrl()
DA:33,0
FN:34,System.String Common.DTOs.GitHubDTOs.UserDto::get_ReposUrl()
FNDA:0,System.String Common.DTOs.GitHubDTOs.UserDto::get_ReposUrl()
DA:35,0
FN:36,System.String Common.DTOs.GitHubDTOs.UserDto::get_EventsUrl()
FNDA:0,System.String Common.DTOs.GitHubDTOs.UserDto::get_EventsUrl()
DA:37,0
FN:38,System.String Common.DTOs.GitHubDTOs.UserDto::get_ReceivedEventsUrl()
FNDA:0,System.String Common.DTOs.GitHubDTOs.UserDto::get_ReceivedEventsUrl()
DA:39,0
FN:40,System.String Common.DTOs.GitHubDTOs.UserDto::get_Type()
FNDA:0,System.String Common.DTOs.GitHubDTOs.UserDto::get_Type()
DA:41,0
FN:42,System.Boolean Common.DTOs.GitHubDTOs.UserDto::get_SiteAdmin()
FNDA:0,System.Boolean Common.DTOs.GitHubDTOs.UserDto::get_SiteAdmin()
DA:43,0
LF:18
LH:0
BRF:0
BRH:0
FNF:18
FNH:0
end_of_record
SF:/Users/roymoran/docs/src/projectunicorn/pub-api/src/Pub/Common/DTOs/DiscordDTOs/InviteDto.cs
FN:8,System.String Common.DTOs.DiscordDTOs.InviteDto::get_Code()
FNDA:0,System.String Common.DTOs.DiscordDTOs.InviteDto::get_Code()
DA:9,0
FN:10,Common.DTOs.DiscordDTOs.Guild Common.DTOs.DiscordDTOs.InviteDto::get_Guild()
FNDA:0,Common.DTOs.DiscordDTOs.Guild Common.DTOs.DiscordDTOs.InviteDto::get_Guild()
DA:11,0
FN:12,Common.DTOs.DiscordDTOs.Channel Common.DTOs.DiscordDTOs.InviteDto::get_Channel()
FNDA:0,Common.DTOs.DiscordDTOs.Channel Common.DTOs.DiscordDTOs.InviteDto::get_Channel()
DA:13,0
FN:14,Common.DTOs.DiscordDTOs.Inviter Common.DTOs.DiscordDTOs.InviteDto::get_Inviter()
FNDA:0,Common.DTOs.DiscordDTOs.Inviter Common.DTOs.DiscordDTOs.InviteDto::get_Inviter()
DA:15,0
FN:16,Common.DTOs.DiscordDTOs.Inviter Common.DTOs.DiscordDTOs.InviteDto::get_TargetUser()
FNDA:0,Common.DTOs.DiscordDTOs.Inviter Common.DTOs.DiscordDTOs.InviteDto::get_TargetUser()
DA:17,0
FN:18,System.Int64 Common.DTOs.DiscordDTOs.InviteDto::get_TargetUserType()
FNDA:0,System.Int64 Common.DTOs.DiscordDTOs.InviteDto::get_TargetUserType()
DA:19,0
FN:24,System.String Common.DTOs.DiscordDTOs.Channel::get_Id()
FNDA:0,System.String Common.DTOs.DiscordDTOs.Channel::get_Id()
DA:25,0
FN:26,System.String Common.DTOs.DiscordDTOs.Channel::get_Name()
FNDA:0,System.String Common.DTOs.DiscordDTOs.Channel::get_Name()
DA:27,0
FN:28,System.Int64 Common.DTOs.DiscordDTOs.Channel::get_Type()
FNDA:0,System.Int64 Common.DTOs.DiscordDTOs.Channel::get_Type()
DA:29,0
FN:34,System.String Common.DTOs.DiscordDTOs.Guild::get_Id()
FNDA:0,System.String Common.DTOs.DiscordDTOs.Guild::get_Id()
DA:35,0
FN:36,System.String Common.DTOs.DiscordDTOs.Guild::get_Name()
FNDA:0,System.String Common.DTOs.DiscordDTOs.Guild::get_Name()
DA:37,0
FN:38,System.Object Common.DTOs.DiscordDTOs.Guild::get_Splash()
FNDA:0,System.Object Common.DTOs.DiscordDTOs.Guild::get_Splash()
DA:39,0
FN:40,System.Object Common.DTOs.DiscordDTOs.Guild::get_Icon()
FNDA:0,System.Object Common.DTOs.DiscordDTOs.Guild::get_Icon()
DA:41,0
FN:46,System.String Common.DTOs.DiscordDTOs.Inviter::get_Id()
FNDA:0,System.String Common.DTOs.DiscordDTOs.Inviter::get_Id()
DA:47,0
FN:48,System.String Common.DTOs.DiscordDTOs.Inviter::get_Username()
FNDA:0,System.String Common.DTOs.DiscordDTOs.Inviter::get_Username()
DA:49,0
FN:50,System.String Common.DTOs.DiscordDTOs.Inviter::get_Avatar()
FNDA:0,System.String Common.DTOs.DiscordDTOs.Inviter::get_Avatar()
DA:51,0
FN:52,System.Int64 Common.DTOs.DiscordDTOs.Inviter::get_Discriminator()
FNDA:0,System.Int64 Common.DTOs.DiscordDTOs.Inviter::get_Discriminator()
DA:53,0
LF:17
LH:0
BRF:0
BRH:0
FNF:17
FNH:0
end_of_record
SF:/Users/roymoran/docs/src/projectunicorn/pub-api/src/Pub/Common/AppSettings/AppSettings.cs
FN:10,System.String Common.AppSettings.AppSettings::get_ApiV1()
FNDA:0,System.String Common.AppSettings.AppSettings::get_ApiV1()
DA:11,0
FN:11,System.String Common.AppSettings.AppSettings::get_ApiName()
FNDA:0,System.String Common.AppSettings.AppSettings::get_ApiName()
DA:12,0
FN:12,System.String Common.AppSettings.AppSettings::get_Env()
FNDA:0,System.String Common.AppSettings.AppSettings::get_Env()
DA:13,0
FN:13,System.String Common.AppSettings.AppSettings::get_JwtAudience()
FNDA:0,System.String Common.AppSettings.AppSettings::get_JwtAudience()
DA:14,0
FN:14,System.String Common.AppSettings.AppSettings::get_JwtIssuer()
FNDA:0,System.String Common.AppSettings.AppSettings::get_JwtIssuer()
DA:15,0
FN:15,System.String Common.AppSettings.AppSettings::get_JwtSecretKey()
FNDA:0,System.String Common.AppSettings.AppSettings::get_JwtSecretKey()
DA:16,0
FN:16,System.String Common.AppSettings.AppSettings::get_ConnectionString()
FNDA:0,System.String Common.AppSettings.AppSettings::get_ConnectionString()
DA:17,0
FN:17,Common.Contracts.IEmailConfiguration Common.AppSettings.AppSettings::get_EmailConfiguration()
FNDA:0,Common.Contracts.IEmailConfiguration Common.AppSettings.AppSettings::get_EmailConfiguration()
DA:18,0
FN:18,System.String Common.AppSettings.AppSettings::get_FeedbackRecipients()
FNDA:0,System.String Common.AppSettings.AppSettings::get_FeedbackRecipients()
DA:19,0
FN:19,System.String Common.AppSettings.AppSettings::get_ApiKey()
FNDA:0,System.String Common.AppSettings.AppSettings::get_ApiKey()
DA:20,0
FN:20,System.String Common.AppSettings.AppSettings::get_PubSlackAppQueueName()
FNDA:0,System.String Common.AppSettings.AppSettings::get_PubSlackAppQueueName()
DA:21,0
FN:23,System.String Common.AppSettings.AppSettings::get_MainUrl()
FNDA:0,System.String Common.AppSettings.AppSettings::get_MainUrl()
DA:24,0
FN:24,System.String Common.AppSettings.AppSettings::get_SlackSigningSecret()
FNDA:0,System.String Common.AppSettings.AppSettings::get_SlackSigningSecret()
DA:25,0
FN:25,System.String Common.AppSettings.AppSettings::get_IntroductionChannelId()
FNDA:0,System.String Common.AppSettings.AppSettings::get_IntroductionChannelId()
DA:26,0
FN:26,System.String Common.AppSettings.AppSettings::get_PrivateIntroChannelId()
FNDA:0,System.String Common.AppSettings.AppSettings::get_PrivateIntroChannelId()
DA:27,0
FN:27,System.String Common.AppSettings.AppSettings::get_PrivateRegistrationChannelId()
FNDA:0,System.String Common.AppSettings.AppSettings::get_PrivateRegistrationChannelId()
DA:28,0
FN:28,System.String Common.AppSettings.AppSettings::get_PrivateProjectsChannelId()
FNDA:0,System.String Common.AppSettings.AppSettings::get_PrivateProjectsChannelId()
DA:29,0
FN:29,System.String Common.AppSettings.AppSettings::get_PrivateFeedbackChannelId()
FNDA:0,System.String Common.AppSettings.AppSettings::get_PrivateFeedbackChannelId()
DA:30,0
FN:30,System.String Common.AppSettings.AppSettings::get_ProjectIdeasChannelId()
FNDA:0,System.String Common.AppSettings.AppSettings::get_ProjectIdeasChannelId()
DA:31,0
FN:32,System.String Common.AppSettings.AppSettings::get_SlackAuthToken()
FNDA:0,System.String Common.AppSettings.AppSettings::get_SlackAuthToken()
DA:33,0
FN:33,System.String Common.AppSettings.AppSettings::get_GitHubOrganization()
FNDA:0,System.String Common.AppSettings.AppSettings::get_GitHubOrganization()
DA:34,0
FN:34,System.String Common.AppSettings.AppSettings::get_GitHubAppId()
FNDA:0,System.String Common.AppSettings.AppSettings::get_GitHubAppId()
DA:35,0
FN:35,System.String Common.AppSettings.AppSettings::get_GitHubAppInstallationId()
FNDA:0,System.String Common.AppSettings.AppSettings::get_GitHubAppInstallationId()
DA:36,0
FN:36,System.String Common.AppSettings.AppSettings::get_GitHubAppPrivateRSAKey()
FNDA:0,System.String Common.AppSettings.AppSettings::get_GitHubAppPrivateRSAKey()
DA:37,0
FN:37,System.String Common.AppSettings.AppSettings::get_GitHubInstallationAccessToken()
FNDA:0,System.String Common.AppSettings.AppSettings::get_GitHubInstallationAccessToken()
DA:38,0
FN:38,System.String Common.AppSettings.AppSettings::get_PrivilegedMembers()
FNDA:0,System.String Common.AppSettings.AppSettings::get_PrivilegedMembers()
DA:39,0
FN:41,System.String Common.AppSettings.AppSettings::get_SendGridTemplatesApiKey()
FNDA:0,System.String Common.AppSettings.AppSettings::get_SendGridTemplatesApiKey()
DA:42,0
FN:42,System.String Common.AppSettings.AppSettings::get_ServiceBusConnectionString()
FNDA:0,System.String Common.AppSettings.AppSettings::get_ServiceBusConnectionString()
DA:43,0
FN:43,System.String Common.AppSettings.AppSettings::get_ServiceBusQueueName()
FNDA:0,System.String Common.AppSettings.AppSettings::get_ServiceBusQueueName()
DA:44,0
FN:44,System.String Common.AppSettings.AppSettings::get_TableStorageConnectionString()
FNDA:0,System.String Common.AppSettings.AppSettings::get_TableStorageConnectionString()
DA:45,0
FN:45,System.String Common.AppSettings.AppSettings::get_StorageTableName()
FNDA:0,System.String Common.AppSettings.AppSettings::get_StorageTableName()
DA:46,0
LF:31
LH:0
BRF:0
BRH:0
FNF:31
FNH:0
end_of_record
SF:/Users/roymoran/docs/src/projectunicorn/pub-api/src/Pub/Common/AppSettings/Settings.cs
FN:8,System.String Common.AppSettings.Settings::get_ApiV1()
FNDA:0,System.String Common.AppSettings.Settings::get_ApiV1()
DA:9,0
FN:9,System.String Common.AppSettings.Settings::get_ApiName()
FNDA:0,System.String Common.AppSettings.Settings::get_ApiName()
DA:10,0
FN:10,System.String Common.AppSettings.Settings::get_Env()
FNDA:0,System.String Common.AppSettings.Settings::get_Env()
DA:11,0
FN:11,System.String Common.AppSettings.Settings::get_JwtAudience()
FNDA:0,System.String Common.AppSettings.Settings::get_JwtAudience()
DA:12,0
FN:12,System.String Common.AppSettings.Settings::get_JwtIssuer()
FNDA:0,System.String Common.AppSettings.Settings::get_JwtIssuer()
DA:13,0
FN:13,System.String Common.AppSettings.Settings::get_JwtSecretKey()
FNDA:0,System.String Common.AppSettings.Settings::get_JwtSecretKey()
DA:14,0
FN:14,System.String Common.AppSettings.Settings::get_ConnectionString()
FNDA:0,System.String Common.AppSettings.Settings::get_ConnectionString()
DA:15,0
FN:15,Common.Contracts.IEmailConfiguration Common.AppSettings.Settings::get_EmailConfiguration()
FNDA:0,Common.Contracts.IEmailConfiguration Common.AppSettings.Settings::get_EmailConfiguration()
DA:16,0
FN:16,System.String Common.AppSettings.Settings::get_FeedbackRecipients()
FNDA:0,System.String Common.AppSettings.Settings::get_FeedbackRecipients()
DA:17,0
FN:17,System.String Common.AppSettings.Settings::get_ApiKey()
FNDA:0,System.String Common.AppSettings.Settings::get_ApiKey()
DA:18,0
FN:18,System.String Common.AppSettings.Settings::get_PubSlackAppQueueName()
FNDA:0,System.String Common.AppSettings.Settings::get_PubSlackAppQueueName()
DA:19,0
FN:21,System.String Common.AppSettings.Settings::get_MainUrl()
FNDA:0,System.String Common.AppSettings.Settings::get_MainUrl()
DA:22,0
FN:22,System.String Common.AppSettings.Settings::get_SlackSigningSecret()
FNDA:0,System.String Common.AppSettings.Settings::get_SlackSigningSecret()
DA:23,0
FN:23,System.String Common.AppSettings.Settings::get_IntroductionChannelId()
FNDA:0,System.String Common.AppSettings.Settings::get_IntroductionChannelId()
DA:24,0
FN:24,System.String Common.AppSettings.Settings::get_PrivateIntroChannelId()
FNDA:0,System.String Common.AppSettings.Settings::get_PrivateIntroChannelId()
DA:25,0
FN:25,System.String Common.AppSettings.Settings::get_PrivateRegistrationChannelId()
FNDA:0,System.String Common.AppSettings.Settings::get_PrivateRegistrationChannelId()
DA:26,0
FN:26,System.String Common.AppSettings.Settings::get_PrivateProjectsChannelId()
FNDA:0,System.String Common.AppSettings.Settings::get_PrivateProjectsChannelId()
DA:27,0
FN:27,System.String Common.AppSettings.Settings::get_PrivateFeedbackChannelId()
FNDA:0,System.String Common.AppSettings.Settings::get_PrivateFeedbackChannelId()
DA:28,0
FN:28,System.String Common.AppSettings.Settings::get_ProjectIdeasChannelId()
FNDA:0,System.String Common.AppSettings.Settings::get_ProjectIdeasChannelId()
DA:29,0
FN:29,System.String Common.AppSettings.Settings::get_SlackAuthToken()
FNDA:0,System.String Common.AppSettings.Settings::get_SlackAuthToken()
DA:30,0
FN:30,System.String Common.AppSettings.Settings::get_GitHubOrganization()
FNDA:0,System.String Common.AppSettings.Settings::get_GitHubOrganization()
DA:31,0
FN:31,System.String Common.AppSettings.Settings::get_GitHubAppId()
FNDA:0,System.String Common.AppSettings.Settings::get_GitHubAppId()
DA:32,0
FN:32,System.String Common.AppSettings.Settings::get_GitHubAppInstallationId()
FNDA:0,System.String Common.AppSettings.Settings::get_GitHubAppInstallationId()
DA:33,0
FN:33,System.String Common.AppSettings.Settings::get_GitHubAppPrivateRSAKey()
FNDA:0,System.String Common.AppSettings.Settings::get_GitHubAppPrivateRSAKey()
DA:34,0
FN:34,System.String Common.AppSettings.Settings::get_GitHubInstallationAccessToken()
FNDA:0,System.String Common.AppSettings.Settings::get_GitHubInstallationAccessToken()
DA:35,0
FN:35,System.String Common.AppSettings.Settings::get_PrivilegedMembers()
FNDA:0,System.String Common.AppSettings.Settings::get_PrivilegedMembers()
DA:36,0
FN:38,System.String Common.AppSettings.Settings::get_SendGridTemplatesApiKey()
FNDA:0,System.String Common.AppSettings.Settings::get_SendGridTemplatesApiKey()
DA:39,0
FN:39,System.String Common.AppSettings.Settings::get_ServiceBusConnectionString()
FNDA:0,System.String Common.AppSettings.Settings::get_ServiceBusConnectionString()
DA:40,0
FN:40,System.String Common.AppSettings.Settings::get_ServiceBusQueueName()
FNDA:0,System.String Common.AppSettings.Settings::get_ServiceBusQueueName()
DA:41,0
FN:41,System.String Common.AppSettings.Settings::get_TableStorageConnectionString()
FNDA:0,System.String Common.AppSettings.Settings::get_TableStorageConnectionString()
DA:42,0
FN:42,System.String Common.AppSettings.Settings::get_StorageTableName()
FNDA:0,System.String Common.AppSettings.Settings::get_StorageTableName()
DA:43,0
FN:43,System.String Common.AppSettings.Settings::get_MailTrackingTableName()
FNDA:0,System.String Common.AppSettings.Settings::get_MailTrackingTableName()
DA:44,0
FN:46,System.String Common.AppSettings.Settings::get_PubApiEndpoint()
FNDA:0,System.String Common.AppSettings.Settings::get_PubApiEndpoint()
DA:47,0
LF:33
LH:0
BRF:0
BRH:0
FNF:33
FNH:0
end_of_record
SF:/Users/roymoran/docs/src/projectunicorn/pub-api/src/Pub/SlackApp/Program.cs
FN:15,System.Void SlackApp.Program::Main(System.String[])
FNDA:0,System.Void SlackApp.Program::Main(System.String[])
DA:16,0
DA:17,0
DA:18,0
FN:20,Microsoft.AspNetCore.Hosting.IWebHostBuilder SlackApp.Program::CreateWebHostBuilder(System.String[])
FNDA:0,Microsoft.AspNetCore.Hosting.IWebHostBuilder SlackApp.Program::CreateWebHostBuilder(System.String[])
DA:21,0
DA:22,0
LF:5
LH:0
BRF:0
BRH:0
FNF:2
FNH:0
end_of_record
SF:/Users/roymoran/docs/src/projectunicorn/pub-api/src/Pub/SlackApp/Startup.cs
FN:26,Microsoft.Extensions.Configuration.IConfiguration SlackApp.Startup::get_Configuration()
FNDA:0,Microsoft.Extensions.Configuration.IConfiguration SlackApp.Startup::get_Configuration()
DA:27,0
FN:30,System.Void SlackApp.Startup::ConfigureServices(Microsoft.Extensions.DependencyInjection.IServiceCollection)
FNDA:0,System.Void SlackApp.Startup::ConfigureServices(Microsoft.Extensions.DependencyInjection.IServiceCollection)
DA:31,0
DA:32,0
DA:33,0
DA:34,0
FN:37,System.Void SlackApp.Startup::Configure(Microsoft.AspNetCore.Builder.IApplicationBuilder,Microsoft.AspNetCore.Hosting.IWebHostEnvironment)
FNDA:0,System.Void SlackApp.Startup::Configure(Microsoft.AspNetCore.Builder.IApplicationBuilder,Microsoft.AspNetCore.Hosting.IWebHostEnvironment)
DA:38,0
DA:39,0
DA:40,0
DA:41,0
DA:42,0
DA:43,0
DA:45,0
DA:46,0
DA:47,0
DA:48,0
DA:50,0
DA:51,0
DA:53,0
DA:54,0
DA:56,0
DA:58,0
DA:59,0
DA:60,0
DA:61,0
DA:62,0
BRDA:45,47,0,0
BRDA:45,47,1,0
FN:64,System.Void SlackApp.Startup::InitializeSettings()
FNDA:0,System.Void SlackApp.Startup::InitializeSettings()
DA:65,0
DA:66,0
DA:67,0
DA:68,0
DA:70,0
DA:71,0
DA:72,0
DA:73,0
DA:74,0
DA:77,0
DA:79,0
BRDA:70,72,0,0
BRDA:70,79,0,0
BRDA:70,72,1,0
BRDA:70,79,1,0
BRDA:70,94,0,0
BRDA:70,94,1,0
FN:18,System.Void SlackApp.Startup::.ctor(Microsoft.Extensions.Configuration.IConfiguration,Microsoft.Extensions.Logging.ILogger`1<SlackApp.Startup>,Microsoft.Extensions.Logging.ILogger`1<Infrastructure.Messaging.MessageQueue>)
FNDA:0,System.Void SlackApp.Startup::.ctor(Microsoft.Extensions.Configuration.IConfiguration,Microsoft.Extensions.Logging.ILogger`1<SlackApp.Startup>,Microsoft.Extensions.Logging.ILogger`1<Infrastructure.Messaging.MessageQueue>)
DA:19,0
DA:20,0
DA:21,0
DA:22,0
DA:23,0
DA:24,0
DA:25,0
LF:43
LH:0
BRF:8
BRH:0
FNF:5
FNH:0
end_of_record
SF:/Users/roymoran/docs/src/projectunicorn/pub-api/src/Pub/SlackApp/Helpers/SlackRequestValidator.cs
FN:65,System.String SlackApp.Helpers.SlackRequestValidator::ComputeSha256Hash(System.String,System.String)
FNDA:0,System.String SlackApp.Helpers.SlackRequestValidator::ComputeSha256Hash(System.String,System.String)
DA:66,0
DA:67,0
DA:68,0
DA:69,0
DA:72,0
DA:73,0
DA:75,0
DA:76,0
DA:77,0
FN:14,System.Void SlackApp.Helpers.SlackRequestValidator::.ctor()
FNDA:0,System.Void SlackApp.Helpers.SlackRequestValidator::.ctor()
DA:15,0
DA:16,0
DA:17,0
DA:18,0
DA:20,0
DA:21,0
DA:23,0
FN:28,System.Void SlackApp.Helpers.SlackRequestValidator::.ctor(System.String)
FNDA:0,System.Void SlackApp.Helpers.SlackRequestValidator::.ctor(System.String)
DA:29,0
DA:30,0
DA:31,0
DA:32,0
FN:42,System.String SlackApp.Helpers.SlackRequestValidator/<>c::<IsValid>b__6_0(System.Text.RegularExpressions.Match)
FNDA:0,System.String SlackApp.Helpers.SlackRequestValidator/<>c::<IsValid>b__6_0(System.Text.RegularExpressions.Match)
DA:43,0
FN:34,System.Void SlackApp.Helpers.SlackRequestValidator/<IsValid>d__6::MoveNext()
FNDA:0,System.Void SlackApp.Helpers.SlackRequestValidator/<IsValid>d__6::MoveNext()
DA:35,0
DA:36,0
DA:37,0
DA:38,0
DA:39,0
DA:40,0
DA:41,0
DA:42,0
DA:44,0
DA:45,0
DA:46,0
DA:47,0
DA:48,0
DA:50,0
DA:51,0
DA:52,0
DA:53,0
DA:54,0
DA:56,0
DA:57,0
DA:58,0
DA:60,0
DA:62,0
DA:63,0
BRDA:38,54,0,0
BRDA:40,295,1,0
BRDA:40,295,0,0
BRDA:38,54,1,0
LF:45
LH:0
BRF:4
BRH:0
FNF:5
FNH:0
end_of_record
SF:/Users/roymoran/docs/src/projectunicorn/pub-api/src/Pub/SlackApp/Controllers/SlackController.cs
FN:17,System.Void SlackApp.Controllers.SlackController::.ctor(Common.Contracts.IMessageQueue)
FNDA:0,System.Void SlackApp.Controllers.SlackController::.ctor(Common.Contracts.IMessageQueue)
DA:18,0
DA:19,0
DA:20,0
DA:21,0
DA:22,0
FN:26,System.Void SlackApp.Controllers.SlackController/<RecieveEvent>d__3::MoveNext()
FNDA:0,System.Void SlackApp.Controllers.SlackController/<RecieveEvent>d__3::MoveNext()
DA:27,0
DA:29,0
DA:30,0
DA:31,0
DA:33,0
DA:34,0
DA:35,0
DA:36,0
DA:39,0
DA:40,0
DA:43,0
DA:44,0
BRDA:29,157,0,0
BRDA:33,200,0,0
BRDA:33,200,1,0
BRDA:29,157,1,0
FN:48,System.Void SlackApp.Controllers.SlackController/<RecieveCommand>d__4::MoveNext()
FNDA:0,System.Void SlackApp.Controllers.SlackController/<RecieveCommand>d__4::MoveNext()
DA:49,0
DA:50,0
DA:51,0
DA:52,0
DA:53,0
DA:55,0
DA:56,0
BRDA:50,157,0,0
BRDA:50,157,1,0
LF:24
LH:0
BRF:6
BRH:0
FNF:3
FNH:0
end_of_record