SF:/Users/roymoran/docs/src/projectunicorn/pub-api/src/Pub/Common/Services/DiscordService.cs
FN:12,System.Void Common.Services.DiscordService::.ctor()
FNDA:2,System.Void Common.Services.DiscordService::.ctor()
DA:13,2
DA:14,2
DA:15,2
DA:17,2
DA:18,2
DA:19,2
FN:21,System.Void Common.Services.DiscordService/<GetInviteStatus>d__4::MoveNext()
FNDA:2,System.Void Common.Services.DiscordService/<GetInviteStatus>d__4::MoveNext()
DA:22,2
DA:23,2
DA:24,2
DA:25,2
DA:26,2
DA:27,2
DA:28,2
DA:29,1
DA:30,1
DA:31,1
DA:33,2
DA:34,2
BRDA:28,301,0,1
BRDA:28,301,1,2
LF:18
LH:18
BRF:2
BRH:2
FNF:2
FNH:2
end_of_record
SF:/Users/roymoran/docs/src/projectunicorn/pub-api/src/Pub/Common/Services/PubService.cs
FN:8,System.Void Common.Services.PubService::.ctor(System.String,System.String)
FNDA:0,System.Void Common.Services.PubService::.ctor(System.String,System.String)
DA:9,0
DA:11,0
DA:13,0
DA:14,0
DA:15,0
DA:16,0
DA:17,0
FN:19,System.Void Common.Services.PubService/<GetProjects>d__4::MoveNext()
FNDA:0,System.Void Common.Services.PubService/<GetProjects>d__4::MoveNext()
DA:20,0
DA:21,0
DA:22,0
DA:23,0
FN:25,System.Void Common.Services.PubService/<UpdateProject>d__5::MoveNext()
FNDA:0,System.Void Common.Services.PubService/<UpdateProject>d__5::MoveNext()
DA:26,0
DA:27,0
DA:28,0
DA:29,0
LF:15
LH:0
BRF:0
BRH:0
FNF:3
FNH:0
end_of_record
SF:/Users/roymoran/docs/src/projectunicorn/pub-api/src/Pub/Common/Services/SlackService.cs
FN:10,System.Void Common.Services.SlackService::.ctor()
FNDA:2,System.Void Common.Services.SlackService::.ctor()
DA:11,2
DA:12,2
DA:13,2
DA:16,2
DA:17,2
DA:18,2
DA:19,2
FN:21,System.Void Common.Services.SlackService/<GetSlackUserInfo>d__5::MoveNext()
FNDA:0,System.Void Common.Services.SlackService/<GetSlackUserInfo>d__5::MoveNext()
DA:22,0
DA:23,0
DA:24,0
DA:25,0
FN:27,System.Void Common.Services.SlackService/<ChatPostMessage>d__6::MoveNext()
FNDA:0,System.Void Common.Services.SlackService/<ChatPostMessage>d__6::MoveNext()
DA:28,0
DA:29,0
DA:30,0
DA:31,0
FN:33,System.Void Common.Services.SlackService/<ChatRetrieveMessage>d__7::MoveNext()
FNDA:0,System.Void Common.Services.SlackService/<ChatRetrieveMessage>d__7::MoveNext()
DA:34,0
DA:35,0
DA:36,0
DA:37,0
FN:39,System.Void Common.Services.SlackService/<GetInviteStatus>d__8::MoveNext()
FNDA:2,System.Void Common.Services.SlackService/<GetInviteStatus>d__8::MoveNext()
DA:40,2
DA:41,2
DA:43,2
DA:44,2
DA:45,2
DA:46,2
BRDA:41,33,0,0
BRDA:41,33,1,2
LF:25
LH:13
BRF:2
BRH:1
FNF:5
FNH:2
end_of_record
SF:/Users/roymoran/docs/src/projectunicorn/pub-api/src/Pub/Common/Services/WorkspaceAppService.cs
FN:44,System.String Common.Services.WorkspaceAppService::ResolveBaseUri(System.String)
FNDA:0,System.String Common.Services.WorkspaceAppService::ResolveBaseUri(System.String)
DA:45,0
DA:46,0
DA:47,0
DA:48,0
FN:17,System.Void Common.Services.WorkspaceAppService::.ctor(System.Collections.Generic.Dictionary`2<System.String,System.String>)
FNDA:0,System.Void Common.Services.WorkspaceAppService::.ctor(System.Collections.Generic.Dictionary`2<System.String,System.String>)
DA:18,0
DA:21,0
DA:22,0
DA:23,0
DA:24,0
FN:31,System.Void Common.Services.WorkspaceAppService/<GetInstallUrl>d__3::MoveNext()
FNDA:0,System.Void Common.Services.WorkspaceAppService/<GetInstallUrl>d__3::MoveNext()
DA:32,0
DA:33,0
DA:34,0
DA:35,0
DA:36,0
DA:37,0
LF:15
LH:0
BRF:0
BRH:0
FNF:3
FNH:0
end_of_record
SF:/Users/roymoran/docs/src/projectunicorn/pub-api/src/Pub/Common/POCOs/ApiKey.cs
FN:13,System.Int32 Common.POCOs.ApiKey::get_Id()
FNDA:0,System.Int32 Common.POCOs.ApiKey::get_Id()
DA:14,0
FN:14,System.String Common.POCOs.ApiKey::get_Name()
FNDA:0,System.String Common.POCOs.ApiKey::get_Name()
DA:15,0
FN:15,System.String Common.POCOs.ApiKey::get_Key()
FNDA:0,System.String Common.POCOs.ApiKey::get_Key()
DA:16,0
FN:6,System.Void Common.POCOs.ApiKey::.ctor(System.Int32,System.String,System.String)
FNDA:0,System.Void Common.POCOs.ApiKey::.ctor(System.Int32,System.String,System.String)
DA:7,0
DA:8,0
DA:9,0
DA:10,0
DA:11,0
DA:12,0
LF:9
LH:0
BRF:0
BRH:0
FNF:4
FNH:0
end_of_record
SF:/Users/roymoran/docs/src/projectunicorn/pub-api/src/Pub/Common/Models/User.cs
FN:22,System.Guid Common.Models.User::get_Id()
FNDA:0,System.Guid Common.Models.User::get_Id()
DA:23,0
FN:23,System.String Common.Models.User::get_FullName()
FNDA:0,System.String Common.Models.User::get_FullName()
DA:24,0
FN:24,System.String Common.Models.User::get_Username()
FNDA:0,System.String Common.Models.User::get_Username()
DA:25,0
FN:25,System.String Common.Models.User::get_Email()
FNDA:0,System.String Common.Models.User::get_Email()
DA:26,0
FN:26,System.String Common.Models.User::get_Bio()
FNDA:0,System.String Common.Models.User::get_Bio()
DA:27,0
FN:27,System.String Common.Models.User::get_Timezone()
FNDA:0,System.String Common.Models.User::get_Timezone()
DA:28,0
FN:28,System.String Common.Models.User::get_Locale()
FNDA:0,System.String Common.Models.User::get_Locale()
DA:29,0
FN:29,System.Boolean Common.Models.User::get_LookingForProject()
FNDA:0,System.Boolean Common.Models.User::get_LookingForProject()
DA:30,0
FN:30,System.String Common.Models.User::get_GitHubUsername()
FNDA:0,System.String Common.Models.User::get_GitHubUsername()
DA:31,0
FN:31,System.String Common.Models.User::get_ProfilePictureUrl()
FNDA:0,System.String Common.Models.User::get_ProfilePictureUrl()
DA:32,0
FN:34,System.Boolean Common.Models.User::ValidUsernameCharacters(System.String)
FNDA:0,System.Boolean Common.Models.User::ValidUsernameCharacters(System.String)
DA:35,0
DA:36,0
DA:37,0
FN:39,System.Boolean Common.Models.User::ValidUsernameMaxLength(System.String)
FNDA:0,System.Boolean Common.Models.User::ValidUsernameMaxLength(System.String)
DA:40,0
DA:41,0
DA:42,0
FN:44,System.Boolean Common.Models.User::ValidUsernameMinLength(System.String)
FNDA:0,System.Boolean Common.Models.User::ValidUsernameMinLength(System.String)
DA:45,0
DA:46,0
DA:47,0
FN:7,System.Void Common.Models.User::.ctor()
FNDA:0,System.Void Common.Models.User::.ctor()
DA:8,0
DA:9,0
DA:10,0
FN:11,System.Void Common.Models.User::.ctor(System.String,System.String,System.String,System.String,System.Boolean,System.String,System.String)
FNDA:0,System.Void Common.Models.User::.ctor(System.String,System.String,System.String,System.String,System.Boolean,System.String,System.String)
DA:12,0
DA:13,0
DA:14,0
DA:15,0
DA:16,0
DA:17,0
DA:18,0
DA:19,0
DA:20,0
DA:21,0
LF:32
LH:0
BRF:0
BRH:0
FNF:15
FNH:0
end_of_record
SF:/Users/roymoran/docs/src/projectunicorn/pub-api/src/Pub/Common/Http/Http.cs
FN:174,System.Net.Http.HttpRequestMessage Common.Http.Http::BuildRequestMessage(System.Net.Http.HttpMethod,System.String)
FNDA:4,System.Net.Http.HttpRequestMessage Common.Http.Http::BuildRequestMessage(System.Net.Http.HttpMethod,System.String)
DA:175,4
DA:177,4
DA:178,4
DA:179,4
DA:180,4
DA:181,4
DA:183,4
DA:184,4
FN:186,System.Net.Http.HttpRequestMessage Common.Http.Http::BuildRequestMessage(System.Net.Http.HttpMethod,System.String,System.Object)
FNDA:0,System.Net.Http.HttpRequestMessage Common.Http.Http::BuildRequestMessage(System.Net.Http.HttpMethod,System.String,System.Object)
DA:187,0
DA:189,0
DA:190,0
DA:191,0
DA:192,0
DA:193,0
DA:194,0
DA:195,0
DA:196,0
DA:197,0
DA:199,0
DA:200,0
FN:11,System.Void Common.Http.Http::.cctor()
FNDA:1,System.Void Common.Http.Http::.cctor()
DA:12,1
FN:14,System.Void Common.Http.Http/<MakeRequestAsync>d__1`1::MoveNext()
FNDA:2,System.Void Common.Http.Http/<MakeRequestAsync>d__1`1::MoveNext()
DA:15,2
DA:16,2
DA:17,2
DA:18,2
FN:20,System.Void Common.Http.Http/<MakeRequestForHtmlAsync>d__2::MoveNext()
FNDA:2,System.Void Common.Http.Http/<MakeRequestForHtmlAsync>d__2::MoveNext()
DA:21,2
DA:22,2
DA:23,2
DA:24,2
FN:26,System.Void Common.Http.Http/<MakeRequestAsync>d__3::MoveNext()
FNDA:0,System.Void Common.Http.Http/<MakeRequestAsync>d__3::MoveNext()
DA:27,0
DA:28,0
DA:29,0
DA:30,0
FN:32,System.Void Common.Http.Http/<Get>d__4::MoveNext()
FNDA:0,System.Void Common.Http.Http/<Get>d__4::MoveNext()
DA:33,0
DA:34,0
DA:35,0
DA:36,0
DA:37,0
DA:39,0
DA:41,0
DA:42,0
DA:43,0
DA:44,0
DA:46,0
DA:47,0
DA:48,0
BRDA:34,29,0,0
BRDA:34,29,1,0
BRDA:41,173,1,0
BRDA:41,173,0,0
FN:51,System.Void Common.Http.Http/<GetHtml>d__5::MoveNext()
FNDA:2,System.Void Common.Http.Http/<GetHtml>d__5::MoveNext()
DA:52,2
DA:53,2
DA:54,0
DA:55,0
DA:56,0
DA:58,2
DA:60,0
DA:61,0
DA:62,0
DA:63,0
DA:65,2
DA:66,2
DA:67,2
BRDA:53,29,0,0
BRDA:53,29,1,2
BRDA:60,173,1,0
BRDA:60,173,0,2
FN:69,System.Void Common.Http.Http/<Get>d__6`1::MoveNext()
FNDA:2,System.Void Common.Http.Http/<Get>d__6`1::MoveNext()
DA:70,2
DA:71,2
DA:72,0
DA:73,0
DA:74,0
DA:76,2
DA:78,0
DA:79,0
DA:80,0
DA:81,0
DA:83,2
DA:84,2
BRDA:71,29,0,0
BRDA:71,29,1,2
BRDA:78,173,1,0
BRDA:78,173,0,2
FN:86,System.Void Common.Http.Http/<Put>d__7`1::MoveNext()
FNDA:0,System.Void Common.Http.Http/<Put>d__7`1::MoveNext()
DA:87,0
DA:88,0
DA:89,0
DA:90,0
DA:91,0
DA:93,0
DA:95,0
DA:96,0
DA:97,0
DA:98,0
DA:100,0
DA:101,0
BRDA:88,29,0,0
BRDA:88,29,1,0
BRDA:95,173,1,0
BRDA:95,173,0,0
FN:103,System.Void Common.Http.Http/<Put>d__8`1::MoveNext()
FNDA:0,System.Void Common.Http.Http/<Put>d__8`1::MoveNext()
DA:104,0
DA:105,0
DA:107,0
DA:108,0
DA:109,0
DA:110,0
DA:112,0
DA:113,0
BRDA:107,153,1,0
BRDA:107,153,0,0
FN:115,System.Void Common.Http.Http/<Post>d__9`1::MoveNext()
FNDA:0,System.Void Common.Http.Http/<Post>d__9`1::MoveNext()
DA:116,0
DA:117,0
DA:118,0
DA:119,0
DA:120,0
DA:122,0
DA:124,0
DA:125,0
DA:126,0
DA:127,0
DA:129,0
DA:130,0
BRDA:117,29,0,0
BRDA:117,29,1,0
BRDA:124,173,1,0
BRDA:124,173,0,0
FN:132,System.Void Common.Http.Http/<Post>d__10`1::MoveNext()
FNDA:0,System.Void Common.Http.Http/<Post>d__10`1::MoveNext()
DA:133,0
DA:134,0
DA:136,0
DA:137,0
DA:138,0
DA:139,0
DA:141,0
DA:142,0
BRDA:136,153,1,0
BRDA:136,153,0,0
FN:144,System.Void Common.Http.Http/<Post>d__11::MoveNext()
FNDA:0,System.Void Common.Http.Http/<Post>d__11::MoveNext()
DA:145,0
DA:146,0
DA:147,0
DA:148,0
DA:149,0
DA:151,0
DA:153,0
DA:154,0
DA:155,0
DA:156,0
DA:158,0
DA:159,0
DA:160,0
BRDA:146,29,0,0
BRDA:146,29,1,0
BRDA:153,173,1,0
BRDA:153,173,0,0
FN:162,System.Void Common.Http.Http/<Post>d__12::MoveNext()
FNDA:0,System.Void Common.Http.Http/<Post>d__12::MoveNext()
DA:163,0
DA:164,0
DA:165,0
DA:166,0
DA:167,0
DA:168,0
DA:170,0
DA:171,0
DA:172,0
BRDA:165,153,1,0
BRDA:165,153,0,0
FN:202,System.Void Common.Http.Http/<ParseResponse>d__15`1::MoveNext()
FNDA:2,System.Void Common.Http.Http/<ParseResponse>d__15`1::MoveNext()
DA:203,2
DA:204,2
DA:205,2
DA:206,2
LF:137
LH:32
BRF:30
BRH:4
FNF:16
FNH:7
end_of_record
SF:/Users/roymoran/docs/src/projectunicorn/pub-api/src/Pub/Common/Exceptions/ExceptionsMessage.cs
FN:5,System.String Common.Exceptions.ExceptionMessage::get_ApplicationMissingStartupVariables()
FNDA:0,System.String Common.Exceptions.ExceptionMessage::get_ApplicationMissingStartupVariables()
DA:6,0
FN:8,System.String Common.Exceptions.ExceptionMessage::get_SlackServiceBadRequestScopeMissing()
FNDA:0,System.String Common.Exceptions.ExceptionMessage::get_SlackServiceBadRequestScopeMissing()
DA:9,0
FN:9,System.String Common.Exceptions.ExceptionMessage::get_SlackServiceBadRequestError()
FNDA:0,System.String Common.Exceptions.ExceptionMessage::get_SlackServiceBadRequestError()
DA:10,0
LF:3
LH:0
BRF:0
BRH:0
FNF:3
FNH:0
end_of_record
SF:/Users/roymoran/docs/src/projectunicorn/pub-api/src/Pub/Common/Exceptions/ServiceException.cs
FN:6,System.Void Common.Exceptions.ServiceException::.ctor()
FNDA:0,System.Void Common.Exceptions.ServiceException::.ctor()
DA:7,0
FN:7,System.Void Common.Exceptions.ServiceException::.ctor(System.String)
FNDA:0,System.Void Common.Exceptions.ServiceException::.ctor(System.String)
DA:8,0
FN:8,System.Void Common.Exceptions.ServiceException::.ctor(System.String,System.Exception)
FNDA:0,System.Void Common.Exceptions.ServiceException::.ctor(System.String,System.Exception)
DA:9,0
FN:13,System.Void Common.Exceptions.ServiceException::.ctor(System.Runtime.Serialization.SerializationInfo,System.Runtime.Serialization.StreamingContext)
FNDA:0,System.Void Common.Exceptions.ServiceException::.ctor(System.Runtime.Serialization.SerializationInfo,System.Runtime.Serialization.StreamingContext)
DA:14,0
LF:4
LH:0
BRF:0
BRH:0
FNF:4
FNH:0
end_of_record
SF:/Users/roymoran/docs/src/projectunicorn/pub-api/src/Pub/Common/Exceptions/StartupException.cs
FN:6,System.Void Common.Exceptions.StartupException::.ctor()
FNDA:0,System.Void Common.Exceptions.StartupException::.ctor()
DA:7,0
FN:7,System.Void Common.Exceptions.StartupException::.ctor(System.String)
FNDA:0,System.Void Common.Exceptions.StartupException::.ctor(System.String)
DA:8,0
FN:8,System.Void Common.Exceptions.StartupException::.ctor(System.String,System.Exception)
FNDA:0,System.Void Common.Exceptions.StartupException::.ctor(System.String,System.Exception)
DA:9,0
FN:13,System.Void Common.Exceptions.StartupException::.ctor(System.Runtime.Serialization.SerializationInfo,System.Runtime.Serialization.StreamingContext)
FNDA:0,System.Void Common.Exceptions.StartupException::.ctor(System.Runtime.Serialization.SerializationInfo,System.Runtime.Serialization.StreamingContext)
DA:14,0
LF:4
LH:0
BRF:0
BRH:0
FNF:4
FNH:0
end_of_record
SF:/Users/roymoran/docs/src/projectunicorn/pub-api/src/Pub/Common/DTOs/ChangePasswordDto.cs
FN:4,System.String Common.DTOs.ChangePasswordDto::get_OldPassword()
FNDA:0,System.String Common.DTOs.ChangePasswordDto::get_OldPassword()
DA:5,0
FN:5,System.String Common.DTOs.ChangePasswordDto::get_NewPassword()
FNDA:0,System.String Common.DTOs.ChangePasswordDto::get_NewPassword()
DA:6,0
FN:6,System.String Common.DTOs.ChangePasswordDto::get_ConfirmedNewPassword()
FNDA:0,System.String Common.DTOs.ChangePasswordDto::get_ConfirmedNewPassword()
DA:7,0
LF:3
LH:0
BRF:0
BRH:0
FNF:3
FNH:0
end_of_record
SF:/Users/roymoran/docs/src/projectunicorn/pub-api/src/Pub/Common/DTOs/ErrorDto.cs
FN:14,System.String Common.DTOs.ErrorDto::get_Message()
FNDA:0,System.String Common.DTOs.ErrorDto::get_Message()
DA:15,0
FN:4,System.Void Common.DTOs.ErrorDto::.ctor()
FNDA:0,System.Void Common.DTOs.ErrorDto::.ctor()
DA:5,0
DA:6,0
DA:7,0
FN:8,System.Void Common.DTOs.ErrorDto::.ctor(System.String)
FNDA:0,System.Void Common.DTOs.ErrorDto::.ctor(System.String)
DA:9,0
DA:10,0
DA:11,0
DA:12,0
LF:8
LH:0
BRF:0
BRH:0
FNF:3
FNH:0
end_of_record
SF:/Users/roymoran/docs/src/projectunicorn/pub-api/src/Pub/Common/DTOs/FeedbackDto.cs
FN:4,System.String Common.DTOs.FeedbackDto::get_Content()
FNDA:0,System.String Common.DTOs.FeedbackDto::get_Content()
DA:5,0
LF:1
LH:0
BRF:0
BRH:0
FNF:1
FNH:0
end_of_record
SF:/Users/roymoran/docs/src/projectunicorn/pub-api/src/Pub/Common/DTOs/JsonWebTokenDto.cs
FN:4,System.String Common.DTOs.JsonWebTokenDto::get_Token()
FNDA:0,System.String Common.DTOs.JsonWebTokenDto::get_Token()
DA:5,0
FN:6,System.Void Common.DTOs.JsonWebTokenDto::.ctor(System.String)
FNDA:0,System.Void Common.DTOs.JsonWebTokenDto::.ctor(System.String)
DA:7,0
DA:8,0
DA:9,0
DA:10,0
LF:5
LH:0
BRF:0
BRH:0
FNF:2
FNH:0
end_of_record
SF:/Users/roymoran/docs/src/projectunicorn/pub-api/src/Pub/Common/DTOs/JwtUserClaimsDto.cs
FN:9,System.String Common.DTOs.JwtUserClaimsDto::get_Id()
FNDA:0,System.String Common.DTOs.JwtUserClaimsDto::get_Id()
DA:10,0
FN:4,System.Void Common.DTOs.JwtUserClaimsDto::.ctor(System.String)
FNDA:0,System.Void Common.DTOs.JwtUserClaimsDto::.ctor(System.String)
DA:5,0
DA:6,0
DA:7,0
DA:8,0
LF:5
LH:0
BRF:0
BRH:0
FNF:2
FNH:0
end_of_record
SF:/Users/roymoran/docs/src/projectunicorn/pub-api/src/Pub/Common/DTOs/LoginDto.cs
FN:7,System.String Common.DTOs.LoginDto::get_Email()
FNDA:0,System.String Common.DTOs.LoginDto::get_Email()
DA:8,0
FN:9,System.String Common.DTOs.LoginDto::get_Password()
FNDA:0,System.String Common.DTOs.LoginDto::get_Password()
DA:10,0
LF:2
LH:0
BRF:0
BRH:0
FNF:2
FNH:0
end_of_record
SF:/Users/roymoran/docs/src/projectunicorn/pub-api/src/Pub/Common/DTOs/NotificationDto.cs
FN:22,System.String Common.DTOs.NotificationDto::get_Content()
FNDA:0,System.String Common.DTOs.NotificationDto::get_Content()
DA:23,0
FN:23,System.Nullable`1<System.Guid> Common.DTOs.NotificationDto::get_NotificantId()
FNDA:0,System.Nullable`1<System.Guid> Common.DTOs.NotificationDto::get_NotificantId()
DA:24,0
FN:24,System.Object Common.DTOs.NotificationDto::get_NotificationObject()
FNDA:0,System.Object Common.DTOs.NotificationDto::get_NotificationObject()
DA:25,0
FN:7,System.Void Common.DTOs.NotificationDto::.ctor(System.String)
FNDA:0,System.Void Common.DTOs.NotificationDto::.ctor(System.String)
DA:8,0
DA:9,0
DA:10,0
DA:11,0
FN:17,System.Void Common.DTOs.NotificationDto::.ctor(System.Nullable`1<System.Guid>)
FNDA:0,System.Void Common.DTOs.NotificationDto::.ctor(System.Nullable`1<System.Guid>)
DA:18,0
DA:19,0
DA:20,0
DA:21,0
LF:11
LH:0
BRF:0
BRH:0
FNF:5
FNH:0
end_of_record
SF:/Users/roymoran/docs/src/projectunicorn/pub-api/src/Pub/Common/DTOs/PrivilegedMembersDto.cs
FN:6,System.Collections.Generic.List`1<System.String> Common.DTOs.PrivilegedMembersDto::get_Members()
FNDA:0,System.Collections.Generic.List`1<System.String> Common.DTOs.PrivilegedMembersDto::get_Members()
DA:7,0
LF:1
LH:0
BRF:0
BRH:0
FNF:1
FNH:0
end_of_record
SF:/Users/roymoran/docs/src/projectunicorn/pub-api/src/Pub/Common/DTOs/ProjectDto.cs
FN:7,System.Guid Common.DTOs.ProjectDto::get_Id()
FNDA:0,System.Guid Common.DTOs.ProjectDto::get_Id()
DA:8,0
FN:8,System.String Common.DTOs.ProjectDto::get_Name()
FNDA:0,System.String Common.DTOs.ProjectDto::get_Name()
DA:9,0
FN:9,System.String Common.DTOs.ProjectDto::get_Description()
FNDA:0,System.String Common.DTOs.ProjectDto::get_Description()
DA:10,0
FN:10,System.DateTimeOffset Common.DTOs.ProjectDto::get_LaunchDate()
FNDA:0,System.DateTimeOffset Common.DTOs.ProjectDto::get_LaunchDate()
DA:11,0
FN:11,System.String Common.DTOs.ProjectDto::get_ProjectType()
FNDA:0,System.String Common.DTOs.ProjectDto::get_ProjectType()
DA:12,0
FN:12,System.String Common.DTOs.ProjectDto::get_RepositoryUrl()
FNDA:0,System.String Common.DTOs.ProjectDto::get_RepositoryUrl()
DA:13,0
FN:13,System.String Common.DTOs.ProjectDto::get_CommunicationPlatformUrl()
FNDA:0,System.String Common.DTOs.ProjectDto::get_CommunicationPlatformUrl()
DA:14,0
FN:14,System.Boolean Common.DTOs.ProjectDto::get_LookingForMembers()
FNDA:0,System.Boolean Common.DTOs.ProjectDto::get_LookingForMembers()
DA:15,0
FN:15,System.String Common.DTOs.ProjectDto::get_CommunicationPlatform()
FNDA:0,System.String Common.DTOs.ProjectDto::get_CommunicationPlatform()
DA:16,0
FN:16,System.Boolean Common.DTOs.ProjectDto::get_Searchable()
FNDA:0,System.Boolean Common.DTOs.ProjectDto::get_Searchable()
DA:17,0
FN:17,System.Collections.Generic.List`1<Common.DTOs.ProjectTechnologyDto> Common.DTOs.ProjectDto::get_ProjectTechnologies()
FNDA:0,System.Collections.Generic.List`1<Common.DTOs.ProjectTechnologyDto> Common.DTOs.ProjectDto::get_ProjectTechnologies()
DA:18,0
FN:18,System.Collections.Generic.List`1<Common.DTOs.ProjectUserDto> Common.DTOs.ProjectDto::get_ProjectUsers()
FNDA:0,System.Collections.Generic.List`1<Common.DTOs.ProjectUserDto> Common.DTOs.ProjectDto::get_ProjectUsers()
DA:19,0
LF:12
LH:0
BRF:0
BRH:0
FNF:12
FNH:0
end_of_record
SF:/Users/roymoran/docs/src/projectunicorn/pub-api/src/Pub/Common/DTOs/ProjectTypeDto.cs
FN:6,System.Guid Common.DTOs.ProjectTypeDto::get_Id()
FNDA:0,System.Guid Common.DTOs.ProjectTypeDto::get_Id()
DA:7,0
FN:7,System.String Common.DTOs.ProjectTypeDto::get_Type()
FNDA:0,System.String Common.DTOs.ProjectTypeDto::get_Type()
DA:8,0
LF:2
LH:0
BRF:0
BRH:0
FNF:2
FNH:0
end_of_record
SF:/Users/roymoran/docs/src/projectunicorn/pub-api/src/Pub/Common/DTOs/ProjectUserDto.cs
FN:6,System.Guid Common.DTOs.ProjectUserDto::get_Id()
FNDA:0,System.Guid Common.DTOs.ProjectUserDto::get_Id()
DA:7,0
FN:7,System.Guid Common.DTOs.ProjectUserDto::get_ProjectId()
FNDA:0,System.Guid Common.DTOs.ProjectUserDto::get_ProjectId()
DA:8,0
FN:8,System.Guid Common.DTOs.ProjectUserDto::get_UserId()
FNDA:0,System.Guid Common.DTOs.ProjectUserDto::get_UserId()
DA:9,0
FN:9,System.String Common.DTOs.ProjectUserDto::get_Username()
FNDA:0,System.String Common.DTOs.ProjectUserDto::get_Username()
DA:10,0
FN:10,System.Boolean Common.DTOs.ProjectUserDto::get_IsOwner()
FNDA:0,System.Boolean Common.DTOs.ProjectUserDto::get_IsOwner()
DA:11,0
LF:5
LH:0
BRF:0
BRH:0
FNF:5
FNH:0
end_of_record
SF:/Users/roymoran/docs/src/projectunicorn/pub-api/src/Pub/Common/DTOs/RegistrationDto.cs
FN:5,System.String Common.DTOs.RegistrationDto::get_Username()
FNDA:0,System.String Common.DTOs.RegistrationDto::get_Username()
DA:6,0
FN:6,System.String Common.DTOs.RegistrationDto::get_Email()
FNDA:0,System.String Common.DTOs.RegistrationDto::get_Email()
DA:7,0
FN:7,System.String Common.DTOs.RegistrationDto::get_Password()
FNDA:0,System.String Common.DTOs.RegistrationDto::get_Password()
DA:8,0
FN:8,System.String Common.DTOs.RegistrationDto::get_PasswordConfirmation()
FNDA:0,System.String Common.DTOs.RegistrationDto::get_PasswordConfirmation()
DA:9,0
FN:9,System.String Common.DTOs.RegistrationDto::get_Locale()
FNDA:0,System.String Common.DTOs.RegistrationDto::get_Locale()
DA:10,0
FN:10,System.String Common.DTOs.RegistrationDto::get_Timezone()
FNDA:0,System.String Common.DTOs.RegistrationDto::get_Timezone()
DA:11,0
LF:6
LH:0
BRF:0
BRH:0
FNF:6
FNH:0
end_of_record
SF:/Users/roymoran/docs/src/projectunicorn/pub-api/src/Pub/Common/DTOs/ResetPasswordDto.cs
FN:4,System.String Common.DTOs.ResetPasswordDto::get_NewPassword()
FNDA:0,System.String Common.DTOs.ResetPasswordDto::get_NewPassword()
DA:5,0
FN:5,System.String Common.DTOs.ResetPasswordDto::get_ConfirmNewPassword()
FNDA:0,System.String Common.DTOs.ResetPasswordDto::get_ConfirmNewPassword()
DA:6,0
FN:6,System.String Common.DTOs.ResetPasswordDto::get_ValidationToken()
FNDA:0,System.String Common.DTOs.ResetPasswordDto::get_ValidationToken()
DA:7,0
LF:3
LH:0
BRF:0
BRH:0
FNF:3
FNH:0
end_of_record
SF:/Users/roymoran/docs/src/projectunicorn/pub-api/src/Pub/Common/DTOs/ResetPasswordRequestDto.cs
FN:4,System.String Common.DTOs.ResetPasswordRequestDto::get_Email()
FNDA:0,System.String Common.DTOs.ResetPasswordRequestDto::get_Email()
DA:5,0
LF:1
LH:0
BRF:0
BRH:0
FNF:1
FNH:0
end_of_record
SF:/Users/roymoran/docs/src/projectunicorn/pub-api/src/Pub/Common/DTOs/ResponseDto.cs
FN:8,System.Boolean Common.DTOs.ResponseDto`1::get_Ok()
FNDA:0,System.Boolean Common.DTOs.ResponseDto`1::get_Ok()
DA:9,0
FN:9,T Common.DTOs.ResponseDto`1::get_Data()
FNDA:0,T Common.DTOs.ResponseDto`1::get_Data()
DA:10,0
FN:4,System.Void Common.DTOs.ResponseDto`1::.ctor(System.Boolean)
FNDA:0,System.Void Common.DTOs.ResponseDto`1::.ctor(System.Boolean)
DA:5,0
DA:6,0
DA:7,0
DA:8,0
LF:6
LH:0
BRF:0
BRH:0
FNF:3
FNH:0
end_of_record
SF:/Users/roymoran/docs/src/projectunicorn/pub-api/src/Pub/Common/DTOs/TechnologyDto.cs
FN:5,System.Guid Common.DTOs.ProjectTechnologyDto::get_Id()
FNDA:0,System.Guid Common.DTOs.ProjectTechnologyDto::get_Id()
DA:6,0
FN:6,System.String Common.DTOs.ProjectTechnologyDto::get_Name()
FNDA:0,System.String Common.DTOs.ProjectTechnologyDto::get_Name()
DA:7,0
FN:7,System.Nullable`1<System.Guid> Common.DTOs.ProjectTechnologyDto::get_ProjectId()
FNDA:0,System.Nullable`1<System.Guid> Common.DTOs.ProjectTechnologyDto::get_ProjectId()
DA:8,0
FN:12,System.Guid Common.DTOs.UserTechnologyDto::get_Id()
FNDA:0,System.Guid Common.DTOs.UserTechnologyDto::get_Id()
DA:13,0
FN:13,System.String Common.DTOs.UserTechnologyDto::get_Name()
FNDA:0,System.String Common.DTOs.UserTechnologyDto::get_Name()
DA:14,0
FN:14,System.Nullable`1<System.Guid> Common.DTOs.UserTechnologyDto::get_UserId()
FNDA:0,System.Nullable`1<System.Guid> Common.DTOs.UserTechnologyDto::get_UserId()
DA:15,0
LF:6
LH:0
BRF:0
BRH:0
FNF:6
FNH:0
end_of_record
SF:/Users/roymoran/docs/src/projectunicorn/pub-api/src/Pub/Common/DTOs/UserDto.cs
FN:7,System.Guid Common.DTOs.UserDto::get_Id()
FNDA:0,System.Guid Common.DTOs.UserDto::get_Id()
DA:8,0
FN:8,System.String Common.DTOs.UserDto::get_Username()
FNDA:0,System.String Common.DTOs.UserDto::get_Username()
DA:9,0
FN:9,System.String Common.DTOs.UserDto::get_Email()
FNDA:0,System.String Common.DTOs.UserDto::get_Email()
DA:10,0
FN:10,System.String Common.DTOs.UserDto::get_Bio()
FNDA:0,System.String Common.DTOs.UserDto::get_Bio()
DA:11,0
FN:11,System.String Common.DTOs.UserDto::get_ProfilePictureUrl()
FNDA:0,System.String Common.DTOs.UserDto::get_ProfilePictureUrl()
DA:12,0
FN:12,System.Boolean Common.DTOs.UserDto::get_LookingForProject()
FNDA:0,System.Boolean Common.DTOs.UserDto::get_LookingForProject()
DA:13,0
FN:13,System.String Common.DTOs.UserDto::get_GitHubUsername()
FNDA:0,System.String Common.DTOs.UserDto::get_GitHubUsername()
DA:14,0
FN:14,System.Collections.Generic.List`1<Common.DTOs.UserTechnologyDto> Common.DTOs.UserDto::get_Technologies()
FNDA:0,System.Collections.Generic.List`1<Common.DTOs.UserTechnologyDto> Common.DTOs.UserDto::get_Technologies()
DA:15,0
FN:15,System.Collections.Generic.List`1<Common.DTOs.ProjectUserDto> Common.DTOs.UserDto::get_ProjectUsers()
FNDA:0,System.Collections.Generic.List`1<Common.DTOs.ProjectUserDto> Common.DTOs.UserDto::get_ProjectUsers()
DA:16,0
LF:9
LH:0
BRF:0
BRH:0
FNF:9
FNH:0
end_of_record
SF:/Users/roymoran/docs/src/projectunicorn/pub-api/src/Pub/Common/DTOs/UsernameDto.cs
FN:5,System.String Common.DTOs.UsernameDto::get_Username()
FNDA:0,System.String Common.DTOs.UsernameDto::get_Username()
DA:6,0
LF:1
LH:0
BRF:0
BRH:0
FNF:1
FNH:0
end_of_record
SF:/Users/roymoran/docs/src/projectunicorn/pub-api/src/Pub/Common/DTOs/ValidationDto.cs
FN:4,System.Void Common.DTOs.ValidationDto::.ctor()
FNDA:0,System.Void Common.DTOs.ValidationDto::.ctor()
DA:5,0
DA:6,0
DA:7,0
FN:8,System.Void Common.DTOs.ValidationDto::.ctor(System.Boolean)
FNDA:0,System.Void Common.DTOs.ValidationDto::.ctor(System.Boolean)
DA:9,0
DA:10,0
DA:11,0
DA:12,0
FN:13,System.Void Common.DTOs.ValidationDto::.ctor(System.Boolean,System.String)
FNDA:0,System.Void Common.DTOs.ValidationDto::.ctor(System.Boolean,System.String)
DA:14,0
DA:15,0
DA:16,0
DA:17,0
DA:18,0
LF:12
LH:0
BRF:0
BRH:0
FNF:3
FNH:0
end_of_record
SF:/Users/roymoran/docs/src/projectunicorn/pub-api/src/Pub/Common/DTOs/WorkspaceAppDTOs/InfoDto.cs
FN:4,System.String Common.DTOs.WorkspaceAppDTOs.InfoDto::get_InstallUrl()
FNDA:0,System.String Common.DTOs.WorkspaceAppDTOs.InfoDto::get_InstallUrl()
DA:5,0
FN:5,System.String Common.DTOs.WorkspaceAppDTOs.InfoDto::get_Name()
FNDA:0,System.String Common.DTOs.WorkspaceAppDTOs.InfoDto::get_Name()
DA:6,0
FN:6,System.String Common.DTOs.WorkspaceAppDTOs.InfoDto::get_Version()
FNDA:0,System.String Common.DTOs.WorkspaceAppDTOs.InfoDto::get_Version()
DA:7,0
LF:3
LH:0
BRF:0
BRH:0
FNF:3
FNH:0
end_of_record
SF:/Users/roymoran/docs/src/projectunicorn/pub-api/src/Pub/Common/DTOs/WorkspaceAppDTOs/InviteDto.cs
FN:12,System.Boolean Common.DTOs.WorkspaceAppDTOs.InviteDto::get_Valid()
FNDA:9,System.Boolean Common.DTOs.WorkspaceAppDTOs.InviteDto::get_Valid()
DA:13,9
FN:7,System.Void Common.DTOs.WorkspaceAppDTOs.InviteDto::.ctor(System.Boolean)
FNDA:4,System.Void Common.DTOs.WorkspaceAppDTOs.InviteDto::.ctor(System.Boolean)
DA:8,4
DA:9,4
DA:10,4
DA:11,4
LF:5
LH:5
BRF:0
BRH:0
FNF:2
FNH:2
end_of_record
SF:/Users/roymoran/docs/src/projectunicorn/pub-api/src/Pub/Common/DTOs/SlackAppDtos/EventType.cs
FN:8,System.String Common.DTOs.SlackAppDTOs.EventType::get_Type()
FNDA:0,System.String Common.DTOs.SlackAppDTOs.EventType::get_Type()
DA:9,0
FN:10,System.String Common.DTOs.SlackAppDTOs.EventType::get_SubType()
FNDA:0,System.String Common.DTOs.SlackAppDTOs.EventType::get_SubType()
DA:11,0
LF:2
LH:0
BRF:0
BRH:0
FNF:2
FNH:0
end_of_record
SF:/Users/roymoran/docs/src/projectunicorn/pub-api/src/Pub/Common/DTOs/SlackAppDtos/ItemDto.cs
FN:7,System.String Common.DTOs.SlackAppDTOs.Item::get_Type()
FNDA:0,System.String Common.DTOs.SlackAppDTOs.Item::get_Type()
DA:8,0
FN:10,System.String Common.DTOs.SlackAppDTOs.Item::get_Channel()
FNDA:0,System.String Common.DTOs.SlackAppDTOs.Item::get_Channel()
DA:11,0
FN:13,System.String Common.DTOs.SlackAppDTOs.Item::get_Ts()
FNDA:0,System.String Common.DTOs.SlackAppDTOs.Item::get_Ts()
DA:14,0
LF:3
LH:0
BRF:0
BRH:0
FNF:3
FNH:0
end_of_record
SF:/Users/roymoran/docs/src/projectunicorn/pub-api/src/Pub/Common/DTOs/SlackAppDtos/MessageChannelsEventDto.cs
FN:7,System.String Common.DTOs.SlackAppDTOs.MessageChannelsEventDto::get_Type()
FNDA:0,System.String Common.DTOs.SlackAppDTOs.MessageChannelsEventDto::get_Type()
DA:8,0
FN:10,System.String Common.DTOs.SlackAppDTOs.MessageChannelsEventDto::get_Channel()
FNDA:0,System.String Common.DTOs.SlackAppDTOs.MessageChannelsEventDto::get_Channel()
DA:11,0
FN:13,System.String Common.DTOs.SlackAppDTOs.MessageChannelsEventDto::get_User()
FNDA:0,System.String Common.DTOs.SlackAppDTOs.MessageChannelsEventDto::get_User()
DA:14,0
FN:16,System.String Common.DTOs.SlackAppDTOs.MessageChannelsEventDto::get_Text()
FNDA:0,System.String Common.DTOs.SlackAppDTOs.MessageChannelsEventDto::get_Text()
DA:17,0
FN:19,System.String Common.DTOs.SlackAppDTOs.MessageChannelsEventDto::get_Ts()
FNDA:0,System.String Common.DTOs.SlackAppDTOs.MessageChannelsEventDto::get_Ts()
DA:20,0
FN:22,System.String Common.DTOs.SlackAppDTOs.MessageChannelsEventDto::get_EventTs()
FNDA:0,System.String Common.DTOs.SlackAppDTOs.MessageChannelsEventDto::get_EventTs()
DA:23,0
FN:25,System.String Common.DTOs.SlackAppDTOs.MessageChannelsEventDto::get_ChannelType()
FNDA:0,System.String Common.DTOs.SlackAppDTOs.MessageChannelsEventDto::get_ChannelType()
DA:26,0
LF:7
LH:0
BRF:0
BRH:0
FNF:7
FNH:0
end_of_record
SF:/Users/roymoran/docs/src/projectunicorn/pub-api/src/Pub/Common/DTOs/SlackAppDtos/ReactionEventDto.cs
FN:7,System.String Common.DTOs.SlackAppDTOs.ReactionEventDto::get_Type()
FNDA:0,System.String Common.DTOs.SlackAppDTOs.ReactionEventDto::get_Type()
DA:8,0
FN:10,System.String Common.DTOs.SlackAppDTOs.ReactionEventDto::get_User()
FNDA:0,System.String Common.DTOs.SlackAppDTOs.ReactionEventDto::get_User()
DA:11,0
FN:13,System.String Common.DTOs.SlackAppDTOs.ReactionEventDto::get_Reaction()
FNDA:0,System.String Common.DTOs.SlackAppDTOs.ReactionEventDto::get_Reaction()
DA:14,0
FN:16,System.String Common.DTOs.SlackAppDTOs.ReactionEventDto::get_ItemUser()
FNDA:0,System.String Common.DTOs.SlackAppDTOs.ReactionEventDto::get_ItemUser()
DA:17,0
FN:19,Common.DTOs.SlackAppDTOs.Item Common.DTOs.SlackAppDTOs.ReactionEventDto::get_Item()
FNDA:0,Common.DTOs.SlackAppDTOs.Item Common.DTOs.SlackAppDTOs.ReactionEventDto::get_Item()
DA:20,0
FN:22,System.String Common.DTOs.SlackAppDTOs.ReactionEventDto::get_EventTs()
FNDA:0,System.String Common.DTOs.SlackAppDTOs.ReactionEventDto::get_EventTs()
DA:23,0
LF:6
LH:0
BRF:0
BRH:0
FNF:6
FNH:0
end_of_record
SF:/Users/roymoran/docs/src/projectunicorn/pub-api/src/Pub/Common/DTOs/SlackAppDtos/SlackChatMessageDto.cs
FN:8,System.Boolean Common.DTOs.SlackAppDTOs.SlackChatMessageDto::get_Ok()
FNDA:0,System.Boolean Common.DTOs.SlackAppDTOs.SlackChatMessageDto::get_Ok()
DA:9,0
FN:10,System.String Common.DTOs.SlackAppDTOs.SlackChatMessageDto::get_Channel()
FNDA:0,System.String Common.DTOs.SlackAppDTOs.SlackChatMessageDto::get_Channel()
DA:11,0
FN:12,System.String Common.DTOs.SlackAppDTOs.SlackChatMessageDto::get_Ts()
FNDA:0,System.String Common.DTOs.SlackAppDTOs.SlackChatMessageDto::get_Ts()
DA:13,0
FN:14,Common.DTOs.SlackAppDTOs.Message Common.DTOs.SlackAppDTOs.SlackChatMessageDto::get_Message()
FNDA:0,Common.DTOs.SlackAppDTOs.Message Common.DTOs.SlackAppDTOs.SlackChatMessageDto::get_Message()
DA:15,0
FN:20,System.String Common.DTOs.SlackAppDTOs.Message::get_Type()
FNDA:0,System.String Common.DTOs.SlackAppDTOs.Message::get_Type()
DA:21,0
FN:22,System.String Common.DTOs.SlackAppDTOs.Message::get_Subtype()
FNDA:0,System.String Common.DTOs.SlackAppDTOs.Message::get_Subtype()
DA:23,0
FN:24,System.String Common.DTOs.SlackAppDTOs.Message::get_Text()
FNDA:0,System.String Common.DTOs.SlackAppDTOs.Message::get_Text()
DA:25,0
FN:26,System.String Common.DTOs.SlackAppDTOs.Message::get_Ts()
FNDA:0,System.String Common.DTOs.SlackAppDTOs.Message::get_Ts()
DA:27,0
FN:28,System.String Common.DTOs.SlackAppDTOs.Message::get_Username()
FNDA:0,System.String Common.DTOs.SlackAppDTOs.Message::get_Username()
DA:29,0
FN:30,System.String Common.DTOs.SlackAppDTOs.Message::get_BotId()
FNDA:0,System.String Common.DTOs.SlackAppDTOs.Message::get_BotId()
DA:31,0
LF:10
LH:0
BRF:0
BRH:0
FNF:10
FNH:0
end_of_record
SF:/Users/roymoran/docs/src/projectunicorn/pub-api/src/Pub/Common/DTOs/SlackAppDtos/SlackCommandDto.cs
FN:7,System.String Common.DTOs.SlackAppDTOs.SlackCommandDto::get_team_id()
FNDA:0,System.String Common.DTOs.SlackAppDTOs.SlackCommandDto::get_team_id()
DA:8,0
FN:9,System.String Common.DTOs.SlackAppDTOs.SlackCommandDto::get_team_domain()
FNDA:0,System.String Common.DTOs.SlackAppDTOs.SlackCommandDto::get_team_domain()
DA:10,0
FN:11,System.String Common.DTOs.SlackAppDTOs.SlackCommandDto::get_enterprise_id()
FNDA:0,System.String Common.DTOs.SlackAppDTOs.SlackCommandDto::get_enterprise_id()
DA:12,0
FN:13,System.String Common.DTOs.SlackAppDTOs.SlackCommandDto::get_enterprise_name()
FNDA:0,System.String Common.DTOs.SlackAppDTOs.SlackCommandDto::get_enterprise_name()
DA:14,0
FN:15,System.String Common.DTOs.SlackAppDTOs.SlackCommandDto::get_channel_id()
FNDA:0,System.String Common.DTOs.SlackAppDTOs.SlackCommandDto::get_channel_id()
DA:16,0
FN:17,System.String Common.DTOs.SlackAppDTOs.SlackCommandDto::get_channel_name()
FNDA:0,System.String Common.DTOs.SlackAppDTOs.SlackCommandDto::get_channel_name()
DA:18,0
FN:19,System.String Common.DTOs.SlackAppDTOs.SlackCommandDto::get_user_id()
FNDA:0,System.String Common.DTOs.SlackAppDTOs.SlackCommandDto::get_user_id()
DA:20,0
FN:21,System.String Common.DTOs.SlackAppDTOs.SlackCommandDto::get_user_name()
FNDA:0,System.String Common.DTOs.SlackAppDTOs.SlackCommandDto::get_user_name()
DA:22,0
FN:23,System.String Common.DTOs.SlackAppDTOs.SlackCommandDto::get_command()
FNDA:0,System.String Common.DTOs.SlackAppDTOs.SlackCommandDto::get_command()
DA:24,0
FN:25,System.String Common.DTOs.SlackAppDTOs.SlackCommandDto::get_text()
FNDA:0,System.String Common.DTOs.SlackAppDTOs.SlackCommandDto::get_text()
DA:26,0
FN:27,System.String Common.DTOs.SlackAppDTOs.SlackCommandDto::get_response_url()
FNDA:0,System.String Common.DTOs.SlackAppDTOs.SlackCommandDto::get_response_url()
DA:28,0
FN:29,System.String Common.DTOs.SlackAppDTOs.SlackCommandDto::get_trigger_id()
FNDA:0,System.String Common.DTOs.SlackAppDTOs.SlackCommandDto::get_trigger_id()
DA:30,0
LF:12
LH:0
BRF:0
BRH:0
FNF:12
FNH:0
end_of_record
SF:/Users/roymoran/docs/src/projectunicorn/pub-api/src/Pub/Common/DTOs/SlackAppDtos/SlackCommandResponseDto.cs
FN:7,System.String Common.DTOs.SlackAppDTOs.SlackCommandResponseDto::get_TeamId()
FNDA:0,System.String Common.DTOs.SlackAppDTOs.SlackCommandResponseDto::get_TeamId()
DA:8,0
FN:9,System.String Common.DTOs.SlackAppDTOs.SlackCommandResponseDto::get_TeamDomain()
FNDA:0,System.String Common.DTOs.SlackAppDTOs.SlackCommandResponseDto::get_TeamDomain()
DA:10,0
FN:11,System.String Common.DTOs.SlackAppDTOs.SlackCommandResponseDto::get_EnterpriseId()
FNDA:0,System.String Common.DTOs.SlackAppDTOs.SlackCommandResponseDto::get_EnterpriseId()
DA:12,0
FN:13,System.String Common.DTOs.SlackAppDTOs.SlackCommandResponseDto::get_EnterpriseName()
FNDA:0,System.String Common.DTOs.SlackAppDTOs.SlackCommandResponseDto::get_EnterpriseName()
DA:14,0
FN:15,System.String Common.DTOs.SlackAppDTOs.SlackCommandResponseDto::get_ChannelId()
FNDA:0,System.String Common.DTOs.SlackAppDTOs.SlackCommandResponseDto::get_ChannelId()
DA:16,0
FN:17,System.String Common.DTOs.SlackAppDTOs.SlackCommandResponseDto::get_ChannelName()
FNDA:0,System.String Common.DTOs.SlackAppDTOs.SlackCommandResponseDto::get_ChannelName()
DA:18,0
FN:19,System.String Common.DTOs.SlackAppDTOs.SlackCommandResponseDto::get_UserId()
FNDA:0,System.String Common.DTOs.SlackAppDTOs.SlackCommandResponseDto::get_UserId()
DA:20,0
FN:21,System.String Common.DTOs.SlackAppDTOs.SlackCommandResponseDto::get_UserName()
FNDA:0,System.String Common.DTOs.SlackAppDTOs.SlackCommandResponseDto::get_UserName()
DA:22,0
FN:23,System.String Common.DTOs.SlackAppDTOs.SlackCommandResponseDto::get_Command()
FNDA:0,System.String Common.DTOs.SlackAppDTOs.SlackCommandResponseDto::get_Command()
DA:24,0
FN:25,System.String Common.DTOs.SlackAppDTOs.SlackCommandResponseDto::get_Text()
FNDA:0,System.String Common.DTOs.SlackAppDTOs.SlackCommandResponseDto::get_Text()
DA:26,0
FN:27,System.String Common.DTOs.SlackAppDTOs.SlackCommandResponseDto::get_ResponseUrl()
FNDA:0,System.String Common.DTOs.SlackAppDTOs.SlackCommandResponseDto::get_ResponseUrl()
DA:28,0
FN:29,System.String Common.DTOs.SlackAppDTOs.SlackCommandResponseDto::get_TriggerId()
FNDA:0,System.String Common.DTOs.SlackAppDTOs.SlackCommandResponseDto::get_TriggerId()
DA:30,0
LF:12
LH:0
BRF:0
BRH:0
FNF:12
FNH:0
end_of_record
SF:/Users/roymoran/docs/src/projectunicorn/pub-api/src/Pub/Common/DTOs/SlackAppDtos/SlackEventDto.cs
FN:9,System.String Common.DTOs.SlackAppDTOs.SlackEventDto::get_Token()
FNDA:0,System.String Common.DTOs.SlackAppDTOs.SlackEventDto::get_Token()
DA:10,0
FN:11,System.String Common.DTOs.SlackAppDTOs.SlackEventDto::get_Challenge()
FNDA:0,System.String Common.DTOs.SlackAppDTOs.SlackEventDto::get_Challenge()
DA:12,0
FN:13,System.String Common.DTOs.SlackAppDTOs.SlackEventDto::get_TeamId()
FNDA:0,System.String Common.DTOs.SlackAppDTOs.SlackEventDto::get_TeamId()
DA:14,0
FN:15,System.String Common.DTOs.SlackAppDTOs.SlackEventDto::get_ApiAppId()
FNDA:0,System.String Common.DTOs.SlackAppDTOs.SlackEventDto::get_ApiAppId()
DA:16,0
FN:17,Newtonsoft.Json.Linq.JRaw Common.DTOs.SlackAppDTOs.SlackEventDto::get_EventRaw()
FNDA:0,Newtonsoft.Json.Linq.JRaw Common.DTOs.SlackAppDTOs.SlackEventDto::get_EventRaw()
DA:18,0
FN:19,System.String Common.DTOs.SlackAppDTOs.SlackEventDto::get_Type()
FNDA:0,System.String Common.DTOs.SlackAppDTOs.SlackEventDto::get_Type()
DA:20,0
FN:21,System.Collections.Generic.List`1<System.String> Common.DTOs.SlackAppDTOs.SlackEventDto::get_AuthedUsers()
FNDA:0,System.Collections.Generic.List`1<System.String> Common.DTOs.SlackAppDTOs.SlackEventDto::get_AuthedUsers()
DA:22,0
FN:23,System.String Common.DTOs.SlackAppDTOs.SlackEventDto::get_EventId()
FNDA:0,System.String Common.DTOs.SlackAppDTOs.SlackEventDto::get_EventId()
DA:24,0
FN:25,System.Int32 Common.DTOs.SlackAppDTOs.SlackEventDto::get_EventTime()
FNDA:0,System.Int32 Common.DTOs.SlackAppDTOs.SlackEventDto::get_EventTime()
DA:26,0
FN:30,System.String Common.DTOs.SlackAppDTOs.UrlVerificationResponseDto::get_challenge()
FNDA:0,System.String Common.DTOs.SlackAppDTOs.UrlVerificationResponseDto::get_challenge()
DA:31,0
LF:10
LH:0
BRF:0
BRH:0
FNF:10
FNH:0
end_of_record
SF:/Users/roymoran/docs/src/projectunicorn/pub-api/src/Pub/Common/DTOs/SlackAppDtos/SlackEventFullDto.cs
FN:8,System.String Common.DTOs.SlackAppDTOs.SlackEventFullDto`1::get_Token()
FNDA:0,System.String Common.DTOs.SlackAppDTOs.SlackEventFullDto`1::get_Token()
DA:9,0
FN:10,System.String Common.DTOs.SlackAppDTOs.SlackEventFullDto`1::get_Challenge()
FNDA:0,System.String Common.DTOs.SlackAppDTOs.SlackEventFullDto`1::get_Challenge()
DA:11,0
FN:12,System.String Common.DTOs.SlackAppDTOs.SlackEventFullDto`1::get_TeamId()
FNDA:0,System.String Common.DTOs.SlackAppDTOs.SlackEventFullDto`1::get_TeamId()
DA:13,0
FN:14,System.String Common.DTOs.SlackAppDTOs.SlackEventFullDto`1::get_ApiAppId()
FNDA:0,System.String Common.DTOs.SlackAppDTOs.SlackEventFullDto`1::get_ApiAppId()
DA:15,0
FN:16,EventType Common.DTOs.SlackAppDTOs.SlackEventFullDto`1::get_Event()
FNDA:0,EventType Common.DTOs.SlackAppDTOs.SlackEventFullDto`1::get_Event()
DA:17,0
FN:18,System.String Common.DTOs.SlackAppDTOs.SlackEventFullDto`1::get_Type()
FNDA:0,System.String Common.DTOs.SlackAppDTOs.SlackEventFullDto`1::get_Type()
DA:19,0
FN:20,System.Collections.Generic.List`1<System.String> Common.DTOs.SlackAppDTOs.SlackEventFullDto`1::get_AuthedUsers()
FNDA:0,System.Collections.Generic.List`1<System.String> Common.DTOs.SlackAppDTOs.SlackEventFullDto`1::get_AuthedUsers()
DA:21,0
FN:22,System.String Common.DTOs.SlackAppDTOs.SlackEventFullDto`1::get_EventId()
FNDA:0,System.String Common.DTOs.SlackAppDTOs.SlackEventFullDto`1::get_EventId()
DA:23,0
FN:24,System.Int32 Common.DTOs.SlackAppDTOs.SlackEventFullDto`1::get_EventTime()
FNDA:0,System.Int32 Common.DTOs.SlackAppDTOs.SlackEventFullDto`1::get_EventTime()
DA:25,0
LF:9
LH:0
BRF:0
BRH:0
FNF:9
FNH:0
end_of_record
SF:/Users/roymoran/docs/src/projectunicorn/pub-api/src/Pub/Common/DTOs/SlackAppDtos/SlackMessageDto.cs
FN:9,System.Boolean Common.DTOs.SlackAppDTOs.SlackMessageDto::get_Ok()
FNDA:0,System.Boolean Common.DTOs.SlackAppDTOs.SlackMessageDto::get_Ok()
DA:10,0
FN:12,System.String Common.DTOs.SlackAppDTOs.SlackMessageDto::get_Latest()
FNDA:0,System.String Common.DTOs.SlackAppDTOs.SlackMessageDto::get_Latest()
DA:13,0
FN:15,System.Collections.Generic.List`1<Common.DTOs.SlackAppDTOs.MessageDetailsDto> Common.DTOs.SlackAppDTOs.SlackMessageDto::get_Messages()
FNDA:0,System.Collections.Generic.List`1<Common.DTOs.SlackAppDTOs.MessageDetailsDto> Common.DTOs.SlackAppDTOs.SlackMessageDto::get_Messages()
DA:16,0
FN:18,System.Boolean Common.DTOs.SlackAppDTOs.SlackMessageDto::get_HasMore()
FNDA:0,System.Boolean Common.DTOs.SlackAppDTOs.SlackMessageDto::get_HasMore()
DA:19,0
FN:21,System.Int64 Common.DTOs.SlackAppDTOs.SlackMessageDto::get_PinCount()
FNDA:0,System.Int64 Common.DTOs.SlackAppDTOs.SlackMessageDto::get_PinCount()
DA:22,0
FN:24,System.Object Common.DTOs.SlackAppDTOs.SlackMessageDto::get_ChannelActionsTs()
FNDA:0,System.Object Common.DTOs.SlackAppDTOs.SlackMessageDto::get_ChannelActionsTs()
DA:25,0
FN:27,System.Int64 Common.DTOs.SlackAppDTOs.SlackMessageDto::get_ChannelActionsCount()
FNDA:0,System.Int64 Common.DTOs.SlackAppDTOs.SlackMessageDto::get_ChannelActionsCount()
DA:28,0
FN:30,Common.DTOs.SlackAppDTOs.ResponseMetadata Common.DTOs.SlackAppDTOs.SlackMessageDto::get_ResponseMetadata()
FNDA:0,Common.DTOs.SlackAppDTOs.ResponseMetadata Common.DTOs.SlackAppDTOs.SlackMessageDto::get_ResponseMetadata()
DA:31,0
FN:36,System.Guid Common.DTOs.SlackAppDTOs.MessageDetailsDto::get_ClientMsgId()
FNDA:0,System.Guid Common.DTOs.SlackAppDTOs.MessageDetailsDto::get_ClientMsgId()
DA:37,0
FN:39,System.String Common.DTOs.SlackAppDTOs.MessageDetailsDto::get_Type()
FNDA:0,System.String Common.DTOs.SlackAppDTOs.MessageDetailsDto::get_Type()
DA:40,0
FN:42,System.String Common.DTOs.SlackAppDTOs.MessageDetailsDto::get_Text()
FNDA:0,System.String Common.DTOs.SlackAppDTOs.MessageDetailsDto::get_Text()
DA:43,0
FN:45,System.String Common.DTOs.SlackAppDTOs.MessageDetailsDto::get_User()
FNDA:0,System.String Common.DTOs.SlackAppDTOs.MessageDetailsDto::get_User()
DA:46,0
FN:48,System.String Common.DTOs.SlackAppDTOs.MessageDetailsDto::get_Ts()
FNDA:0,System.String Common.DTOs.SlackAppDTOs.MessageDetailsDto::get_Ts()
DA:49,0
FN:51,System.String Common.DTOs.SlackAppDTOs.MessageDetailsDto::get_Team()
FNDA:0,System.String Common.DTOs.SlackAppDTOs.MessageDetailsDto::get_Team()
DA:52,0
FN:54,System.Collections.Generic.List`1<Common.DTOs.SlackAppDTOs.Block> Common.DTOs.SlackAppDTOs.MessageDetailsDto::get_Blocks()
FNDA:0,System.Collections.Generic.List`1<Common.DTOs.SlackAppDTOs.Block> Common.DTOs.SlackAppDTOs.MessageDetailsDto::get_Blocks()
DA:55,0
FN:57,System.Collections.Generic.List`1<Common.DTOs.SlackAppDTOs.Reaction> Common.DTOs.SlackAppDTOs.MessageDetailsDto::get_Reactions()
FNDA:0,System.Collections.Generic.List`1<Common.DTOs.SlackAppDTOs.Reaction> Common.DTOs.SlackAppDTOs.MessageDetailsDto::get_Reactions()
DA:58,0
FN:63,System.String Common.DTOs.SlackAppDTOs.Block::get_Type()
FNDA:0,System.String Common.DTOs.SlackAppDTOs.Block::get_Type()
DA:64,0
FN:66,System.String Common.DTOs.SlackAppDTOs.Block::get_BlockId()
FNDA:0,System.String Common.DTOs.SlackAppDTOs.Block::get_BlockId()
DA:67,0
FN:69,System.Collections.Generic.List`1<Common.DTOs.SlackAppDTOs.BlockElement> Common.DTOs.SlackAppDTOs.Block::get_Elements()
FNDA:0,System.Collections.Generic.List`1<Common.DTOs.SlackAppDTOs.BlockElement> Common.DTOs.SlackAppDTOs.Block::get_Elements()
DA:70,0
FN:75,System.String Common.DTOs.SlackAppDTOs.BlockElement::get_Type()
FNDA:0,System.String Common.DTOs.SlackAppDTOs.BlockElement::get_Type()
DA:76,0
FN:78,System.Collections.Generic.List`1<Common.DTOs.SlackAppDTOs.ElementElementClass> Common.DTOs.SlackAppDTOs.BlockElement::get_Elements()
FNDA:0,System.Collections.Generic.List`1<Common.DTOs.SlackAppDTOs.ElementElementClass> Common.DTOs.SlackAppDTOs.BlockElement::get_Elements()
DA:79,0
FN:84,System.String Common.DTOs.SlackAppDTOs.ElementElementClass::get_Type()
FNDA:0,System.String Common.DTOs.SlackAppDTOs.ElementElementClass::get_Type()
DA:85,0
FN:87,System.String Common.DTOs.SlackAppDTOs.ElementElementClass::get_Text()
FNDA:0,System.String Common.DTOs.SlackAppDTOs.ElementElementClass::get_Text()
DA:88,0
FN:93,System.String Common.DTOs.SlackAppDTOs.Reaction::get_Name()
FNDA:0,System.String Common.DTOs.SlackAppDTOs.Reaction::get_Name()
DA:94,0
FN:96,System.Collections.Generic.List`1<System.String> Common.DTOs.SlackAppDTOs.Reaction::get_Users()
FNDA:0,System.Collections.Generic.List`1<System.String> Common.DTOs.SlackAppDTOs.Reaction::get_Users()
DA:97,0
FN:99,System.Int64 Common.DTOs.SlackAppDTOs.Reaction::get_Count()
FNDA:0,System.Int64 Common.DTOs.SlackAppDTOs.Reaction::get_Count()
DA:100,0
FN:105,System.String Common.DTOs.SlackAppDTOs.ResponseMetadata::get_NextCursor()
FNDA:0,System.String Common.DTOs.SlackAppDTOs.ResponseMetadata::get_NextCursor()
DA:106,0
LF:27
LH:0
BRF:0
BRH:0
FNF:27
FNH:0
end_of_record
SF:/Users/roymoran/docs/src/projectunicorn/pub-api/src/Pub/Common/DTOs/SlackAppDtos/SlackUserDto.cs
FN:7,System.String Common.DTOs.SlackAppDTOs.SlackUserDto::get_SlackId()
FNDA:0,System.String Common.DTOs.SlackAppDTOs.SlackUserDto::get_SlackId()
DA:8,0
FN:9,System.String Common.DTOs.SlackAppDTOs.SlackUserDto::get_SlackTeamId()
FNDA:0,System.String Common.DTOs.SlackAppDTOs.SlackUserDto::get_SlackTeamId()
DA:10,0
FN:11,System.String Common.DTOs.SlackAppDTOs.SlackUserDto::get_Name()
FNDA:0,System.String Common.DTOs.SlackAppDTOs.SlackUserDto::get_Name()
DA:12,0
FN:13,System.Boolean Common.DTOs.SlackAppDTOs.SlackUserDto::get_SlackDeleted()
FNDA:0,System.Boolean Common.DTOs.SlackAppDTOs.SlackUserDto::get_SlackDeleted()
DA:14,0
FN:15,System.String Common.DTOs.SlackAppDTOs.SlackUserDto::get_Color()
FNDA:0,System.String Common.DTOs.SlackAppDTOs.SlackUserDto::get_Color()
DA:16,0
FN:17,System.String Common.DTOs.SlackAppDTOs.SlackUserDto::get_DisplayName()
FNDA:0,System.String Common.DTOs.SlackAppDTOs.SlackUserDto::get_DisplayName()
DA:18,0
FN:19,System.String Common.DTOs.SlackAppDTOs.SlackUserDto::get_Timezone()
FNDA:0,System.String Common.DTOs.SlackAppDTOs.SlackUserDto::get_Timezone()
DA:20,0
FN:21,System.String Common.DTOs.SlackAppDTOs.SlackUserDto::get_TimezoneLabel()
FNDA:0,System.String Common.DTOs.SlackAppDTOs.SlackUserDto::get_TimezoneLabel()
DA:22,0
FN:23,System.Int32 Common.DTOs.SlackAppDTOs.SlackUserDto::get_TimezoneLabelOffset()
FNDA:0,System.Int32 Common.DTOs.SlackAppDTOs.SlackUserDto::get_TimezoneLabelOffset()
DA:24,0
FN:25,Common.DTOs.SlackAppDTOs.SlackProfileDto Common.DTOs.SlackAppDTOs.SlackUserDto::get_Profile()
FNDA:0,Common.DTOs.SlackAppDTOs.SlackProfileDto Common.DTOs.SlackAppDTOs.SlackUserDto::get_Profile()
DA:26,0
FN:27,System.Boolean Common.DTOs.SlackAppDTOs.SlackUserDto::get_IsAdmin()
FNDA:0,System.Boolean Common.DTOs.SlackAppDTOs.SlackUserDto::get_IsAdmin()
DA:28,0
FN:29,System.Boolean Common.DTOs.SlackAppDTOs.SlackUserDto::get_IsOwner()
FNDA:0,System.Boolean Common.DTOs.SlackAppDTOs.SlackUserDto::get_IsOwner()
DA:30,0
FN:31,System.Boolean Common.DTOs.SlackAppDTOs.SlackUserDto::get_IsPrimaryOwner()
FNDA:0,System.Boolean Common.DTOs.SlackAppDTOs.SlackUserDto::get_IsPrimaryOwner()
DA:32,0
FN:33,System.Boolean Common.DTOs.SlackAppDTOs.SlackUserDto::get_IsRestricted()
FNDA:0,System.Boolean Common.DTOs.SlackAppDTOs.SlackUserDto::get_IsRestricted()
DA:34,0
FN:35,System.Boolean Common.DTOs.SlackAppDTOs.SlackUserDto::get_IsUltraRestricted()
FNDA:0,System.Boolean Common.DTOs.SlackAppDTOs.SlackUserDto::get_IsUltraRestricted()
DA:36,0
FN:37,System.Boolean Common.DTOs.SlackAppDTOs.SlackUserDto::get_IsBot()
FNDA:0,System.Boolean Common.DTOs.SlackAppDTOs.SlackUserDto::get_IsBot()
DA:38,0
FN:39,System.Boolean Common.DTOs.SlackAppDTOs.SlackUserDto::get_IsStranger()
FNDA:0,System.Boolean Common.DTOs.SlackAppDTOs.SlackUserDto::get_IsStranger()
DA:40,0
FN:41,System.Int32 Common.DTOs.SlackAppDTOs.SlackUserDto::get_Updated()
FNDA:0,System.Int32 Common.DTOs.SlackAppDTOs.SlackUserDto::get_Updated()
DA:42,0
FN:43,System.Boolean Common.DTOs.SlackAppDTOs.SlackUserDto::get_IsAppUser()
FNDA:0,System.Boolean Common.DTOs.SlackAppDTOs.SlackUserDto::get_IsAppUser()
DA:44,0
FN:45,System.Boolean Common.DTOs.SlackAppDTOs.SlackUserDto::get_Has2fa()
FNDA:0,System.Boolean Common.DTOs.SlackAppDTOs.SlackUserDto::get_Has2fa()
DA:46,0
FN:47,System.String Common.DTOs.SlackAppDTOs.SlackUserDto::get_Locale()
FNDA:0,System.String Common.DTOs.SlackAppDTOs.SlackUserDto::get_Locale()
DA:48,0
FN:53,System.String Common.DTOs.SlackAppDTOs.SlackProfileDto::get_AvatarHash()
FNDA:0,System.String Common.DTOs.SlackAppDTOs.SlackProfileDto::get_AvatarHash()
DA:54,0
FN:55,System.String Common.DTOs.SlackAppDTOs.SlackProfileDto::get_StatusText()
FNDA:0,System.String Common.DTOs.SlackAppDTOs.SlackProfileDto::get_StatusText()
DA:56,0
FN:57,System.String Common.DTOs.SlackAppDTOs.SlackProfileDto::get_StatusEmoji()
FNDA:0,System.String Common.DTOs.SlackAppDTOs.SlackProfileDto::get_StatusEmoji()
DA:58,0
FN:59,System.Int32 Common.DTOs.SlackAppDTOs.SlackProfileDto::get_StatusExpiration()
FNDA:0,System.Int32 Common.DTOs.SlackAppDTOs.SlackProfileDto::get_StatusExpiration()
DA:60,0
FN:61,System.String Common.DTOs.SlackAppDTOs.SlackProfileDto::get_RealName()
FNDA:0,System.String Common.DTOs.SlackAppDTOs.SlackProfileDto::get_RealName()
DA:62,0
FN:63,System.String Common.DTOs.SlackAppDTOs.SlackProfileDto::get_DisplayName()
FNDA:0,System.String Common.DTOs.SlackAppDTOs.SlackProfileDto::get_DisplayName()
DA:64,0
FN:65,System.String Common.DTOs.SlackAppDTOs.SlackProfileDto::get_RealNameNormalized()
FNDA:0,System.String Common.DTOs.SlackAppDTOs.SlackProfileDto::get_RealNameNormalized()
DA:66,0
FN:67,System.String Common.DTOs.SlackAppDTOs.SlackProfileDto::get_DisplayNameNormalized()
FNDA:0,System.String Common.DTOs.SlackAppDTOs.SlackProfileDto::get_DisplayNameNormalized()
DA:68,0
FN:69,System.String Common.DTOs.SlackAppDTOs.SlackProfileDto::get_Email()
FNDA:0,System.String Common.DTOs.SlackAppDTOs.SlackProfileDto::get_Email()
DA:70,0
FN:71,System.String Common.DTOs.SlackAppDTOs.SlackProfileDto::get_ImageOriginal()
FNDA:0,System.String Common.DTOs.SlackAppDTOs.SlackProfileDto::get_ImageOriginal()
DA:72,0
FN:73,System.String Common.DTOs.SlackAppDTOs.SlackProfileDto::get_Image24()
FNDA:0,System.String Common.DTOs.SlackAppDTOs.SlackProfileDto::get_Image24()
DA:74,0
FN:75,System.String Common.DTOs.SlackAppDTOs.SlackProfileDto::get_Image32()
FNDA:0,System.String Common.DTOs.SlackAppDTOs.SlackProfileDto::get_Image32()
DA:76,0
FN:77,System.String Common.DTOs.SlackAppDTOs.SlackProfileDto::get_Image48()
FNDA:0,System.String Common.DTOs.SlackAppDTOs.SlackProfileDto::get_Image48()
DA:78,0
FN:79,System.String Common.DTOs.SlackAppDTOs.SlackProfileDto::get_Image72()
FNDA:0,System.String Common.DTOs.SlackAppDTOs.SlackProfileDto::get_Image72()
DA:80,0
FN:81,System.String Common.DTOs.SlackAppDTOs.SlackProfileDto::get_Image192()
FNDA:0,System.String Common.DTOs.SlackAppDTOs.SlackProfileDto::get_Image192()
DA:82,0
FN:83,System.String Common.DTOs.SlackAppDTOs.SlackProfileDto::get_Image512()
FNDA:0,System.String Common.DTOs.SlackAppDTOs.SlackProfileDto::get_Image512()
DA:84,0
FN:85,System.String Common.DTOs.SlackAppDTOs.SlackProfileDto::get_Team()
FNDA:0,System.String Common.DTOs.SlackAppDTOs.SlackProfileDto::get_Team()
DA:86,0
LF:38
LH:0
BRF:0
BRH:0
FNF:38
FNH:0
end_of_record
SF:/Users/roymoran/docs/src/projectunicorn/pub-api/src/Pub/Common/DTOs/SlackAppDtos/SlackUserInfoDto.cs
FN:7,System.Boolean Common.DTOs.SlackAppDTOs.SlackUserInfoDto::get_Ok()
FNDA:0,System.Boolean Common.DTOs.SlackAppDTOs.SlackUserInfoDto::get_Ok()
DA:8,0
FN:9,Common.DTOs.SlackAppDTOs.SlackUserDto Common.DTOs.SlackAppDTOs.SlackUserInfoDto::get_User()
FNDA:0,Common.DTOs.SlackAppDTOs.SlackUserDto Common.DTOs.SlackAppDTOs.SlackUserInfoDto::get_User()
DA:10,0
LF:2
LH:0
BRF:0
BRH:0
FNF:2
FNH:0
end_of_record
SF:/Users/roymoran/docs/src/projectunicorn/pub-api/src/Pub/Common/DTOs/SlackAppDtos/TeamJoinEventDto.cs
FN:7,System.String Common.DTOs.SlackAppDTOs.TeamJoinEventDto::get_Type()
FNDA:0,System.String Common.DTOs.SlackAppDTOs.TeamJoinEventDto::get_Type()
DA:8,0
FN:9,System.String Common.DTOs.SlackAppDTOs.TeamJoinEventDto::get_EventTs()
FNDA:0,System.String Common.DTOs.SlackAppDTOs.TeamJoinEventDto::get_EventTs()
DA:10,0
FN:11,Common.DTOs.SlackAppDTOs.SlackUserDto Common.DTOs.SlackAppDTOs.TeamJoinEventDto::get_User()
FNDA:0,Common.DTOs.SlackAppDTOs.SlackUserDto Common.DTOs.SlackAppDTOs.TeamJoinEventDto::get_User()
DA:12,0
LF:3
LH:0
BRF:0
BRH:0
FNF:3
FNH:0
end_of_record
SF:/Users/roymoran/docs/src/projectunicorn/pub-api/src/Pub/Common/DTOs/MailDTOs/MailConfigDto.cs
FN:20,System.String Common.DTOs.MailDTOs.MailConfigDto::get_Name()
FNDA:0,System.String Common.DTOs.MailDTOs.MailConfigDto::get_Name()
DA:21,0
FN:21,Common.DTOs.MailDTOs.MailType Common.DTOs.MailDTOs.MailConfigDto::get_Type()
FNDA:0,Common.DTOs.MailDTOs.MailType Common.DTOs.MailDTOs.MailConfigDto::get_Type()
DA:22,0
FN:22,System.String Common.DTOs.MailDTOs.MailConfigDto::get_TemplateId()
FNDA:0,System.String Common.DTOs.MailDTOs.MailConfigDto::get_TemplateId()
DA:23,0
FN:23,System.Int32 Common.DTOs.MailDTOs.MailConfigDto::get_IntervalSeconds()
FNDA:0,System.Int32 Common.DTOs.MailDTOs.MailConfigDto::get_IntervalSeconds()
DA:24,0
FN:24,System.Nullable`1<System.DateTimeOffset> Common.DTOs.MailDTOs.MailConfigDto::get_LastSend()
FNDA:0,System.Nullable`1<System.DateTimeOffset> Common.DTOs.MailDTOs.MailConfigDto::get_LastSend()
DA:25,0
FN:25,System.Nullable`1<System.DateTimeOffset> Common.DTOs.MailDTOs.MailConfigDto::get_NextSend()
FNDA:0,System.Nullable`1<System.DateTimeOffset> Common.DTOs.MailDTOs.MailConfigDto::get_NextSend()
DA:26,0
FN:6,System.Void Common.DTOs.MailDTOs.MailConfigDto::.ctor()
FNDA:0,System.Void Common.DTOs.MailDTOs.MailConfigDto::.ctor()
DA:7,0
DA:8,0
DA:10,0
FN:10,System.Void Common.DTOs.MailDTOs.MailConfigDto::.ctor(System.String,Common.DTOs.MailDTOs.MailType,System.String,System.Int32,System.Nullable`1<System.DateTimeOffset>,System.Nullable`1<System.DateTimeOffset>)
FNDA:0,System.Void Common.DTOs.MailDTOs.MailConfigDto::.ctor(System.String,Common.DTOs.MailDTOs.MailType,System.String,System.Int32,System.Nullable`1<System.DateTimeOffset>,System.Nullable`1<System.DateTimeOffset>)
DA:11,0
DA:12,0
DA:13,0
DA:14,0
DA:15,0
DA:16,0
DA:17,0
DA:18,0
DA:19,0
LF:18
LH:0
BRF:0
BRH:0
FNF:8
FNH:0
end_of_record
SF:/Users/roymoran/docs/src/projectunicorn/pub-api/src/Pub/Common/DTOs/GitHubDTOs/AccessTokenDto.cs
FN:7,System.String Common.DTOs.GitHubDTOs.AccessTokenDto::get_Token()
FNDA:0,System.String Common.DTOs.GitHubDTOs.AccessTokenDto::get_Token()
DA:8,0
FN:9,System.String Common.DTOs.GitHubDTOs.AccessTokenDto::get_ExpiresAt()
FNDA:0,System.String Common.DTOs.GitHubDTOs.AccessTokenDto::get_ExpiresAt()
DA:10,0
LF:2
LH:0
BRF:0
BRH:0
FNF:2
FNH:0
end_of_record
SF:/Users/roymoran/docs/src/projectunicorn/pub-api/src/Pub/Common/DTOs/GitHubDTOs/OrganizationDto.cs
FN:8,System.String Common.DTOs.GitHubDTOs.OrganizationDto::get_Login()
FNDA:0,System.String Common.DTOs.GitHubDTOs.OrganizationDto::get_Login()
DA:9,0
FN:10,System.Int32 Common.DTOs.GitHubDTOs.OrganizationDto::get_Id()
FNDA:0,System.Int32 Common.DTOs.GitHubDTOs.OrganizationDto::get_Id()
DA:11,0
FN:12,System.String Common.DTOs.GitHubDTOs.OrganizationDto::get_NodeId()
FNDA:0,System.String Common.DTOs.GitHubDTOs.OrganizationDto::get_NodeId()
DA:13,0
FN:14,System.String Common.DTOs.GitHubDTOs.OrganizationDto::get_Url()
FNDA:0,System.String Common.DTOs.GitHubDTOs.OrganizationDto::get_Url()
DA:15,0
FN:16,System.String Common.DTOs.GitHubDTOs.OrganizationDto::get_ReposUrl()
FNDA:0,System.String Common.DTOs.GitHubDTOs.OrganizationDto::get_ReposUrl()
DA:17,0
FN:18,System.String Common.DTOs.GitHubDTOs.OrganizationDto::get_EventsUrl()
FNDA:0,System.String Common.DTOs.GitHubDTOs.OrganizationDto::get_EventsUrl()
DA:19,0
FN:20,System.String Common.DTOs.GitHubDTOs.OrganizationDto::get_HooksUrl()
FNDA:0,System.String Common.DTOs.GitHubDTOs.OrganizationDto::get_HooksUrl()
DA:21,0
FN:22,System.String Common.DTOs.GitHubDTOs.OrganizationDto::get_IssuesUrl()
FNDA:0,System.String Common.DTOs.GitHubDTOs.OrganizationDto::get_IssuesUrl()
DA:23,0
FN:24,System.String Common.DTOs.GitHubDTOs.OrganizationDto::get_MembersUrl()
FNDA:0,System.String Common.DTOs.GitHubDTOs.OrganizationDto::get_MembersUrl()
DA:25,0
FN:26,System.String Common.DTOs.GitHubDTOs.OrganizationDto::get_PublicMembersUrl()
FNDA:0,System.String Common.DTOs.GitHubDTOs.OrganizationDto::get_PublicMembersUrl()
DA:27,0
FN:28,System.String Common.DTOs.GitHubDTOs.OrganizationDto::get_AvatarUrl()
FNDA:0,System.String Common.DTOs.GitHubDTOs.OrganizationDto::get_AvatarUrl()
DA:29,0
FN:30,System.String Common.DTOs.GitHubDTOs.OrganizationDto::get_Description()
FNDA:0,System.String Common.DTOs.GitHubDTOs.OrganizationDto::get_Description()
DA:31,0
LF:12
LH:0
BRF:0
BRH:0
FNF:12
FNH:0
end_of_record
SF:/Users/roymoran/docs/src/projectunicorn/pub-api/src/Pub/Common/DTOs/GitHubDTOs/OrganizationMembershipDto.cs
FN:8,System.String Common.DTOs.GitHubDTOs.OrganizationMembershipDto::get_Url()
FNDA:0,System.String Common.DTOs.GitHubDTOs.OrganizationMembershipDto::get_Url()
DA:9,0
FN:10,System.String Common.DTOs.GitHubDTOs.OrganizationMembershipDto::get_State()
FNDA:0,System.String Common.DTOs.GitHubDTOs.OrganizationMembershipDto::get_State()
DA:11,0
FN:12,System.String Common.DTOs.GitHubDTOs.OrganizationMembershipDto::get_Role()
FNDA:0,System.String Common.DTOs.GitHubDTOs.OrganizationMembershipDto::get_Role()
DA:13,0
FN:14,System.String Common.DTOs.GitHubDTOs.OrganizationMembershipDto::get_OrganizationUrl()
FNDA:0,System.String Common.DTOs.GitHubDTOs.OrganizationMembershipDto::get_OrganizationUrl()
DA:15,0
FN:16,Common.DTOs.GitHubDTOs.OrganizationDto Common.DTOs.GitHubDTOs.OrganizationMembershipDto::get_Organization()
FNDA:0,Common.DTOs.GitHubDTOs.OrganizationDto Common.DTOs.GitHubDTOs.OrganizationMembershipDto::get_Organization()
DA:17,0
FN:18,Common.DTOs.GitHubDTOs.UserDto Common.DTOs.GitHubDTOs.OrganizationMembershipDto::get_User()
FNDA:0,Common.DTOs.GitHubDTOs.UserDto Common.DTOs.GitHubDTOs.OrganizationMembershipDto::get_User()
DA:19,0
LF:6
LH:0
BRF:0
BRH:0
FNF:6
FNH:0
end_of_record
SF:/Users/roymoran/docs/src/projectunicorn/pub-api/src/Pub/Common/DTOs/GitHubDTOs/UserDto.cs
FN:8,System.String Common.DTOs.GitHubDTOs.UserDto::get_Login()
FNDA:0,System.String Common.DTOs.GitHubDTOs.UserDto::get_Login()
DA:9,0
FN:10,System.Int32 Common.DTOs.GitHubDTOs.UserDto::get_Id()
FNDA:0,System.Int32 Common.DTOs.GitHubDTOs.UserDto::get_Id()
DA:11,0
FN:12,System.String Common.DTOs.GitHubDTOs.UserDto::get_NodeId()
FNDA:0,System.String Common.DTOs.GitHubDTOs.UserDto::get_NodeId()
DA:13,0
FN:14,System.String Common.DTOs.GitHubDTOs.UserDto::get_AvatarUrl()
FNDA:0,System.String Common.DTOs.GitHubDTOs.UserDto::get_AvatarUrl()
DA:15,0
FN:16,System.String Common.DTOs.GitHubDTOs.UserDto::get_GravatarId()
FNDA:0,System.String Common.DTOs.GitHubDTOs.UserDto::get_GravatarId()
DA:17,0
FN:18,System.String Common.DTOs.GitHubDTOs.UserDto::get_Url()
FNDA:0,System.String Common.DTOs.GitHubDTOs.UserDto::get_Url()
DA:19,0
FN:20,System.String Common.DTOs.GitHubDTOs.UserDto::get_HtmlUrl()
FNDA:0,System.String Common.DTOs.GitHubDTOs.UserDto::get_HtmlUrl()
DA:21,0
FN:22,System.String Common.DTOs.GitHubDTOs.UserDto::get_FollowersUrl()
FNDA:0,System.String Common.DTOs.GitHubDTOs.UserDto::get_FollowersUrl()
DA:23,0
FN:24,System.String Common.DTOs.GitHubDTOs.UserDto::get_FollowingUrl()
FNDA:0,System.String Common.DTOs.GitHubDTOs.UserDto::get_FollowingUrl()
DA:25,0
FN:26,System.String Common.DTOs.GitHubDTOs.UserDto::get_GistsUrl()
FNDA:0,System.String Common.DTOs.GitHubDTOs.UserDto::get_GistsUrl()
DA:27,0
FN:28,System.String Common.DTOs.GitHubDTOs.UserDto::get_StarredUrl()
FNDA:0,System.String Common.DTOs.GitHubDTOs.UserDto::get_StarredUrl()
DA:29,0
FN:30,System.String Common.DTOs.GitHubDTOs.UserDto::get_SubscriptionsUrl()
FNDA:0,System.String Common.DTOs.GitHubDTOs.UserDto::get_SubscriptionsUrl()
DA:31,0
FN:32,System.String Common.DTOs.GitHubDTOs.UserDto::get_OrganizationsUrl()
FNDA:0,System.String Common.DTOs.GitHubDTOs.UserDto::get_OrganizationsUrl()
DA:33,0
FN:34,System.String Common.DTOs.GitHubDTOs.UserDto::get_ReposUrl()
FNDA:0,System.String Common.DTOs.GitHubDTOs.UserDto::get_ReposUrl()
DA:35,0
FN:36,System.String Common.DTOs.GitHubDTOs.UserDto::get_EventsUrl()
FNDA:0,System.String Common.DTOs.GitHubDTOs.UserDto::get_EventsUrl()
DA:37,0
FN:38,System.String Common.DTOs.GitHubDTOs.UserDto::get_ReceivedEventsUrl()
FNDA:0,System.String Common.DTOs.GitHubDTOs.UserDto::get_ReceivedEventsUrl()
DA:39,0
FN:40,System.String Common.DTOs.GitHubDTOs.UserDto::get_Type()
FNDA:0,System.String Common.DTOs.GitHubDTOs.UserDto::get_Type()
DA:41,0
FN:42,System.Boolean Common.DTOs.GitHubDTOs.UserDto::get_SiteAdmin()
FNDA:0,System.Boolean Common.DTOs.GitHubDTOs.UserDto::get_SiteAdmin()
DA:43,0
LF:18
LH:0
BRF:0
BRH:0
FNF:18
FNH:0
end_of_record
SF:/Users/roymoran/docs/src/projectunicorn/pub-api/src/Pub/Common/DTOs/DiscordDTOs/InviteDto.cs
FN:8,System.String Common.DTOs.DiscordDTOs.InviteDto::get_Code()
FNDA:4,System.String Common.DTOs.DiscordDTOs.InviteDto::get_Code()
DA:9,4
FN:10,Common.DTOs.DiscordDTOs.Guild Common.DTOs.DiscordDTOs.InviteDto::get_Guild()
FNDA:2,Common.DTOs.DiscordDTOs.Guild Common.DTOs.DiscordDTOs.InviteDto::get_Guild()
DA:11,2
FN:12,Common.DTOs.DiscordDTOs.Channel Common.DTOs.DiscordDTOs.InviteDto::get_Channel()
FNDA:2,Common.DTOs.DiscordDTOs.Channel Common.DTOs.DiscordDTOs.InviteDto::get_Channel()
DA:13,2
FN:14,Common.DTOs.DiscordDTOs.Inviter Common.DTOs.DiscordDTOs.InviteDto::get_Inviter()
FNDA:2,Common.DTOs.DiscordDTOs.Inviter Common.DTOs.DiscordDTOs.InviteDto::get_Inviter()
DA:15,2
FN:16,Common.DTOs.DiscordDTOs.Inviter Common.DTOs.DiscordDTOs.InviteDto::get_TargetUser()
FNDA:0,Common.DTOs.DiscordDTOs.Inviter Common.DTOs.DiscordDTOs.InviteDto::get_TargetUser()
DA:17,0
FN:18,System.Int64 Common.DTOs.DiscordDTOs.InviteDto::get_TargetUserType()
FNDA:0,System.Int64 Common.DTOs.DiscordDTOs.InviteDto::get_TargetUserType()
DA:19,0
FN:24,System.String Common.DTOs.DiscordDTOs.Channel::get_Id()
FNDA:0,System.String Common.DTOs.DiscordDTOs.Channel::get_Id()
DA:25,0
FN:26,System.String Common.DTOs.DiscordDTOs.Channel::get_Name()
FNDA:0,System.String Common.DTOs.DiscordDTOs.Channel::get_Name()
DA:27,0
FN:28,System.Int64 Common.DTOs.DiscordDTOs.Channel::get_Type()
FNDA:0,System.Int64 Common.DTOs.DiscordDTOs.Channel::get_Type()
DA:29,0
FN:34,System.String Common.DTOs.DiscordDTOs.Guild::get_Id()
FNDA:0,System.String Common.DTOs.DiscordDTOs.Guild::get_Id()
DA:35,0
FN:36,System.String Common.DTOs.DiscordDTOs.Guild::get_Name()
FNDA:0,System.String Common.DTOs.DiscordDTOs.Guild::get_Name()
DA:37,0
FN:38,System.Object Common.DTOs.DiscordDTOs.Guild::get_Splash()
FNDA:0,System.Object Common.DTOs.DiscordDTOs.Guild::get_Splash()
DA:39,0
FN:40,System.Object Common.DTOs.DiscordDTOs.Guild::get_Icon()
FNDA:0,System.Object Common.DTOs.DiscordDTOs.Guild::get_Icon()
DA:41,0
FN:46,System.String Common.DTOs.DiscordDTOs.Inviter::get_Id()
FNDA:0,System.String Common.DTOs.DiscordDTOs.Inviter::get_Id()
DA:47,0
FN:48,System.String Common.DTOs.DiscordDTOs.Inviter::get_Username()
FNDA:0,System.String Common.DTOs.DiscordDTOs.Inviter::get_Username()
DA:49,0
FN:50,System.String Common.DTOs.DiscordDTOs.Inviter::get_Avatar()
FNDA:0,System.String Common.DTOs.DiscordDTOs.Inviter::get_Avatar()
DA:51,0
FN:52,System.Int64 Common.DTOs.DiscordDTOs.Inviter::get_Discriminator()
FNDA:0,System.Int64 Common.DTOs.DiscordDTOs.Inviter::get_Discriminator()
DA:53,0
LF:17
LH:4
BRF:0
BRH:0
FNF:17
FNH:4
end_of_record
SF:/Users/roymoran/docs/src/projectunicorn/pub-api/src/Pub/Common/AppSettings/AppSettings.cs
FN:10,System.String Common.AppSettings.AppSettings::get_ApiV1()
FNDA:0,System.String Common.AppSettings.AppSettings::get_ApiV1()
DA:11,0
FN:11,System.String Common.AppSettings.AppSettings::get_ApiName()
FNDA:0,System.String Common.AppSettings.AppSettings::get_ApiName()
DA:12,0
FN:12,System.String Common.AppSettings.AppSettings::get_Env()
FNDA:0,System.String Common.AppSettings.AppSettings::get_Env()
DA:13,0
FN:13,System.String Common.AppSettings.AppSettings::get_JwtAudience()
FNDA:0,System.String Common.AppSettings.AppSettings::get_JwtAudience()
DA:14,0
FN:14,System.String Common.AppSettings.AppSettings::get_JwtIssuer()
FNDA:0,System.String Common.AppSettings.AppSettings::get_JwtIssuer()
DA:15,0
FN:15,System.String Common.AppSettings.AppSettings::get_JwtSecretKey()
FNDA:0,System.String Common.AppSettings.AppSettings::get_JwtSecretKey()
DA:16,0
FN:16,System.String Common.AppSettings.AppSettings::get_ConnectionString()
FNDA:0,System.String Common.AppSettings.AppSettings::get_ConnectionString()
DA:17,0
FN:17,Common.Contracts.IEmailConfiguration Common.AppSettings.AppSettings::get_EmailConfiguration()
FNDA:0,Common.Contracts.IEmailConfiguration Common.AppSettings.AppSettings::get_EmailConfiguration()
DA:18,0
FN:18,System.String Common.AppSettings.AppSettings::get_FeedbackRecipients()
FNDA:0,System.String Common.AppSettings.AppSettings::get_FeedbackRecipients()
DA:19,0
FN:19,System.String Common.AppSettings.AppSettings::get_ApiKey()
FNDA:0,System.String Common.AppSettings.AppSettings::get_ApiKey()
DA:20,0
FN:20,System.String Common.AppSettings.AppSettings::get_PubSlackAppQueueName()
FNDA:0,System.String Common.AppSettings.AppSettings::get_PubSlackAppQueueName()
DA:21,0
FN:23,System.String Common.AppSettings.AppSettings::get_MainUrl()
FNDA:0,System.String Common.AppSettings.AppSettings::get_MainUrl()
DA:24,0
FN:24,System.String Common.AppSettings.AppSettings::get_SlackSigningSecret()
FNDA:0,System.String Common.AppSettings.AppSettings::get_SlackSigningSecret()
DA:25,0
FN:25,System.String Common.AppSettings.AppSettings::get_IntroductionChannelId()
FNDA:0,System.String Common.AppSettings.AppSettings::get_IntroductionChannelId()
DA:26,0
FN:26,System.String Common.AppSettings.AppSettings::get_PrivateIntroChannelId()
FNDA:0,System.String Common.AppSettings.AppSettings::get_PrivateIntroChannelId()
DA:27,0
FN:27,System.String Common.AppSettings.AppSettings::get_PrivateRegistrationChannelId()
FNDA:0,System.String Common.AppSettings.AppSettings::get_PrivateRegistrationChannelId()
DA:28,0
FN:28,System.String Common.AppSettings.AppSettings::get_PrivateProjectsChannelId()
FNDA:0,System.String Common.AppSettings.AppSettings::get_PrivateProjectsChannelId()
DA:29,0
FN:29,System.String Common.AppSettings.AppSettings::get_PrivateFeedbackChannelId()
FNDA:0,System.String Common.AppSettings.AppSettings::get_PrivateFeedbackChannelId()
DA:30,0
FN:30,System.String Common.AppSettings.AppSettings::get_ProjectIdeasChannelId()
FNDA:0,System.String Common.AppSettings.AppSettings::get_ProjectIdeasChannelId()
DA:31,0
FN:32,System.String Common.AppSettings.AppSettings::get_SlackAuthToken()
FNDA:0,System.String Common.AppSettings.AppSettings::get_SlackAuthToken()
DA:33,0
FN:33,System.String Common.AppSettings.AppSettings::get_GitHubOrganization()
FNDA:0,System.String Common.AppSettings.AppSettings::get_GitHubOrganization()
DA:34,0
FN:34,System.String Common.AppSettings.AppSettings::get_GitHubAppId()
FNDA:0,System.String Common.AppSettings.AppSettings::get_GitHubAppId()
DA:35,0
FN:35,System.String Common.AppSettings.AppSettings::get_GitHubAppInstallationId()
FNDA:0,System.String Common.AppSettings.AppSettings::get_GitHubAppInstallationId()
DA:36,0
FN:36,System.String Common.AppSettings.AppSettings::get_GitHubAppPrivateRSAKey()
FNDA:0,System.String Common.AppSettings.AppSettings::get_GitHubAppPrivateRSAKey()
DA:37,0
FN:37,System.String Common.AppSettings.AppSettings::get_GitHubInstallationAccessToken()
FNDA:0,System.String Common.AppSettings.AppSettings::get_GitHubInstallationAccessToken()
DA:38,0
FN:38,System.String Common.AppSettings.AppSettings::get_PrivilegedMembers()
FNDA:0,System.String Common.AppSettings.AppSettings::get_PrivilegedMembers()
DA:39,0
FN:41,System.String Common.AppSettings.AppSettings::get_SendGridTemplatesApiKey()
FNDA:0,System.String Common.AppSettings.AppSettings::get_SendGridTemplatesApiKey()
DA:42,0
FN:42,System.String Common.AppSettings.AppSettings::get_ServiceBusConnectionString()
FNDA:0,System.String Common.AppSettings.AppSettings::get_ServiceBusConnectionString()
DA:43,0
FN:43,System.String Common.AppSettings.AppSettings::get_ServiceBusQueueName()
FNDA:0,System.String Common.AppSettings.AppSettings::get_ServiceBusQueueName()
DA:44,0
FN:44,System.String Common.AppSettings.AppSettings::get_TableStorageConnectionString()
FNDA:0,System.String Common.AppSettings.AppSettings::get_TableStorageConnectionString()
DA:45,0
FN:45,System.String Common.AppSettings.AppSettings::get_StorageTableName()
FNDA:0,System.String Common.AppSettings.AppSettings::get_StorageTableName()
DA:46,0
LF:31
LH:0
BRF:0
BRH:0
FNF:31
FNH:0
end_of_record
SF:/Users/roymoran/docs/src/projectunicorn/pub-api/src/Pub/Common/AppSettings/Settings.cs
FN:8,System.String Common.AppSettings.Settings::get_ApiV1()
FNDA:0,System.String Common.AppSettings.Settings::get_ApiV1()
DA:9,0
FN:9,System.String Common.AppSettings.Settings::get_ApiName()
FNDA:0,System.String Common.AppSettings.Settings::get_ApiName()
DA:10,0
FN:10,System.String Common.AppSettings.Settings::get_Env()
FNDA:0,System.String Common.AppSettings.Settings::get_Env()
DA:11,0
FN:11,System.String Common.AppSettings.Settings::get_JwtAudience()
FNDA:0,System.String Common.AppSettings.Settings::get_JwtAudience()
DA:12,0
FN:12,System.String Common.AppSettings.Settings::get_JwtIssuer()
FNDA:0,System.String Common.AppSettings.Settings::get_JwtIssuer()
DA:13,0
FN:13,System.String Common.AppSettings.Settings::get_JwtSecretKey()
FNDA:0,System.String Common.AppSettings.Settings::get_JwtSecretKey()
DA:14,0
FN:14,System.String Common.AppSettings.Settings::get_ConnectionString()
FNDA:0,System.String Common.AppSettings.Settings::get_ConnectionString()
DA:15,0
FN:15,Common.Contracts.IEmailConfiguration Common.AppSettings.Settings::get_EmailConfiguration()
FNDA:0,Common.Contracts.IEmailConfiguration Common.AppSettings.Settings::get_EmailConfiguration()
DA:16,0
FN:16,System.String Common.AppSettings.Settings::get_FeedbackRecipients()
FNDA:0,System.String Common.AppSettings.Settings::get_FeedbackRecipients()
DA:17,0
FN:17,System.String Common.AppSettings.Settings::get_ApiKey()
FNDA:0,System.String Common.AppSettings.Settings::get_ApiKey()
DA:18,0
FN:18,System.String Common.AppSettings.Settings::get_PubSlackAppQueueName()
FNDA:0,System.String Common.AppSettings.Settings::get_PubSlackAppQueueName()
DA:19,0
FN:21,System.String Common.AppSettings.Settings::get_MainUrl()
FNDA:0,System.String Common.AppSettings.Settings::get_MainUrl()
DA:22,0
FN:22,System.String Common.AppSettings.Settings::get_SlackSigningSecret()
FNDA:0,System.String Common.AppSettings.Settings::get_SlackSigningSecret()
DA:23,0
FN:23,System.String Common.AppSettings.Settings::get_IntroductionChannelId()
FNDA:0,System.String Common.AppSettings.Settings::get_IntroductionChannelId()
DA:24,0
FN:24,System.String Common.AppSettings.Settings::get_PrivateIntroChannelId()
FNDA:0,System.String Common.AppSettings.Settings::get_PrivateIntroChannelId()
DA:25,0
FN:25,System.String Common.AppSettings.Settings::get_PrivateRegistrationChannelId()
FNDA:0,System.String Common.AppSettings.Settings::get_PrivateRegistrationChannelId()
DA:26,0
FN:26,System.String Common.AppSettings.Settings::get_PrivateProjectsChannelId()
FNDA:0,System.String Common.AppSettings.Settings::get_PrivateProjectsChannelId()
DA:27,0
FN:27,System.String Common.AppSettings.Settings::get_PrivateFeedbackChannelId()
FNDA:0,System.String Common.AppSettings.Settings::get_PrivateFeedbackChannelId()
DA:28,0
FN:28,System.String Common.AppSettings.Settings::get_ProjectIdeasChannelId()
FNDA:0,System.String Common.AppSettings.Settings::get_ProjectIdeasChannelId()
DA:29,0
FN:29,System.String Common.AppSettings.Settings::get_SlackAuthToken()
FNDA:0,System.String Common.AppSettings.Settings::get_SlackAuthToken()
DA:30,0
FN:30,System.String Common.AppSettings.Settings::get_GitHubOrganization()
FNDA:0,System.String Common.AppSettings.Settings::get_GitHubOrganization()
DA:31,0
FN:31,System.String Common.AppSettings.Settings::get_GitHubAppId()
FNDA:0,System.String Common.AppSettings.Settings::get_GitHubAppId()
DA:32,0
FN:32,System.String Common.AppSettings.Settings::get_GitHubAppInstallationId()
FNDA:0,System.String Common.AppSettings.Settings::get_GitHubAppInstallationId()
DA:33,0
FN:33,System.String Common.AppSettings.Settings::get_GitHubAppPrivateRSAKey()
FNDA:0,System.String Common.AppSettings.Settings::get_GitHubAppPrivateRSAKey()
DA:34,0
FN:34,System.String Common.AppSettings.Settings::get_GitHubInstallationAccessToken()
FNDA:0,System.String Common.AppSettings.Settings::get_GitHubInstallationAccessToken()
DA:35,0
FN:35,System.String Common.AppSettings.Settings::get_PrivilegedMembers()
FNDA:0,System.String Common.AppSettings.Settings::get_PrivilegedMembers()
DA:36,0
FN:38,System.String Common.AppSettings.Settings::get_SendGridTemplatesApiKey()
FNDA:0,System.String Common.AppSettings.Settings::get_SendGridTemplatesApiKey()
DA:39,0
FN:39,System.String Common.AppSettings.Settings::get_ServiceBusConnectionString()
FNDA:0,System.String Common.AppSettings.Settings::get_ServiceBusConnectionString()
DA:40,0
FN:40,System.String Common.AppSettings.Settings::get_ServiceBusQueueName()
FNDA:0,System.String Common.AppSettings.Settings::get_ServiceBusQueueName()
DA:41,0
FN:41,System.String Common.AppSettings.Settings::get_TableStorageConnectionString()
FNDA:0,System.String Common.AppSettings.Settings::get_TableStorageConnectionString()
DA:42,0
FN:42,System.String Common.AppSettings.Settings::get_StorageTableName()
FNDA:0,System.String Common.AppSettings.Settings::get_StorageTableName()
DA:43,0
FN:43,System.String Common.AppSettings.Settings::get_MailTrackingTableName()
FNDA:0,System.String Common.AppSettings.Settings::get_MailTrackingTableName()
DA:44,0
FN:46,System.String Common.AppSettings.Settings::get_PubApiEndpoint()
FNDA:0,System.String Common.AppSettings.Settings::get_PubApiEndpoint()
DA:47,0
LF:33
LH:0
BRF:0
BRH:0
FNF:33
FNH:0
end_of_record